Log file open, 11/11/22 12:02:27
LogWindows: Failed to load 'aqProf.dll' (GetLastError=126)
LogWindows: File 'aqProf.dll' does not exist
LogWindows: Failed to load 'VtuneApi.dll' (GetLastError=126)
LogWindows: File 'VtuneApi.dll' does not exist
LogWindows: Failed to load 'VtuneApi32e.dll' (GetLastError=126)
LogWindows: File 'VtuneApi32e.dll' does not exist
LogConsoleResponse: Display: Failed to find resolution value strings in scalability ini. Falling back to default.
LogConsoleResponse: Display: Failed to find resolution value strings in scalability ini. Falling back to default.
LogPlatformFile: Not using cached read wrapper
LogInit: Display: No sandbox specified, assuming ../../Saved/Cooked/WindowsNoEditor
LogTaskGraph: Started task graph with 5 named threads and 47 total threads with 3 sets of task threads.
LogStats: Stats thread started at 0.125916
LogICUInternationalization: ICU TimeZone Detection - Raw Offset: +1:00, Platform Override: ''
LogInit: Display: Loading text-based GConfig....
LogPluginManager: Mounting plugin MeshPainting
LogPluginManager: Mounting plugin XGEController
LogPluginManager: Mounting plugin Paper2D
LogPluginManager: Mounting plugin AISupport
LogPluginManager: Mounting plugin EnvironmentQueryEditor
LogPluginManager: Mounting plugin LiveLink
LogPluginManager: Mounting plugin LightPropagationVolume
LogPluginManager: Mounting plugin CameraShakePreviewer
LogPluginManager: Mounting plugin GameplayCameras
LogPluginManager: Mounting plugin OodleData
LogPluginManager: Mounting plugin OodleNetwork
LogPluginManager: Mounting plugin AnimationSharing
LogPluginManager: Mounting plugin CLionSourceCodeAccess
LogPluginManager: Mounting plugin CodeLiteSourceCodeAccess
LogPluginManager: Mounting plugin GitSourceControl
LogPluginManager: Mounting plugin KDevelopSourceCodeAccess
LogPluginManager: Mounting plugin NullSourceCodeAccess
LogPluginManager: Mounting plugin PerforceSourceControl
LogPluginManager: Mounting plugin PixWinPlugin
LogPluginManager: Mounting plugin PlasticSourceControl
LogPluginManager: Mounting plugin PluginUtils
LogPluginManager: Mounting plugin PropertyAccessNode
LogPluginManager: Mounting plugin RiderSourceCodeAccess
LogPluginManager: Mounting plugin SubversionSourceControl
LogPluginManager: Mounting plugin TextureFormatOodle
LogPluginManager: Mounting plugin UObjectPlugin
LogPluginManager: Mounting plugin VisualStudioCodeSourceCodeAccess
LogPluginManager: Mounting plugin VisualStudioSourceCodeAccess
LogPluginManager: Mounting plugin AssetManagerEditor
LogPluginManager: Mounting plugin CryptoKeys
LogPluginManager: Mounting plugin CurveEditorTools
LogPluginManager: Mounting plugin DataValidation
LogPluginManager: Mounting plugin FacialAnimation
LogPluginManager: Mounting plugin GameplayTagsEditor
LogPluginManager: Mounting plugin GeometryMode
LogPluginManager: Mounting plugin MacGraphicsSwitching
LogPluginManager: Mounting plugin MaterialAnalyzer
LogPluginManager: Mounting plugin MobileLauncherProfileWizard
LogPluginManager: Mounting plugin PluginBrowser
LogPluginManager: Mounting plugin SpeedTreeImporter
LogPluginManager: Mounting plugin StylusInput
LogPluginManager: Mounting plugin DatasmithContent
LogPluginManager: Mounting plugin VariantManagerContent
LogPluginManager: Mounting plugin AlembicImporter
LogPluginManager: Mounting plugin AutomationUtils
LogPluginManager: Mounting plugin BackChannel
LogPluginManager: Mounting plugin ChaosCloth
LogPluginManager: Mounting plugin ChaosClothEditor
LogPluginManager: Mounting plugin ChaosEditor
LogPluginManager: Mounting plugin ChaosNiagara
LogPluginManager: Mounting plugin ChaosSolverPlugin
LogPluginManager: Mounting plugin CharacterAI
LogPluginManager: Mounting plugin GeometryCache
LogPluginManager: Mounting plugin GeometryCollectionPlugin
LogPluginManager: Mounting plugin GeometryProcessing
LogPluginManager: Mounting plugin MeshModelingToolset
LogPluginManager: Mounting plugin ModelingToolsEditorMode
LogPluginManager: Mounting plugin MotoSynth
LogPluginManager: Mounting plugin OpenImageDenoise
LogPluginManager: Mounting plugin PlanarCut
LogPluginManager: Mounting plugin PlatformCrypto
LogPluginManager: Mounting plugin ProxyLODPlugin
LogPluginManager: Mounting plugin PythonScriptPlugin
LogPluginManager: Mounting plugin SkeletalReduction
LogPluginManager: Mounting plugin Niagara
LogPluginManager: Mounting plugin MagicLeap
LogPluginManager: Mounting plugin MagicLeapLightEstimation
LogPluginManager: Mounting plugin MagicLeapPassableWorld
LogPluginManager: Mounting plugin MLSDK
LogPluginManager: Mounting plugin AndroidMedia
LogPluginManager: Mounting plugin AvfMedia
LogPluginManager: Mounting plugin ImgMedia
LogPluginManager: Mounting plugin MediaCompositing
LogPluginManager: Mounting plugin MediaPlayerEditor
LogPluginManager: Mounting plugin WebMMedia
LogPluginManager: Mounting plugin WmfMedia
LogPluginManager: Mounting plugin TcpMessaging
LogPluginManager: Mounting plugin UdpMessaging
LogPluginManager: Mounting plugin ActorSequence
LogPluginManager: Mounting plugin LevelSequenceEditor
LogPluginManager: Mounting plugin MatineeToLevelSequence
LogPluginManager: Mounting plugin TemplateSequence
LogPluginManager: Mounting plugin OnlineSubsystem
LogPluginManager: Mounting plugin OnlineSubsystemNull
LogPluginManager: Mounting plugin OnlineSubsystemUtils
LogPluginManager: Mounting plugin LauncherChunkInstaller
LogPluginManager: Mounting plugin ActorLayerUtilities
LogPluginManager: Mounting plugin AndroidDeviceProfileSelector
LogPluginManager: Mounting plugin AndroidMoviePlayer
LogPluginManager: Mounting plugin AndroidPermission
LogPluginManager: Mounting plugin AppleImageUtils
LogPluginManager: Mounting plugin AppleMoviePlayer
LogPluginManager: Mounting plugin ArchVisCharacter
LogPluginManager: Mounting plugin AssetTags
LogPluginManager: Mounting plugin AudioCapture
LogPluginManager: Mounting plugin AudioSynesthesia
LogPluginManager: Mounting plugin CableComponent
LogPluginManager: Mounting plugin ChunkDownloader
LogPluginManager: Mounting plugin CustomMeshComponent
LogPluginManager: Mounting plugin EditableMesh
LogPluginManager: Mounting plugin ExampleDeviceProfileSelector
LogPluginManager: Mounting plugin GoogleCloudMessaging
LogPluginManager: Mounting plugin GooglePAD
LogPluginManager: Mounting plugin HairStrands
LogPluginManager: Mounting plugin IOSDeviceProfileSelector
LogPluginManager: Mounting plugin LinuxDeviceProfileSelector
LogPluginManager: Mounting plugin LocationServicesBPLibrary
LogPluginManager: Mounting plugin MobilePatchingUtils
LogPluginManager: Mounting plugin OpenXR
LogPluginManager: Mounting plugin OpenXREyeTracker
LogPluginManager: Mounting plugin OpenXRHandTracking
LogPluginManager: Mounting plugin PhysXVehicles
LogPluginManager: Mounting plugin ProceduralMeshComponent
LogPluginManager: Mounting plugin PropertyAccessEditor
LogPluginManager: Mounting plugin RuntimePhysXCooking
LogPluginManager: Mounting plugin SignificanceManager
LogPluginManager: Mounting plugin SoundFields
LogPluginManager: Mounting plugin Synthesis
LogPluginManager: Mounting plugin WebMMoviePlayer
LogPluginManager: Mounting plugin WindowsMoviePlayer
LogPluginManager: Mounting plugin ScreenshotTools
LogPluginManager: Mounting plugin Takes
LogPluginManager: Mounting plugin ContentBrowserAssetDataSource
LogPluginManager: Mounting plugin ContentBrowserClassDataSource
LogPluginManager: Mounting plugin OculusVR
LogPluginManager: Mounting plugin SteamVR
PixWinPlugin: PIX capture plugin failed to initialize! Check that the process is launched from PIX.
LogLuminAPIImpl: Warning: MLSDK not found.  This likely means the MLSDK environment variable is not set.
LogInit: Using libcurl 7.55.1-DEV
LogInit:  - built for x86_64-pc-win32
LogInit:  - supports SSL with OpenSSL/1.1.1
LogInit:  - supports HTTP deflate (compression) using libz 1.2.8
LogInit:  - other features:
LogInit:      CURL_VERSION_SSL
LogInit:      CURL_VERSION_LIBZ
LogInit:      CURL_VERSION_IPV6
LogInit:      CURL_VERSION_ASYNCHDNS
LogInit:      CURL_VERSION_LARGEFILE
LogInit:      CURL_VERSION_IDN
LogInit:  CurlRequestOptions (configurable via config and command line):
LogInit:  - bVerifyPeer = true  - Libcurl will verify peer certificate
LogInit:  - bUseHttpProxy = false  - Libcurl will NOT use HTTP proxy
LogInit:  - bDontReuseConnections = false  - Libcurl will reuse connections
LogInit:  - MaxHostConnections = 16  - Libcurl will limit the number of connections to a host
LogInit:  - LocalHostAddr = Default
LogInit:  - BufferSize = 65536
LogOnline: OSS: Creating online subsystem instance for: NULL
LogInit: WinSock: version 1.1 (2.2), MaxSocks=32767, MaxUdp=65467
LogOnline: OSS: TryLoadSubsystemAndSetDefault: Loaded subsystem for module [NULL]
LogOculusPluginWrapper: OculusPlugin initialized successfully
LogHMD: Failed initializing OVRPlugin 1.59.0
LogInit: Build: ++UE4+Release-4.27-CL-18319896
LogInit: Engine Version: 4.27.2-18319896+++UE4+Release-4.27
LogInit: Compatible Engine Version: 4.27.0-17155196+++UE4+Release-4.27
LogInit: Net CL: 17155196
LogInit: OS: Windows 10 (Release 2009) (), CPU: AMD Ryzen 7 2700X Eight-Core Processor         , GPU: NVIDIA GeForce RTX 2070
LogInit: Compiled (64-bit): Nov 30 2021 07:26:28
LogInit: Compiled with Visual C++: 19.16.27032.01
LogInit: Build Configuration: Development
LogInit: Branch Name: ++UE4+Release-4.27
LogInit: Command Line: 
LogInit: Base Directory: E:/Projet Unreal Engine/Endless-Runner-UE-4.27.1/EndlessRunner/Binaries/Win64/
LogInit: Allocator: binned2
LogInit: Installed Engine Build: 1
LogDevObjectVersion: Number of dev versions registered: 29
LogDevObjectVersion:   Dev-Blueprints (B0D832E4-1F89-4F0D-ACCF-7EB736FD4AA2): 10
LogDevObjectVersion:   Dev-Build (E1C64328-A22C-4D53-A36C-8E866417BD8C): 0
LogDevObjectVersion:   Dev-Core (375EC13C-06E4-48FB-B500-84F0262A717E): 4
LogDevObjectVersion:   Dev-Editor (E4B068ED-F494-42E9-A231-DA0B2E46BB41): 40
LogDevObjectVersion:   Dev-Framework (CFFC743F-43B0-4480-9391-14DF171D2073): 37
LogDevObjectVersion:   Dev-Mobile (B02B49B5-BB20-44E9-A304-32B752E40360): 3
LogDevObjectVersion:   Dev-Networking (A4E4105C-59A1-49B5-A7C5-40C4547EDFEE): 0
LogDevObjectVersion:   Dev-Online (39C831C9-5AE6-47DC-9A44-9C173E1C8E7C): 0
LogDevObjectVersion:   Dev-Physics (78F01B33-EBEA-4F98-B9B4-84EACCB95AA2): 14
LogDevObjectVersion:   Dev-Platform (6631380F-2D4D-43E0-8009-CF276956A95A): 0
LogDevObjectVersion:   Dev-Rendering (12F88B9F-8875-4AFC-A67C-D90C383ABD29): 45
LogDevObjectVersion:   Dev-Sequencer (7B5AE74C-D270-4C10-A958-57980B212A5A): 13
LogDevObjectVersion:   Dev-VR (D7296918-1DD6-4BDD-9DE2-64A83CC13884): 3
LogDevObjectVersion:   Dev-LoadTimes (C2A15278-BFE7-4AFE-6C17-90FF531DF755): 1
LogDevObjectVersion:   Private-Geometry (6EACA3D4-40EC-4CC1-B786-8BED09428FC5): 3
LogDevObjectVersion:   Dev-AnimPhys (29E575DD-E0A3-4627-9D10-D276232CDCEA): 17
LogDevObjectVersion:   Dev-Anim (AF43A65D-7FD3-4947-9873-3E8ED9C1BB05): 15
LogDevObjectVersion:   Dev-ReflectionCapture (6B266CEC-1EC7-4B8F-A30B-E4D90942FC07): 1
LogDevObjectVersion:   Dev-Automation (0DF73D61-A23F-47EA-B727-89E90C41499A): 1
LogDevObjectVersion:   FortniteMain (601D1886-AC64-4F84-AA16-D3DE0DEAC7D6): 47
LogDevObjectVersion:   FortniteRelease (E7086368-6B23-4C58-8439-1B7016265E91): 1
LogDevObjectVersion:   Dev-Enterprise (9DFFBCD6-494F-0158-E221-12823C92A888): 10
LogDevObjectVersion:   Dev-Niagara (F2AED0AC-9AFE-416F-8664-AA7FFA26D6FC): 1
LogDevObjectVersion:   Dev-Destruction (174F1F0B-B4C6-45A5-B13F-2EE8D0FB917D): 10
LogDevObjectVersion:   Dev-Physics-Ext (35F94A83-E258-406C-A318-09F59610247C): 41
LogDevObjectVersion:   Dev-PhysicsMaterial-Chaos (B68FC16E-8B1B-42E2-B453-215C058844FE): 1
LogDevObjectVersion:   Dev-CineCamera (B2E18506-4273-CFC2-A54E-F4BB758BBA07): 1
LogDevObjectVersion:   Dev-VirtualProduction (64F58936-FD1B-42BA-BA96-7289D5D0FA4E): 1
LogDevObjectVersion:   Dev-MediaFramework (6F0ED827-A609-4895-9C91-998D90180EA4): 2
LogInit: Presizing for max 2097152 objects, including 1 objects not considered by GC, pre-allocating 0 bytes for permanent pool.
LogConfig: Applying CVar settings from Section [/Script/Engine.StreamingSettings] File [E:/Projet Unreal Engine/Endless-Runner-UE-4.27.1/EndlessRunner/Saved/Config/WindowsNoEditor/Engine.ini]
LogConfig: Setting CVar [[s.MinBulkDataSizeForAsyncLoading:131072]]
LogConfig: Setting CVar [[s.AsyncLoadingThreadEnabled:0]]
LogConfig: Setting CVar [[s.EventDrivenLoaderEnabled:1]]
LogConfig: Setting CVar [[s.WarnIfTimeLimitExceeded:0]]
LogConfig: Setting CVar [[s.TimeLimitExceededMultiplier:1.5]]
LogConfig: Setting CVar [[s.TimeLimitExceededMinTime:0.005]]
LogConfig: Setting CVar [[s.UseBackgroundLevelStreaming:1]]
LogConfig: Setting CVar [[s.PriorityAsyncLoadingExtraTime:15.0]]
LogConfig: Setting CVar [[s.LevelStreamingActorsUpdateTimeLimit:5.0]]
LogConfig: Setting CVar [[s.PriorityLevelStreamingActorsUpdateExtraTime:5.0]]
LogConfig: Setting CVar [[s.LevelStreamingComponentsRegistrationGranularity:10]]
LogConfig: Setting CVar [[s.UnregisterComponentsTimeLimit:1.0]]
LogConfig: Setting CVar [[s.LevelStreamingComponentsUnregistrationGranularity:5]]
LogConfig: Setting CVar [[s.FlushStreamingOnExit:1]]
LogStreaming: Display: Async Loading initialized: Event Driven Loader: true, Async Loading Thread: false, Async Post Load: true
LogInit: Object subsystem initialized
LogConfig: Setting CVar [[con.DebugEarlyDefault:1]]
LogConfig: Setting CVar [[r.setres:1280x720]]
LogConfig: Setting CVar [[fx.NiagaraAllowRuntimeScalabilityChanges:1]]
[2022.11.11-11.02.27:499][  0]LogConfig: Setting CVar [[con.DebugEarlyDefault:1]]
[2022.11.11-11.02.27:499][  0]LogConfig: Setting CVar [[r.setres:1280x720]]
[2022.11.11-11.02.27:499][  0]LogConfig: Setting CVar [[fx.NiagaraAllowRuntimeScalabilityChanges:1]]
[2022.11.11-11.02.27:499][  0]LogConfig: Applying CVar settings from Section [/Script/Engine.RendererSettings] File [E:/Projet Unreal Engine/Endless-Runner-UE-4.27.1/EndlessRunner/Saved/Config/WindowsNoEditor/Engine.ini]
[2022.11.11-11.02.27:500][  0]LogConfig: Setting CVar [[r.GPUCrashDebugging:0]]
[2022.11.11-11.02.27:500][  0]LogConfig: Applying CVar settings from Section [/Script/Engine.RendererOverrideSettings] File [E:/Projet Unreal Engine/Endless-Runner-UE-4.27.1/EndlessRunner/Saved/Config/WindowsNoEditor/Engine.ini]
[2022.11.11-11.02.27:500][  0]LogConfig: Applying CVar settings from Section [/Script/Engine.StreamingSettings] File [E:/Projet Unreal Engine/Endless-Runner-UE-4.27.1/EndlessRunner/Saved/Config/WindowsNoEditor/Engine.ini]
[2022.11.11-11.02.27:500][  0]LogConfig: Setting CVar [[s.MinBulkDataSizeForAsyncLoading:131072]]
[2022.11.11-11.02.27:500][  0]LogConfig: Setting CVar [[s.AsyncLoadingThreadEnabled:0]]
[2022.11.11-11.02.27:500][  0]LogConfig: Setting CVar [[s.EventDrivenLoaderEnabled:1]]
[2022.11.11-11.02.27:500][  0]LogConfig: Setting CVar [[s.WarnIfTimeLimitExceeded:0]]
[2022.11.11-11.02.27:500][  0]LogConfig: Setting CVar [[s.TimeLimitExceededMultiplier:1.5]]
[2022.11.11-11.02.27:500][  0]LogConfig: Setting CVar [[s.TimeLimitExceededMinTime:0.005]]
[2022.11.11-11.02.27:500][  0]LogConfig: Setting CVar [[s.UseBackgroundLevelStreaming:1]]
[2022.11.11-11.02.27:500][  0]LogConfig: Setting CVar [[s.PriorityAsyncLoadingExtraTime:15.0]]
[2022.11.11-11.02.27:500][  0]LogConfig: Setting CVar [[s.LevelStreamingActorsUpdateTimeLimit:5.0]]
[2022.11.11-11.02.27:500][  0]LogConfig: Setting CVar [[s.PriorityLevelStreamingActorsUpdateExtraTime:5.0]]
[2022.11.11-11.02.27:500][  0]LogConfig: Setting CVar [[s.LevelStreamingComponentsRegistrationGranularity:10]]
[2022.11.11-11.02.27:500][  0]LogConfig: Setting CVar [[s.UnregisterComponentsTimeLimit:1.0]]
[2022.11.11-11.02.27:500][  0]LogConfig: Setting CVar [[s.LevelStreamingComponentsUnregistrationGranularity:5]]
[2022.11.11-11.02.27:500][  0]LogConfig: Setting CVar [[s.FlushStreamingOnExit:1]]
[2022.11.11-11.02.27:500][  0]LogConfig: Applying CVar settings from Section [/Script/Engine.GarbageCollectionSettings] File [E:/Projet Unreal Engine/Endless-Runner-UE-4.27.1/EndlessRunner/Saved/Config/WindowsNoEditor/Engine.ini]
[2022.11.11-11.02.27:500][  0]LogConfig: Setting CVar [[gc.MaxObjectsNotConsideredByGC:1]]
[2022.11.11-11.02.27:500][  0]LogConfig: Setting CVar [[gc.SizeOfPermanentObjectPool:0]]
[2022.11.11-11.02.27:500][  0]LogConfig: Setting CVar [[gc.FlushStreamingOnGC:0]]
[2022.11.11-11.02.27:500][  0]LogConfig: Setting CVar [[gc.NumRetriesBeforeForcingGC:10]]
[2022.11.11-11.02.27:500][  0]LogConfig: Setting CVar [[gc.AllowParallelGC:1]]
[2022.11.11-11.02.27:500][  0]LogConfig: Setting CVar [[gc.TimeBetweenPurgingPendingKillObjects:61.1]]
[2022.11.11-11.02.27:500][  0]LogConfig: Setting CVar [[gc.MaxObjectsInEditor:25165824]]
[2022.11.11-11.02.27:500][  0]LogConfig: Setting CVar [[gc.IncrementalBeginDestroyEnabled:1]]
[2022.11.11-11.02.27:500][  0]LogConfig: Setting CVar [[gc.CreateGCClusters:1]]
[2022.11.11-11.02.27:500][  0]LogConfig: Setting CVar [[gc.MinGCClusterSize:5]]
[2022.11.11-11.02.27:500][  0]LogConfig: Setting CVar [[gc.ActorClusteringEnabled:0]]
[2022.11.11-11.02.27:500][  0]LogConfig: Setting CVar [[gc.BlueprintClusteringEnabled:0]]
[2022.11.11-11.02.27:500][  0]LogConfig: Setting CVar [[gc.UseDisregardForGCOnDedicatedServers:0]]
[2022.11.11-11.02.27:500][  0]LogConfig: Setting CVar [[gc.MultithreadedDestructionEnabled:1]]
[2022.11.11-11.02.27:500][  0]LogConfig: Applying CVar settings from Section [/Script/Engine.NetworkSettings] File [E:/Projet Unreal Engine/Endless-Runner-UE-4.27.1/EndlessRunner/Saved/Config/WindowsNoEditor/Engine.ini]
[2022.11.11-11.02.27:520][  0]LogConfig: Applying CVar settings from Section [ViewDistanceQuality@3] File [E:/Projet Unreal Engine/Endless-Runner-UE-4.27.1/EndlessRunner/Saved/Config/WindowsNoEditor/Scalability.ini]
[2022.11.11-11.02.27:520][  0]LogConfig: Setting CVar [[r.SkeletalMeshLODBias:0]]
[2022.11.11-11.02.27:520][  0]LogConfig: Setting CVar [[r.ViewDistanceScale:1.0]]
[2022.11.11-11.02.27:520][  0]LogConfig: Applying CVar settings from Section [AntiAliasingQuality@3] File [E:/Projet Unreal Engine/Endless-Runner-UE-4.27.1/EndlessRunner/Saved/Config/WindowsNoEditor/Scalability.ini]
[2022.11.11-11.02.27:521][  0]LogConfig: Setting CVar [[r.PostProcessAAQuality:4]]
[2022.11.11-11.02.27:521][  0]LogConfig: Applying CVar settings from Section [ShadowQuality@3] File [E:/Projet Unreal Engine/Endless-Runner-UE-4.27.1/EndlessRunner/Saved/Config/WindowsNoEditor/Scalability.ini]
[2022.11.11-11.02.27:521][  0]LogConfig: Setting CVar [[r.LightFunctionQuality:1]]
[2022.11.11-11.02.27:521][  0]LogConfig: Setting CVar [[r.ShadowQuality:5]]
[2022.11.11-11.02.27:521][  0]LogConfig: Setting CVar [[r.Shadow.CSM.MaxCascades:10]]
[2022.11.11-11.02.27:521][  0]LogConfig: Setting CVar [[r.Shadow.MaxResolution:2048]]
[2022.11.11-11.02.27:521][  0]LogConfig: Setting CVar [[r.Shadow.MaxCSMResolution:2048]]
[2022.11.11-11.02.27:521][  0]LogConfig: Setting CVar [[r.Shadow.RadiusThreshold:0.01]]
[2022.11.11-11.02.27:521][  0]LogConfig: Setting CVar [[r.Shadow.DistanceScale:1.0]]
[2022.11.11-11.02.27:521][  0]LogConfig: Setting CVar [[r.Shadow.CSM.TransitionScale:1.0]]
[2022.11.11-11.02.27:521][  0]LogConfig: Setting CVar [[r.Shadow.PreShadowResolutionFactor:1.0]]
[2022.11.11-11.02.27:521][  0]LogConfig: Setting CVar [[r.DistanceFieldShadowing:1]]
[2022.11.11-11.02.27:521][  0]LogConfig: Setting CVar [[r.DistanceFieldAO:1]]
[2022.11.11-11.02.27:521][  0]LogConfig: Setting CVar [[r.AOQuality:2]]
[2022.11.11-11.02.27:521][  0]LogConfig: Setting CVar [[r.VolumetricFog:1]]
[2022.11.11-11.02.27:521][  0]LogConfig: Setting CVar [[r.VolumetricFog.GridPixelSize:8]]
[2022.11.11-11.02.27:521][  0]LogConfig: Setting CVar [[r.VolumetricFog.GridSizeZ:128]]
[2022.11.11-11.02.27:521][  0]LogConfig: Setting CVar [[r.VolumetricFog.HistoryMissSupersampleCount:4]]
[2022.11.11-11.02.27:521][  0]LogConfig: Setting CVar [[r.LightMaxDrawDistanceScale:1]]
[2022.11.11-11.02.27:521][  0]LogConfig: Setting CVar [[r.CapsuleShadows:1]]
[2022.11.11-11.02.27:521][  0]LogConfig: Applying CVar settings from Section [PostProcessQuality@3] File [E:/Projet Unreal Engine/Endless-Runner-UE-4.27.1/EndlessRunner/Saved/Config/WindowsNoEditor/Scalability.ini]
[2022.11.11-11.02.27:521][  0]LogConfig: Setting CVar [[r.MotionBlurQuality:4]]
[2022.11.11-11.02.27:521][  0]LogConfig: Setting CVar [[r.AmbientOcclusionMipLevelFactor:0.4]]
[2022.11.11-11.02.27:521][  0]LogConfig: Setting CVar [[r.AmbientOcclusionMaxQuality:100]]
[2022.11.11-11.02.27:521][  0]LogConfig: Setting CVar [[r.AmbientOcclusionLevels:-1]]
[2022.11.11-11.02.27:521][  0]LogConfig: Setting CVar [[r.AmbientOcclusionRadiusScale:1.0]]
[2022.11.11-11.02.27:521][  0]LogConfig: Setting CVar [[r.DepthOfFieldQuality:2]]
[2022.11.11-11.02.27:521][  0]LogConfig: Setting CVar [[r.RenderTargetPoolMin:400]]
[2022.11.11-11.02.27:521][  0]LogConfig: Setting CVar [[r.LensFlareQuality:2]]
[2022.11.11-11.02.27:521][  0]LogConfig: Setting CVar [[r.SceneColorFringeQuality:1]]
[2022.11.11-11.02.27:521][  0]LogConfig: Setting CVar [[r.EyeAdaptationQuality:2]]
[2022.11.11-11.02.27:521][  0]LogConfig: Setting CVar [[r.BloomQuality:5]]
[2022.11.11-11.02.27:521][  0]LogConfig: Setting CVar [[r.FastBlurThreshold:100]]
[2022.11.11-11.02.27:521][  0]LogConfig: Setting CVar [[r.Upscale.Quality:3]]
[2022.11.11-11.02.27:521][  0]LogConfig: Setting CVar [[r.Tonemapper.GrainQuantization:1]]
[2022.11.11-11.02.27:521][  0]LogConfig: Setting CVar [[r.LightShaftQuality:1]]
[2022.11.11-11.02.27:521][  0]LogConfig: Setting CVar [[r.Filter.SizeScale:1]]
[2022.11.11-11.02.27:521][  0]LogConfig: Setting CVar [[r.Tonemapper.Quality:5]]
[2022.11.11-11.02.27:521][  0]LogConfig: Setting CVar [[r.DOF.Gather.AccumulatorQuality:1        ; higher gathering accumulator quality]]
[2022.11.11-11.02.27:521][  0]LogConfig: Setting CVar [[r.DOF.Gather.PostfilterMethod:1          ; Median3x3 postfilering method]]
[2022.11.11-11.02.27:521][  0]LogConfig: Setting CVar [[r.DOF.Gather.EnableBokehSettings:0       ; no bokeh simulation when gathering]]
[2022.11.11-11.02.27:521][  0]LogConfig: Setting CVar [[r.DOF.Gather.RingCount:4                 ; medium number of samples when gathering]]
[2022.11.11-11.02.27:521][  0]LogConfig: Setting CVar [[r.DOF.Scatter.ForegroundCompositing:1    ; additive foreground scattering]]
[2022.11.11-11.02.27:521][  0]LogConfig: Setting CVar [[r.DOF.Scatter.BackgroundCompositing:2    ; additive background scattering]]
[2022.11.11-11.02.27:521][  0]LogConfig: Setting CVar [[r.DOF.Scatter.EnableBokehSettings:1      ; bokeh simulation when scattering]]
[2022.11.11-11.02.27:521][  0]LogConfig: Setting CVar [[r.DOF.Scatter.MaxSpriteRatio:0.1         ; only a maximum of 10% of scattered bokeh]]
[2022.11.11-11.02.27:521][  0]LogConfig: Setting CVar [[r.DOF.Recombine.Quality:1                ; cheap slight out of focus]]
[2022.11.11-11.02.27:521][  0]LogConfig: Setting CVar [[r.DOF.Recombine.EnableBokehSettings:0    ; no bokeh simulation on slight out of focus]]
[2022.11.11-11.02.27:521][  0]LogConfig: Setting CVar [[r.DOF.TemporalAAQuality:1                ; more stable temporal accumulation]]
[2022.11.11-11.02.27:521][  0]LogConfig: Setting CVar [[r.DOF.Kernel.MaxForegroundRadius:0.025]]
[2022.11.11-11.02.27:521][  0]LogConfig: Setting CVar [[r.DOF.Kernel.MaxBackgroundRadius:0.025]]
[2022.11.11-11.02.27:521][  0]LogConfig: Applying CVar settings from Section [TextureQuality@3] File [E:/Projet Unreal Engine/Endless-Runner-UE-4.27.1/EndlessRunner/Saved/Config/WindowsNoEditor/Scalability.ini]
[2022.11.11-11.02.27:521][  0]LogConfig: Setting CVar [[r.Streaming.MipBias:0]]
[2022.11.11-11.02.27:521][  0]LogConfig: Setting CVar [[r.Streaming.AmortizeCPUToGPUCopy:0]]
[2022.11.11-11.02.27:521][  0]LogConfig: Setting CVar [[r.Streaming.MaxNumTexturesToStreamPerFrame:0]]
[2022.11.11-11.02.27:521][  0]LogConfig: Setting CVar [[r.Streaming.Boost:1]]
[2022.11.11-11.02.27:521][  0]LogConfig: Setting CVar [[r.MaxAnisotropy:8]]
[2022.11.11-11.02.27:521][  0]LogConfig: Setting CVar [[r.VT.MaxAnisotropy:8]]
[2022.11.11-11.02.27:521][  0]LogConfig: Setting CVar [[r.Streaming.LimitPoolSizeToVRAM:0]]
[2022.11.11-11.02.27:521][  0]LogConfig: Setting CVar [[r.Streaming.PoolSize:1000]]
[2022.11.11-11.02.27:521][  0]LogConfig: Setting CVar [[r.Streaming.MaxEffectiveScreenSize:0]]
[2022.11.11-11.02.27:521][  0]LogConfig: Applying CVar settings from Section [EffectsQuality@3] File [E:/Projet Unreal Engine/Endless-Runner-UE-4.27.1/EndlessRunner/Saved/Config/WindowsNoEditor/Scalability.ini]
[2022.11.11-11.02.27:521][  0]LogConfig: Setting CVar [[r.TranslucencyLightingVolumeDim:64]]
[2022.11.11-11.02.27:521][  0]LogConfig: Setting CVar [[r.RefractionQuality:2]]
[2022.11.11-11.02.27:521][  0]LogConfig: Setting CVar [[r.SSR.Quality:3]]
[2022.11.11-11.02.27:521][  0]LogConfig: Setting CVar [[r.SSR.HalfResSceneColor:0]]
[2022.11.11-11.02.27:521][  0]LogConfig: Setting CVar [[r.SceneColorFormat:4]]
[2022.11.11-11.02.27:521][  0]LogConfig: Setting CVar [[r.DetailMode:2]]
[2022.11.11-11.02.27:521][  0]LogConfig: Setting CVar [[r.TranslucencyVolumeBlur:1]]
[2022.11.11-11.02.27:521][  0]LogConfig: Setting CVar [[r.MaterialQualityLevel:1 ; High quality]]
[2022.11.11-11.02.27:521][  0]LogConfig: Setting CVar [[r.AnisotropicMaterials:1]]
[2022.11.11-11.02.27:521][  0]LogConfig: Setting CVar [[r.SSS.Scale:1]]
[2022.11.11-11.02.27:521][  0]LogConfig: Setting CVar [[r.SSS.SampleSet:2]]
[2022.11.11-11.02.27:521][  0]LogConfig: Setting CVar [[r.SSS.Quality:1]]
[2022.11.11-11.02.27:521][  0]LogConfig: Setting CVar [[r.SSS.HalfRes:0]]
[2022.11.11-11.02.27:521][  0]LogConfig: Setting CVar [[r.SSGI.Quality:3]]
[2022.11.11-11.02.27:521][  0]LogConfig: Setting CVar [[r.EmitterSpawnRateScale:1.0]]
[2022.11.11-11.02.27:521][  0]LogConfig: Setting CVar [[r.ParticleLightQuality:2]]
[2022.11.11-11.02.27:521][  0]LogConfig: Setting CVar [[r.SkyAtmosphere.AerialPerspectiveLUT.FastApplyOnOpaque:1 ; Always have FastSkyLUT 1 in this case to avoid wrong sky]]
[2022.11.11-11.02.27:521][  0]LogConfig: Setting CVar [[r.SkyAtmosphere.AerialPerspectiveLUT.SampleCountMaxPerSlice:4]]
[2022.11.11-11.02.27:521][  0]LogConfig: Setting CVar [[r.SkyAtmosphere.AerialPerspectiveLUT.DepthResolution:16.0]]
[2022.11.11-11.02.27:521][  0]LogConfig: Setting CVar [[r.SkyAtmosphere.FastSkyLUT:1]]
[2022.11.11-11.02.27:522][  0]LogConfig: Setting CVar [[r.SkyAtmosphere.FastSkyLUT.SampleCountMin:4.0]]
[2022.11.11-11.02.27:522][  0]LogConfig: Setting CVar [[r.SkyAtmosphere.FastSkyLUT.SampleCountMax:128.0]]
[2022.11.11-11.02.27:522][  0]LogConfig: Setting CVar [[r.SkyAtmosphere.SampleCountMin:4.0]]
[2022.11.11-11.02.27:522][  0]LogConfig: Setting CVar [[r.SkyAtmosphere.SampleCountMax:128.0]]
[2022.11.11-11.02.27:522][  0]LogConfig: Setting CVar [[r.SkyAtmosphere.TransmittanceLUT.UseSmallFormat:0]]
[2022.11.11-11.02.27:522][  0]LogConfig: Setting CVar [[r.SkyAtmosphere.TransmittanceLUT.SampleCount:10.0]]
[2022.11.11-11.02.27:522][  0]LogConfig: Setting CVar [[r.SkyAtmosphere.MultiScatteringLUT.SampleCount:15.0]]
[2022.11.11-11.02.27:522][  0]LogConfig: Setting CVar [[r.SkyLight.RealTimeReflectionCapture:1]]
[2022.11.11-11.02.27:522][  0]LogConfig: Setting CVar [[fx.Niagara.QualityLevel:3]]
[2022.11.11-11.02.27:522][  0]LogConfig: Applying CVar settings from Section [FoliageQuality@3] File [E:/Projet Unreal Engine/Endless-Runner-UE-4.27.1/EndlessRunner/Saved/Config/WindowsNoEditor/Scalability.ini]
[2022.11.11-11.02.27:522][  0]LogConfig: Setting CVar [[foliage.DensityScale:1.0]]
[2022.11.11-11.02.27:522][  0]LogConfig: Setting CVar [[grass.DensityScale:1.0]]
[2022.11.11-11.02.27:522][  0]LogConfig: Applying CVar settings from Section [ShadingQuality@3] File [E:/Projet Unreal Engine/Endless-Runner-UE-4.27.1/EndlessRunner/Saved/Config/WindowsNoEditor/Scalability.ini]
[2022.11.11-11.02.27:522][  0]LogConfig: Setting CVar [[r.HairStrands.SkyLighting.IntegrationType:2]]
[2022.11.11-11.02.27:522][  0]LogConfig: Setting CVar [[r.HairStrands.SkyAO.SampleCount:4]]
[2022.11.11-11.02.27:522][  0]LogConfig: Setting CVar [[r.HairStrands.Visibility.MSAA.SamplePerPixel:4]]
[2022.11.11-11.02.27:522][  0]LogConfig: Setting CVar [[r.HairStrands.Interpolation.UseSingleGuide:0]]
[2022.11.11-11.02.27:522][  0]LogInit: Selected Device Profile: [WindowsNoEditor]
[2022.11.11-11.02.27:522][  0]LogInit: Applying CVar settings loaded from the selected device profile: [WindowsNoEditor]
[2022.11.11-11.02.27:522][  0]LogHAL: Display: Platform has ~ 32 GB [34287366144 / 34359738368 / 32], which maps to Largest [LargestMinGB=32, LargerMinGB=12, DefaultMinGB=8, SmallerMinGB=6, SmallestMinGB=0)
[2022.11.11-11.02.27:522][  0]LogInit: Going up to parent DeviceProfile [Windows]
[2022.11.11-11.02.27:522][  0]LogInit: Going up to parent DeviceProfile []
[2022.11.11-11.02.27:522][  0]LogConfig: Applying CVar settings from Section [ViewDistanceQuality@3] File [E:/Projet Unreal Engine/Endless-Runner-UE-4.27.1/EndlessRunner/Saved/Config/WindowsNoEditor/Scalability.ini]
[2022.11.11-11.02.27:522][  0]LogConfig: Setting CVar [[r.SkeletalMeshLODBias:0]]
[2022.11.11-11.02.27:522][  0]LogConfig: Setting CVar [[r.ViewDistanceScale:1.0]]
[2022.11.11-11.02.27:522][  0]LogConfig: Applying CVar settings from Section [AntiAliasingQuality@3] File [E:/Projet Unreal Engine/Endless-Runner-UE-4.27.1/EndlessRunner/Saved/Config/WindowsNoEditor/Scalability.ini]
[2022.11.11-11.02.27:522][  0]LogConfig: Setting CVar [[r.PostProcessAAQuality:4]]
[2022.11.11-11.02.27:522][  0]LogConfig: Applying CVar settings from Section [ShadowQuality@3] File [E:/Projet Unreal Engine/Endless-Runner-UE-4.27.1/EndlessRunner/Saved/Config/WindowsNoEditor/Scalability.ini]
[2022.11.11-11.02.27:522][  0]LogConfig: Setting CVar [[r.LightFunctionQuality:1]]
[2022.11.11-11.02.27:522][  0]LogConfig: Setting CVar [[r.ShadowQuality:5]]
[2022.11.11-11.02.27:522][  0]LogConfig: Setting CVar [[r.Shadow.CSM.MaxCascades:10]]
[2022.11.11-11.02.27:522][  0]LogConfig: Setting CVar [[r.Shadow.MaxResolution:2048]]
[2022.11.11-11.02.27:522][  0]LogConfig: Setting CVar [[r.Shadow.MaxCSMResolution:2048]]
[2022.11.11-11.02.27:522][  0]LogConfig: Setting CVar [[r.Shadow.RadiusThreshold:0.01]]
[2022.11.11-11.02.27:522][  0]LogConfig: Setting CVar [[r.Shadow.DistanceScale:1.0]]
[2022.11.11-11.02.27:522][  0]LogConfig: Setting CVar [[r.Shadow.CSM.TransitionScale:1.0]]
[2022.11.11-11.02.27:522][  0]LogConfig: Setting CVar [[r.Shadow.PreShadowResolutionFactor:1.0]]
[2022.11.11-11.02.27:522][  0]LogConfig: Setting CVar [[r.DistanceFieldShadowing:1]]
[2022.11.11-11.02.27:522][  0]LogConfig: Setting CVar [[r.DistanceFieldAO:1]]
[2022.11.11-11.02.27:522][  0]LogConfig: Setting CVar [[r.AOQuality:2]]
[2022.11.11-11.02.27:522][  0]LogConfig: Setting CVar [[r.VolumetricFog:1]]
[2022.11.11-11.02.27:522][  0]LogConfig: Setting CVar [[r.VolumetricFog.GridPixelSize:8]]
[2022.11.11-11.02.27:522][  0]LogConfig: Setting CVar [[r.VolumetricFog.GridSizeZ:128]]
[2022.11.11-11.02.27:522][  0]LogConfig: Setting CVar [[r.VolumetricFog.HistoryMissSupersampleCount:4]]
[2022.11.11-11.02.27:522][  0]LogConfig: Setting CVar [[r.LightMaxDrawDistanceScale:1]]
[2022.11.11-11.02.27:522][  0]LogConfig: Setting CVar [[r.CapsuleShadows:1]]
[2022.11.11-11.02.27:522][  0]LogConfig: Applying CVar settings from Section [PostProcessQuality@3] File [E:/Projet Unreal Engine/Endless-Runner-UE-4.27.1/EndlessRunner/Saved/Config/WindowsNoEditor/Scalability.ini]
[2022.11.11-11.02.27:522][  0]LogConfig: Setting CVar [[r.MotionBlurQuality:4]]
[2022.11.11-11.02.27:522][  0]LogConfig: Setting CVar [[r.AmbientOcclusionMipLevelFactor:0.4]]
[2022.11.11-11.02.27:522][  0]LogConfig: Setting CVar [[r.AmbientOcclusionMaxQuality:100]]
[2022.11.11-11.02.27:522][  0]LogConfig: Setting CVar [[r.AmbientOcclusionLevels:-1]]
[2022.11.11-11.02.27:522][  0]LogConfig: Setting CVar [[r.AmbientOcclusionRadiusScale:1.0]]
[2022.11.11-11.02.27:522][  0]LogConfig: Setting CVar [[r.DepthOfFieldQuality:2]]
[2022.11.11-11.02.27:522][  0]LogConfig: Setting CVar [[r.RenderTargetPoolMin:400]]
[2022.11.11-11.02.27:522][  0]LogConfig: Setting CVar [[r.LensFlareQuality:2]]
[2022.11.11-11.02.27:522][  0]LogConfig: Setting CVar [[r.SceneColorFringeQuality:1]]
[2022.11.11-11.02.27:522][  0]LogConfig: Setting CVar [[r.EyeAdaptationQuality:2]]
[2022.11.11-11.02.27:522][  0]LogConfig: Setting CVar [[r.BloomQuality:5]]
[2022.11.11-11.02.27:522][  0]LogConfig: Setting CVar [[r.FastBlurThreshold:100]]
[2022.11.11-11.02.27:522][  0]LogConfig: Setting CVar [[r.Upscale.Quality:3]]
[2022.11.11-11.02.27:522][  0]LogConfig: Setting CVar [[r.Tonemapper.GrainQuantization:1]]
[2022.11.11-11.02.27:522][  0]LogConfig: Setting CVar [[r.LightShaftQuality:1]]
[2022.11.11-11.02.27:522][  0]LogConfig: Setting CVar [[r.Filter.SizeScale:1]]
[2022.11.11-11.02.27:522][  0]LogConfig: Setting CVar [[r.Tonemapper.Quality:5]]
[2022.11.11-11.02.27:522][  0]LogConfig: Setting CVar [[r.DOF.Gather.AccumulatorQuality:1        ; higher gathering accumulator quality]]
[2022.11.11-11.02.27:523][  0]LogConfig: Setting CVar [[r.DOF.Gather.PostfilterMethod:1          ; Median3x3 postfilering method]]
[2022.11.11-11.02.27:523][  0]LogConfig: Setting CVar [[r.DOF.Gather.EnableBokehSettings:0       ; no bokeh simulation when gathering]]
[2022.11.11-11.02.27:523][  0]LogConfig: Setting CVar [[r.DOF.Gather.RingCount:4                 ; medium number of samples when gathering]]
[2022.11.11-11.02.27:523][  0]LogConfig: Setting CVar [[r.DOF.Scatter.ForegroundCompositing:1    ; additive foreground scattering]]
[2022.11.11-11.02.27:523][  0]LogConfig: Setting CVar [[r.DOF.Scatter.BackgroundCompositing:2    ; additive background scattering]]
[2022.11.11-11.02.27:523][  0]LogConfig: Setting CVar [[r.DOF.Scatter.EnableBokehSettings:1      ; bokeh simulation when scattering]]
[2022.11.11-11.02.27:523][  0]LogConfig: Setting CVar [[r.DOF.Scatter.MaxSpriteRatio:0.1         ; only a maximum of 10% of scattered bokeh]]
[2022.11.11-11.02.27:523][  0]LogConfig: Setting CVar [[r.DOF.Recombine.Quality:1                ; cheap slight out of focus]]
[2022.11.11-11.02.27:523][  0]LogConfig: Setting CVar [[r.DOF.Recombine.EnableBokehSettings:0    ; no bokeh simulation on slight out of focus]]
[2022.11.11-11.02.27:523][  0]LogConfig: Setting CVar [[r.DOF.TemporalAAQuality:1                ; more stable temporal accumulation]]
[2022.11.11-11.02.27:523][  0]LogConfig: Setting CVar [[r.DOF.Kernel.MaxForegroundRadius:0.025]]
[2022.11.11-11.02.27:523][  0]LogConfig: Setting CVar [[r.DOF.Kernel.MaxBackgroundRadius:0.025]]
[2022.11.11-11.02.27:523][  0]LogConfig: Applying CVar settings from Section [TextureQuality@3] File [E:/Projet Unreal Engine/Endless-Runner-UE-4.27.1/EndlessRunner/Saved/Config/WindowsNoEditor/Scalability.ini]
[2022.11.11-11.02.27:523][  0]LogConfig: Setting CVar [[r.Streaming.MipBias:0]]
[2022.11.11-11.02.27:523][  0]LogConfig: Setting CVar [[r.Streaming.AmortizeCPUToGPUCopy:0]]
[2022.11.11-11.02.27:523][  0]LogConfig: Setting CVar [[r.Streaming.MaxNumTexturesToStreamPerFrame:0]]
[2022.11.11-11.02.27:523][  0]LogConfig: Setting CVar [[r.Streaming.Boost:1]]
[2022.11.11-11.02.27:523][  0]LogConfig: Setting CVar [[r.MaxAnisotropy:8]]
[2022.11.11-11.02.27:523][  0]LogConfig: Setting CVar [[r.VT.MaxAnisotropy:8]]
[2022.11.11-11.02.27:523][  0]LogConfig: Setting CVar [[r.Streaming.LimitPoolSizeToVRAM:0]]
[2022.11.11-11.02.27:523][  0]LogConfig: Setting CVar [[r.Streaming.PoolSize:1000]]
[2022.11.11-11.02.27:523][  0]LogConfig: Setting CVar [[r.Streaming.MaxEffectiveScreenSize:0]]
[2022.11.11-11.02.27:523][  0]LogConfig: Applying CVar settings from Section [EffectsQuality@3] File [E:/Projet Unreal Engine/Endless-Runner-UE-4.27.1/EndlessRunner/Saved/Config/WindowsNoEditor/Scalability.ini]
[2022.11.11-11.02.27:523][  0]LogConfig: Setting CVar [[r.TranslucencyLightingVolumeDim:64]]
[2022.11.11-11.02.27:523][  0]LogConfig: Setting CVar [[r.RefractionQuality:2]]
[2022.11.11-11.02.27:523][  0]LogConfig: Setting CVar [[r.SSR.Quality:3]]
[2022.11.11-11.02.27:523][  0]LogConfig: Setting CVar [[r.SSR.HalfResSceneColor:0]]
[2022.11.11-11.02.27:523][  0]LogConfig: Setting CVar [[r.SceneColorFormat:4]]
[2022.11.11-11.02.27:523][  0]LogConfig: Setting CVar [[r.DetailMode:2]]
[2022.11.11-11.02.27:523][  0]LogConfig: Setting CVar [[r.TranslucencyVolumeBlur:1]]
[2022.11.11-11.02.27:523][  0]LogConfig: Setting CVar [[r.MaterialQualityLevel:1 ; High quality]]
[2022.11.11-11.02.27:523][  0]LogConfig: Setting CVar [[r.AnisotropicMaterials:1]]
[2022.11.11-11.02.27:523][  0]LogConfig: Setting CVar [[r.SSS.Scale:1]]
[2022.11.11-11.02.27:523][  0]LogConfig: Setting CVar [[r.SSS.SampleSet:2]]
[2022.11.11-11.02.27:523][  0]LogConfig: Setting CVar [[r.SSS.Quality:1]]
[2022.11.11-11.02.27:523][  0]LogConfig: Setting CVar [[r.SSS.HalfRes:0]]
[2022.11.11-11.02.27:523][  0]LogConfig: Setting CVar [[r.SSGI.Quality:3]]
[2022.11.11-11.02.27:523][  0]LogConfig: Setting CVar [[r.EmitterSpawnRateScale:1.0]]
[2022.11.11-11.02.27:523][  0]LogConfig: Setting CVar [[r.ParticleLightQuality:2]]
[2022.11.11-11.02.27:523][  0]LogConfig: Setting CVar [[r.SkyAtmosphere.AerialPerspectiveLUT.FastApplyOnOpaque:1 ; Always have FastSkyLUT 1 in this case to avoid wrong sky]]
[2022.11.11-11.02.27:523][  0]LogConfig: Setting CVar [[r.SkyAtmosphere.AerialPerspectiveLUT.SampleCountMaxPerSlice:4]]
[2022.11.11-11.02.27:523][  0]LogConfig: Setting CVar [[r.SkyAtmosphere.AerialPerspectiveLUT.DepthResolution:16.0]]
[2022.11.11-11.02.27:523][  0]LogConfig: Setting CVar [[r.SkyAtmosphere.FastSkyLUT:1]]
[2022.11.11-11.02.27:523][  0]LogConfig: Setting CVar [[r.SkyAtmosphere.FastSkyLUT.SampleCountMin:4.0]]
[2022.11.11-11.02.27:523][  0]LogConfig: Setting CVar [[r.SkyAtmosphere.FastSkyLUT.SampleCountMax:128.0]]
[2022.11.11-11.02.27:523][  0]LogConfig: Setting CVar [[r.SkyAtmosphere.SampleCountMin:4.0]]
[2022.11.11-11.02.27:523][  0]LogConfig: Setting CVar [[r.SkyAtmosphere.SampleCountMax:128.0]]
[2022.11.11-11.02.27:523][  0]LogConfig: Setting CVar [[r.SkyAtmosphere.TransmittanceLUT.UseSmallFormat:0]]
[2022.11.11-11.02.27:523][  0]LogConfig: Setting CVar [[r.SkyAtmosphere.TransmittanceLUT.SampleCount:10.0]]
[2022.11.11-11.02.27:523][  0]LogConfig: Setting CVar [[r.SkyAtmosphere.MultiScatteringLUT.SampleCount:15.0]]
[2022.11.11-11.02.27:523][  0]LogConfig: Setting CVar [[r.SkyLight.RealTimeReflectionCapture:1]]
[2022.11.11-11.02.27:523][  0]LogConfig: Setting CVar [[fx.Niagara.QualityLevel:3]]
[2022.11.11-11.02.27:523][  0]LogConfig: Applying CVar settings from Section [FoliageQuality@3] File [E:/Projet Unreal Engine/Endless-Runner-UE-4.27.1/EndlessRunner/Saved/Config/WindowsNoEditor/Scalability.ini]
[2022.11.11-11.02.27:523][  0]LogConfig: Setting CVar [[foliage.DensityScale:1.0]]
[2022.11.11-11.02.27:523][  0]LogConfig: Setting CVar [[grass.DensityScale:1.0]]
[2022.11.11-11.02.27:523][  0]LogConfig: Applying CVar settings from Section [ShadingQuality@3] File [E:/Projet Unreal Engine/Endless-Runner-UE-4.27.1/EndlessRunner/Saved/Config/WindowsNoEditor/Scalability.ini]
[2022.11.11-11.02.27:523][  0]LogConfig: Setting CVar [[r.HairStrands.SkyLighting.IntegrationType:2]]
[2022.11.11-11.02.27:523][  0]LogConfig: Setting CVar [[r.HairStrands.SkyAO.SampleCount:4]]
[2022.11.11-11.02.27:523][  0]LogConfig: Setting CVar [[r.HairStrands.Visibility.MSAA.SamplePerPixel:4]]
[2022.11.11-11.02.27:523][  0]LogConfig: Setting CVar [[r.HairStrands.Interpolation.UseSingleGuide:0]]
[2022.11.11-11.02.27:523][  0]LogConfig: Applying CVar settings from Section [Startup] File [D:/Programmes/UE_4.27/Engine/Config/ConsoleVariables.ini]
[2022.11.11-11.02.27:524][  0]LogConfig: Setting CVar [[net.UseAdaptiveNetUpdateFrequency:0]]
[2022.11.11-11.02.27:524][  0]LogConfig: Setting CVar [[p.chaos.AllowCreatePhysxBodies:1]]
[2022.11.11-11.02.27:524][  0]LogConfig: Setting CVar [[fx.SkipVectorVMBackendOptimizations:1]]
[2022.11.11-11.02.27:524][  0]LogConfig: Applying CVar settings from Section [ConsoleVariables] File [E:/Projet Unreal Engine/Endless-Runner-UE-4.27.1/EndlessRunner/Saved/Config/WindowsNoEditor/Engine.ini]
[2022.11.11-11.02.27:524][  0]LogInit: Computer: DESKTOP-CU9OQB7
[2022.11.11-11.02.27:524][  0]LogInit: User: max66
[2022.11.11-11.02.27:524][  0]LogInit: CPU Page size=4096, Cores=8
[2022.11.11-11.02.27:524][  0]LogInit: High frequency timer resolution =10.000000 MHz
[2022.11.11-11.02.27:524][  0]LogMemory: Memory total: Physical=31.9GB (32GB approx)
[2022.11.11-11.02.27:524][  0]LogMemory: Platform Memory Stats for WindowsNoEditor
[2022.11.11-11.02.27:524][  0]LogMemory: Process Physical Memory: 93.80 MB used, 93.80 MB peak
[2022.11.11-11.02.27:524][  0]LogMemory: Process Virtual Memory: 93.29 MB used, 93.29 MB peak
[2022.11.11-11.02.27:524][  0]LogMemory: Physical Memory: 12433.12 MB used,  20265.86 MB free, 32698.98 MB total
[2022.11.11-11.02.27:524][  0]LogMemory: Virtual Memory: 134197136.00 MB used,  20592.66 MB free, 134217728.00 MB total
[2022.11.11-11.02.27:526][  0]LogWindows: WindowsPlatformFeatures enabled
[2022.11.11-11.02.27:564][  0]LogInit: Physics initialised using underlying interface: PhysX
[2022.11.11-11.02.27:564][  0]LogInit: Using OS detected language (fr-FR).
[2022.11.11-11.02.27:564][  0]LogInit: Using OS detected locale (fr-FR).
[2022.11.11-11.02.27:566][  0]LogTextLocalizationManager: No specific localization for 'fr-FR' exists, so the 'fr' localization will be used.
[2022.11.11-11.02.27:578][  0]LogWindowsTextInputMethodSystem: Display: IME system deactivated.
[2022.11.11-11.02.27:619][  0]LogSlate: New Slate User Created.  User Index 0, Is Virtual User: 0
[2022.11.11-11.02.27:619][  0]LogSlate: Slate User Registered.  User Index 0, Is Virtual User: 0
[2022.11.11-11.02.27:660][  0]LogD3D11RHI: Loaded GFSDK_Aftermath_Lib.x64.dll
[2022.11.11-11.02.33:111][  0]LogHMD: Failed to initialize OpenVR with code 108
[2022.11.11-11.02.33:111][  0]LogD3D11RHI: D3D11 min allowed feature level: 11_0
[2022.11.11-11.02.33:111][  0]LogD3D11RHI: D3D11 max allowed feature level: 11_0
[2022.11.11-11.02.33:111][  0]LogD3D11RHI: D3D11 adapters:
[2022.11.11-11.02.33:229][  0]LogD3D11RHI:    0. 'NVIDIA GeForce RTX 2070' (Feature Level 11_0)
[2022.11.11-11.02.33:229][  0]LogD3D11RHI:       8019/0/16349 MB DedicatedVideo/DedicatedSystem/SharedSystem, Outputs:2, VendorId:0x10de
[2022.11.11-11.02.33:232][  0]LogD3D11RHI:    1. 'Microsoft Basic Render Driver' (Feature Level 11_0)
[2022.11.11-11.02.33:232][  0]LogD3D11RHI:       0/0/16349 MB DedicatedVideo/DedicatedSystem/SharedSystem, Outputs:0, VendorId:0x1414
[2022.11.11-11.02.33:232][  0]LogD3D11RHI: Chosen D3D11 Adapter:
[2022.11.11-11.02.33:232][  0]LogD3D11RHI:     Description : NVIDIA GeForce RTX 2070
[2022.11.11-11.02.33:232][  0]LogD3D11RHI:     VendorId    : 10de
[2022.11.11-11.02.33:232][  0]LogD3D11RHI:     DeviceId    : 1f02
[2022.11.11-11.02.33:232][  0]LogD3D11RHI:     SubSysId    : 37341462
[2022.11.11-11.02.33:232][  0]LogD3D11RHI:     Revision    : 00a1
[2022.11.11-11.02.33:232][  0]LogD3D11RHI:     DedicatedVideoMemory : 8408530944 bytes
[2022.11.11-11.02.33:232][  0]LogD3D11RHI:     DedicatedSystemMemory : 0 bytes
[2022.11.11-11.02.33:232][  0]LogD3D11RHI:     SharedSystemMemory : 17143683072 bytes
[2022.11.11-11.02.33:232][  0]LogD3D11RHI:     AdapterLuid : 0 55651
[2022.11.11-11.02.33:241][  0]LogD3D11RHI: Creating new Direct3DDevice
[2022.11.11-11.02.33:241][  0]LogD3D11RHI:     GPU DeviceId: 0x1f02 (for the marketing name, search the web for "GPU Device Id")
[2022.11.11-11.02.33:241][  0]LogWindows: EnumDisplayDevices:
[2022.11.11-11.02.33:242][  0]LogWindows:    0. 'NVIDIA GeForce RTX 2070' (P:1 D:1)
[2022.11.11-11.02.33:242][  0]LogWindows:    1. 'NVIDIA GeForce RTX 2070' (P:0 D:1)
[2022.11.11-11.02.33:242][  0]LogWindows:    2. 'NVIDIA GeForce RTX 2070' (P:0 D:0)
[2022.11.11-11.02.33:242][  0]LogWindows:    3. 'NVIDIA GeForce RTX 2070' (P:0 D:0)
[2022.11.11-11.02.33:242][  0]LogWindows: DebugString: FoundDriverCount:4 
[2022.11.11-11.02.33:243][  0]LogD3D11RHI:     Adapter Name: NVIDIA GeForce RTX 2070
[2022.11.11-11.02.33:243][  0]LogD3D11RHI:   Driver Version: 526.86 (internal:31.0.15.2686, unified:526.86)
[2022.11.11-11.02.33:243][  0]LogD3D11RHI:      Driver Date: 11-8-2022
[2022.11.11-11.02.33:243][  0]LogRHI: Texture pool is 5613 MB (70% of 8019 MB)
[2022.11.11-11.02.33:243][  0]LogD3D11RHI: Creating D3DDevice using adapter:
[2022.11.11-11.02.33:243][  0]LogD3D11RHI:     Description : NVIDIA GeForce RTX 2070
[2022.11.11-11.02.33:243][  0]LogD3D11RHI:     VendorId    : 10de
[2022.11.11-11.02.33:243][  0]LogD3D11RHI:     DeviceId    : 1f02
[2022.11.11-11.02.33:243][  0]LogD3D11RHI:     SubSysId    : 37341462
[2022.11.11-11.02.33:243][  0]LogD3D11RHI:     Revision    : 00a1
[2022.11.11-11.02.33:243][  0]LogD3D11RHI:     DedicatedVideoMemory : 8408530944 bytes
[2022.11.11-11.02.33:243][  0]LogD3D11RHI:     DedicatedSystemMemory : 0 bytes
[2022.11.11-11.02.33:243][  0]LogD3D11RHI:     SharedSystemMemory : 17143683072 bytes
[2022.11.11-11.02.33:243][  0]LogD3D11RHI:     AdapterLuid : 0 55651
[2022.11.11-11.02.33:321][  0]LogD3D11RHI: RHI has support for 64 bit atomics
[2022.11.11-11.02.33:321][  0]LogD3D11RHI: Async texture creation enabled
[2022.11.11-11.02.33:321][  0]LogD3D11RHI: Array index from any shader is supported
[2022.11.11-11.02.33:339][  0]LogD3D11RHI: GPU Timing Frequency: 1000.000000 (Debug: 2 1)
[2022.11.11-11.02.33:368][  0]LogRHI: GeForceNow SDK initialized: 1
[2022.11.11-11.02.33:369][  0]LogRendererCore: Ray tracing is disabled. Reason: r.RayTracing=0.
[2022.11.11-11.02.33:369][  0]LogShaderLibrary: Display: Using ../../Content/ShaderArchive-Global-PCD3D_SM5.ushaderbytecode for material shader code. Total 2354 unique shaders.
[2022.11.11-11.02.33:369][  0]LogShaderLibrary: Display: Cooked Context: Using Shared Shader Library Global
[2022.11.11-11.02.33:369][  0]LogShaderLibrary: Display: Logical shader library 'Global' has been created, components 1
[2022.11.11-11.02.33:370][  0]LogShaderLibrary: Display: Running without a pakfile and did not find a monolithic library 'Global_SC' - attempting disk search for its chunks
[2022.11.11-11.02.33:370][  0]LogShaderLibrary: Display:    ....  not found
[2022.11.11-11.02.33:370][  0]LogShaderLibrary: Display: Running without a pakfile and did not find a monolithic library 'Paper2D' - attempting disk search for its chunks
[2022.11.11-11.02.33:371][  0]LogShaderLibrary: Display:    ....  not found
[2022.11.11-11.02.33:371][  0]LogShaderLibrary: Display: Running without a pakfile and did not find a monolithic library 'Paper2D' - attempting disk search for its chunks
[2022.11.11-11.02.33:371][  0]LogShaderLibrary: Display:    ....  not found
[2022.11.11-11.02.33:371][  0]LogShaderLibrary: Display: Running without a pakfile and did not find a monolithic library 'AnimationSharing' - attempting disk search for its chunks
[2022.11.11-11.02.33:372][  0]LogShaderLibrary: Display:    ....  not found
[2022.11.11-11.02.33:372][  0]LogShaderLibrary: Display: Running without a pakfile and did not find a monolithic library 'AnimationSharing' - attempting disk search for its chunks
[2022.11.11-11.02.33:372][  0]LogShaderLibrary: Display:    ....  not found
[2022.11.11-11.02.33:372][  0]LogShaderLibrary: Display: Running without a pakfile and did not find a monolithic library 'GeometryMode' - attempting disk search for its chunks
[2022.11.11-11.02.33:372][  0]LogShaderLibrary: Display:    ....  not found
[2022.11.11-11.02.33:372][  0]LogShaderLibrary: Display: Running without a pakfile and did not find a monolithic library 'GeometryMode' - attempting disk search for its chunks
[2022.11.11-11.02.33:373][  0]LogShaderLibrary: Display:    ....  not found
[2022.11.11-11.02.33:373][  0]LogShaderLibrary: Display: Running without a pakfile and did not find a monolithic library 'SpeedTreeImporter' - attempting disk search for its chunks
[2022.11.11-11.02.33:373][  0]LogShaderLibrary: Display:    ....  not found
[2022.11.11-11.02.33:373][  0]LogShaderLibrary: Display: Running without a pakfile and did not find a monolithic library 'SpeedTreeImporter' - attempting disk search for its chunks
[2022.11.11-11.02.33:373][  0]LogShaderLibrary: Display:    ....  not found
[2022.11.11-11.02.33:374][  0]LogShaderLibrary: Display: Running without a pakfile and did not find a monolithic library 'DatasmithContent' - attempting disk search for its chunks
[2022.11.11-11.02.33:374][  0]LogShaderLibrary: Display:    ....  not found
[2022.11.11-11.02.33:374][  0]LogShaderLibrary: Display: Running without a pakfile and did not find a monolithic library 'DatasmithContent' - attempting disk search for its chunks
[2022.11.11-11.02.33:374][  0]LogShaderLibrary: Display:    ....  not found
[2022.11.11-11.02.33:374][  0]LogShaderLibrary: Display: Running without a pakfile and did not find a monolithic library 'ChaosClothEditor' - attempting disk search for its chunks
[2022.11.11-11.02.33:375][  0]LogShaderLibrary: Display:    ....  not found
[2022.11.11-11.02.33:375][  0]LogShaderLibrary: Display: Running without a pakfile and did not find a monolithic library 'ChaosClothEditor' - attempting disk search for its chunks
[2022.11.11-11.02.33:375][  0]LogShaderLibrary: Display:    ....  not found
[2022.11.11-11.02.33:375][  0]LogShaderLibrary: Display: Running without a pakfile and did not find a monolithic library 'ChaosNiagara' - attempting disk search for its chunks
[2022.11.11-11.02.33:375][  0]LogShaderLibrary: Display:    ....  not found
[2022.11.11-11.02.33:375][  0]LogShaderLibrary: Display: Running without a pakfile and did not find a monolithic library 'ChaosNiagara' - attempting disk search for its chunks
[2022.11.11-11.02.33:376][  0]LogShaderLibrary: Display:    ....  not found
[2022.11.11-11.02.33:376][  0]LogShaderLibrary: Display: Running without a pakfile and did not find a monolithic library 'ChaosSolverPlugin' - attempting disk search for its chunks
[2022.11.11-11.02.33:376][  0]LogShaderLibrary: Display:    ....  not found
[2022.11.11-11.02.33:376][  0]LogShaderLibrary: Display: Running without a pakfile and did not find a monolithic library 'ChaosSolverPlugin' - attempting disk search for its chunks
[2022.11.11-11.02.33:376][  0]LogShaderLibrary: Display:    ....  not found
[2022.11.11-11.02.33:376][  0]LogShaderLibrary: Display: Running without a pakfile and did not find a monolithic library 'GeometryCollectionPlugin' - attempting disk search for its chunks
[2022.11.11-11.02.33:377][  0]LogShaderLibrary: Display:    ....  not found
[2022.11.11-11.02.33:377][  0]LogShaderLibrary: Display: Running without a pakfile and did not find a monolithic library 'GeometryCollectionPlugin' - attempting disk search for its chunks
[2022.11.11-11.02.33:377][  0]LogShaderLibrary: Display:    ....  not found
[2022.11.11-11.02.33:377][  0]LogShaderLibrary: Display: Running without a pakfile and did not find a monolithic library 'GeometryProcessing' - attempting disk search for its chunks
[2022.11.11-11.02.33:377][  0]LogShaderLibrary: Display:    ....  not found
[2022.11.11-11.02.33:377][  0]LogShaderLibrary: Display: Running without a pakfile and did not find a monolithic library 'GeometryProcessing' - attempting disk search for its chunks
[2022.11.11-11.02.33:378][  0]LogShaderLibrary: Display:    ....  not found
[2022.11.11-11.02.33:378][  0]LogShaderLibrary: Display: Running without a pakfile and did not find a monolithic library 'MeshModelingToolset' - attempting disk search for its chunks
[2022.11.11-11.02.33:378][  0]LogShaderLibrary: Display:    ....  not found
[2022.11.11-11.02.33:378][  0]LogShaderLibrary: Display: Running without a pakfile and did not find a monolithic library 'MeshModelingToolset' - attempting disk search for its chunks
[2022.11.11-11.02.33:378][  0]LogShaderLibrary: Display:    ....  not found
[2022.11.11-11.02.33:378][  0]LogShaderLibrary: Display: Running without a pakfile and did not find a monolithic library 'ModelingToolsEditorMode' - attempting disk search for its chunks
[2022.11.11-11.02.33:379][  0]LogShaderLibrary: Display:    ....  not found
[2022.11.11-11.02.33:379][  0]LogShaderLibrary: Display: Running without a pakfile and did not find a monolithic library 'ModelingToolsEditorMode' - attempting disk search for its chunks
[2022.11.11-11.02.33:379][  0]LogShaderLibrary: Display:    ....  not found
[2022.11.11-11.02.33:379][  0]LogShaderLibrary: Display: Running without a pakfile and did not find a monolithic library 'MotoSynth' - attempting disk search for its chunks
[2022.11.11-11.02.33:379][  0]LogShaderLibrary: Display:    ....  not found
[2022.11.11-11.02.33:380][  0]LogShaderLibrary: Display: Running without a pakfile and did not find a monolithic library 'MotoSynth' - attempting disk search for its chunks
[2022.11.11-11.02.33:380][  0]LogShaderLibrary: Display:    ....  not found
[2022.11.11-11.02.33:380][  0]LogShaderLibrary: Display: Running without a pakfile and did not find a monolithic library 'PythonScriptPlugin' - attempting disk search for its chunks
[2022.11.11-11.02.33:380][  0]LogShaderLibrary: Display:    ....  not found
[2022.11.11-11.02.33:380][  0]LogShaderLibrary: Display: Running without a pakfile and did not find a monolithic library 'PythonScriptPlugin' - attempting disk search for its chunks
[2022.11.11-11.02.33:380][  0]LogShaderLibrary: Display:    ....  not found
[2022.11.11-11.02.33:381][  0]LogShaderLibrary: Display: Running without a pakfile and did not find a monolithic library 'Niagara' - attempting disk search for its chunks
[2022.11.11-11.02.33:381][  0]LogShaderLibrary: Display:    ....  not found
[2022.11.11-11.02.33:381][  0]LogShaderLibrary: Display: Running without a pakfile and did not find a monolithic library 'Niagara' - attempting disk search for its chunks
[2022.11.11-11.02.33:381][  0]LogShaderLibrary: Display:    ....  not found
[2022.11.11-11.02.33:381][  0]LogShaderLibrary: Display: Running without a pakfile and did not find a monolithic library 'MagicLeap' - attempting disk search for its chunks
[2022.11.11-11.02.33:382][  0]LogShaderLibrary: Display:    ....  not found
[2022.11.11-11.02.33:382][  0]LogShaderLibrary: Display: Running without a pakfile and did not find a monolithic library 'MagicLeap' - attempting disk search for its chunks
[2022.11.11-11.02.33:382][  0]LogShaderLibrary: Display:    ....  not found
[2022.11.11-11.02.33:382][  0]LogShaderLibrary: Display: Running without a pakfile and did not find a monolithic library 'MagicLeapPassableWorld' - attempting disk search for its chunks
[2022.11.11-11.02.33:382][  0]LogShaderLibrary: Display:    ....  not found
[2022.11.11-11.02.33:382][  0]LogShaderLibrary: Display: Running without a pakfile and did not find a monolithic library 'MagicLeapPassableWorld' - attempting disk search for its chunks
[2022.11.11-11.02.33:383][  0]LogShaderLibrary: Display:    ....  not found
[2022.11.11-11.02.33:383][  0]LogShaderLibrary: Display: Running without a pakfile and did not find a monolithic library 'MediaCompositing' - attempting disk search for its chunks
[2022.11.11-11.02.33:383][  0]LogShaderLibrary: Display:    ....  not found
[2022.11.11-11.02.33:383][  0]LogShaderLibrary: Display: Running without a pakfile and did not find a monolithic library 'MediaCompositing' - attempting disk search for its chunks
[2022.11.11-11.02.33:383][  0]LogShaderLibrary: Display:    ....  not found
[2022.11.11-11.02.33:384][  0]LogShaderLibrary: Display: Running without a pakfile and did not find a monolithic library 'AudioSynesthesia' - attempting disk search for its chunks
[2022.11.11-11.02.33:384][  0]LogShaderLibrary: Display:    ....  not found
[2022.11.11-11.02.33:384][  0]LogShaderLibrary: Display: Running without a pakfile and did not find a monolithic library 'AudioSynesthesia' - attempting disk search for its chunks
[2022.11.11-11.02.33:384][  0]LogShaderLibrary: Display:    ....  not found
[2022.11.11-11.02.33:384][  0]LogShaderLibrary: Display: Running without a pakfile and did not find a monolithic library 'HairStrands' - attempting disk search for its chunks
[2022.11.11-11.02.33:385][  0]LogShaderLibrary: Display:    ....  not found
[2022.11.11-11.02.33:385][  0]LogShaderLibrary: Display: Running without a pakfile and did not find a monolithic library 'HairStrands' - attempting disk search for its chunks
[2022.11.11-11.02.33:385][  0]LogShaderLibrary: Display:    ....  not found
[2022.11.11-11.02.33:385][  0]LogShaderLibrary: Display: Running without a pakfile and did not find a monolithic library 'OpenXR' - attempting disk search for its chunks
[2022.11.11-11.02.33:385][  0]LogShaderLibrary: Display:    ....  not found
[2022.11.11-11.02.33:386][  0]LogShaderLibrary: Display: Running without a pakfile and did not find a monolithic library 'OpenXR' - attempting disk search for its chunks
[2022.11.11-11.02.33:386][  0]LogShaderLibrary: Display:    ....  not found
[2022.11.11-11.02.33:386][  0]LogShaderLibrary: Display: Running without a pakfile and did not find a monolithic library 'OpenXREyeTracker' - attempting disk search for its chunks
[2022.11.11-11.02.33:386][  0]LogShaderLibrary: Display:    ....  not found
[2022.11.11-11.02.33:386][  0]LogShaderLibrary: Display: Running without a pakfile and did not find a monolithic library 'OpenXREyeTracker' - attempting disk search for its chunks
[2022.11.11-11.02.33:386][  0]LogShaderLibrary: Display:    ....  not found
[2022.11.11-11.02.33:387][  0]LogShaderLibrary: Display: Running without a pakfile and did not find a monolithic library 'OpenXRHandTracking' - attempting disk search for its chunks
[2022.11.11-11.02.33:387][  0]LogShaderLibrary: Display:    ....  not found
[2022.11.11-11.02.33:387][  0]LogShaderLibrary: Display: Running without a pakfile and did not find a monolithic library 'OpenXRHandTracking' - attempting disk search for its chunks
[2022.11.11-11.02.33:387][  0]LogShaderLibrary: Display:    ....  not found
[2022.11.11-11.02.33:387][  0]LogShaderLibrary: Display: Running without a pakfile and did not find a monolithic library 'Synthesis' - attempting disk search for its chunks
[2022.11.11-11.02.33:388][  0]LogShaderLibrary: Display:    ....  not found
[2022.11.11-11.02.33:388][  0]LogShaderLibrary: Display: Running without a pakfile and did not find a monolithic library 'Synthesis' - attempting disk search for its chunks
[2022.11.11-11.02.33:388][  0]LogShaderLibrary: Display:    ....  not found
[2022.11.11-11.02.33:388][  0]LogShaderLibrary: Display: Running without a pakfile and did not find a monolithic library 'Takes' - attempting disk search for its chunks
[2022.11.11-11.02.33:388][  0]LogShaderLibrary: Display:    ....  not found
[2022.11.11-11.02.33:388][  0]LogShaderLibrary: Display: Running without a pakfile and did not find a monolithic library 'Takes' - attempting disk search for its chunks
[2022.11.11-11.02.33:389][  0]LogShaderLibrary: Display:    ....  not found
[2022.11.11-11.02.33:389][  0]LogShaderLibrary: Display: Running without a pakfile and did not find a monolithic library 'OculusVR' - attempting disk search for its chunks
[2022.11.11-11.02.33:389][  0]LogShaderLibrary: Display:    ....  not found
[2022.11.11-11.02.33:389][  0]LogShaderLibrary: Display: Running without a pakfile and did not find a monolithic library 'OculusVR' - attempting disk search for its chunks
[2022.11.11-11.02.33:390][  0]LogShaderLibrary: Display:    ....  not found
[2022.11.11-11.02.33:390][  0]LogShaderLibrary: Display: Running without a pakfile and did not find a monolithic library 'SteamVR' - attempting disk search for its chunks
[2022.11.11-11.02.33:390][  0]LogShaderLibrary: Display:    ....  not found
[2022.11.11-11.02.33:390][  0]LogShaderLibrary: Display: Running without a pakfile and did not find a monolithic library 'SteamVR' - attempting disk search for its chunks
[2022.11.11-11.02.33:390][  0]LogShaderLibrary: Display:    ....  not found
[2022.11.11-11.02.33:390][  0]LogTemp: Warning: Clearing the OS Cache
[2022.11.11-11.02.33:390][  0]LogODSC: ODSC Thread active.
[2022.11.11-11.02.33:417][  0]LogSlate: Using FreeType 2.10.0
[2022.11.11-11.02.33:419][  0]LogSlate: SlateFontServices - WITH_FREETYPE: 1, WITH_HARFBUZZ: 1
[2022.11.11-11.02.33:451][  0]LogShaderLibrary: Display: Using ../../Content/ShaderArchive-EndlessRunner-PCD3D_SM5.ushaderbytecode for material shader code. Total 3010 unique shaders.
[2022.11.11-11.02.33:451][  0]LogShaderLibrary: Display: Cooked Context: Using Shared Shader Library EndlessRunner
[2022.11.11-11.02.33:452][  0]LogShaderLibrary: Display: Logical shader library 'EndlessRunner' has been created, components 1
[2022.11.11-11.02.33:452][  0]LogRHI: Display: Opened pipeline cache after state change and enqueued 0 of 0 tasks for precompile.
[2022.11.11-11.02.33:452][  0]LogRHI: Display: Failed to open default shader pipeline cache for EndlessRunner using shader platform 0.
[2022.11.11-11.02.33:452][  0]LogInit: Using OS detected language (fr-FR).
[2022.11.11-11.02.33:452][  0]LogInit: Using OS detected locale (fr-FR).
[2022.11.11-11.02.33:452][  0]LogTextLocalizationManager: No localization for 'fr-FR' exists, so 'en' will be used for the language.
[2022.11.11-11.02.33:452][  0]LogTextLocalizationManager: No localization for 'fr-FR' exists, so 'en' will be used for the locale.
[2022.11.11-11.02.33:452][  0]LogSlate: FontCache flush requested. Reason: Culture for localization was changed
[2022.11.11-11.02.33:452][  0]LogSlate: FontCache flush requested. Reason: Culture for localization was changed
[2022.11.11-11.02.33:455][  0]LogTextLocalizationManager: Compacting localization data took   0.01ms
[2022.11.11-11.02.33:455][  0]LogAssetRegistry: FAssetRegistry took 0.0018 seconds to start up
[2022.11.11-11.02.33:540][  0]LogStreaming: Display: FlushAsyncLoading: 1 QueuedPackages, 0 AsyncPackages
[2022.11.11-11.02.33:541][  0]LogPackageLocalizationCache: Processed 29 localized package path(s) for 1 prioritized culture(s) in 0.000122 seconds
[2022.11.11-11.02.33:550][  0]LogSerialization: Display: AllowBulkDataInIoStore: 'true'
[2022.11.11-11.02.33:550][  0]LogInit: Selected Device Profile: [WindowsNoEditor]
[2022.11.11-11.02.33:551][  0]LogInit: Active device profile: [0000021B79163880][0000021B6AA60010 49] WindowsNoEditor
[2022.11.11-11.02.33:551][  0]LogInit: Profiles: [0000021B79163B80][0000021B7721B6E0 49] Windows, [0000021B79163880][0000021B6AA60010 49] WindowsNoEditor, 
[2022.11.11-11.02.33:583][  0]LogNetVersion: EndlessRunner 1.0.0, NetCL: 17155196, EngineNetVer: 17, GameNetVer: 0 (Checksum: 1331125288)
[2022.11.11-11.02.33:651][  0]LogAudioCaptureCore: Display: No Audio Capture implementations found. Audio input will be silent.
[2022.11.11-11.02.33:651][  0]LogAudioCaptureCore: Display: No Audio Capture implementations found. Audio input will be silent.
[2022.11.11-11.02.33:652][  0]LogHMD: PokeAHoleMaterial loaded successfully
[2022.11.11-11.02.33:682][  0]LogMoviePlayer: Initializing movie player
[2022.11.11-11.02.33:722][  0]LogNiagaraDebuggerClient: Niagara Debugger Client Initialized | Session: 2FD592144F81682600A403851E69E723 | Instance: D167CC9B4544775384E788AF7DD08002 (DESKTOP-CU9OQB7-4212).
[2022.11.11-11.02.33:724][  0]LogAndroidPermission: UAndroidPermissionCallbackProxy::GetInstance
[2022.11.11-11.02.33:725][  0]LogOcInput: OculusInput pre-init called
[2022.11.11-11.02.33:729][  0]LogUObjectArray: 16723 objects as part of root set at end of initial load.
[2022.11.11-11.02.33:729][  0]LogUObjectArray: 2 objects are not in the root set, but can never be destroyed because they are in the DisregardForGC set.
[2022.11.11-11.02.33:729][  0]LogUObjectAllocator: 3344680 out of 0 bytes used by permanent object pool.
[2022.11.11-11.02.33:729][  0]LogUObjectArray: CloseDisregardForGC: 16723/16723 objects in disregard for GC pool
[2022.11.11-11.02.33:731][  0]LogEngine: Initializing Engine...
[2022.11.11-11.02.33:833][  0]LogHMD: Failed to initialize OpenVR with code 108
[2022.11.11-11.02.33:855][  0]LogHMD: Optional extension XR_VARJO_quad_views is not available
[2022.11.11-11.02.33:855][  0]LogHMD: Warning: Required extension XR_EXT_eye_gaze_interaction is not available
[2022.11.11-11.02.33:855][  0]LogHMD: Could not enable all required OpenXR extensions for OpenXREyeTracker on current system. This plugin will be loaded but ignored, but will be enabled on a target platform that supports the required extension.
[2022.11.11-11.02.33:901][  0]LogHMD: Failed to create an OpenXR instance, result is XR_ERROR_RUNTIME_FAILURE. Please check if you have an OpenXR runtime installed. The following extensions were enabled:
[2022.11.11-11.02.33:901][  0]LogHMD: - XR_KHR_D3D11_enable
[2022.11.11-11.02.33:901][  0]LogHMD: - XR_KHR_D3D12_enable
[2022.11.11-11.02.33:901][  0]LogHMD: - XR_KHR_opengl_enable
[2022.11.11-11.02.33:901][  0]LogHMD: - XR_KHR_vulkan_enable
[2022.11.11-11.02.33:901][  0]LogHMD: - XR_KHR_composition_layer_depth
[2022.11.11-11.02.33:901][  0]LogHMD: - XR_KHR_visibility_mask
[2022.11.11-11.02.33:901][  0]LogHMD: - XR_EXT_hand_tracking
[2022.11.11-11.02.33:903][  0]LogStats: UGameplayTagsManager::InitializeManager -  0.000 s
[2022.11.11-11.02.33:958][  0]LogInit: Initializing FReadOnlyCVARCache
[2022.11.11-11.02.33:958][  0]LogAudio: Display: Initializing Audio Device Manager...
[2022.11.11-11.02.33:958][  0]LogAudio: Display: Loading Default Audio Settings Objects...
[2022.11.11-11.02.33:959][  0]LogAudio: Display: No default SoundConcurrencyObject specified (or failed to load).
[2022.11.11-11.02.33:959][  0]LogAudio: Display: Audio Device Manager Initialized
[2022.11.11-11.02.33:959][  0]LogAudio: Display: Creating Audio Device:                 Id: 1, Scope: Shared, Realtime: True
[2022.11.11-11.02.33:960][  0]LogAudioMixer: Display: Audio Mixer Platform Settings:
[2022.11.11-11.02.33:960][  0]LogAudioMixer: Display: 	Sample Rate:						  48000
[2022.11.11-11.02.33:960][  0]LogAudioMixer: Display: 	Callback Buffer Frame Size Requested: 1024
[2022.11.11-11.02.33:960][  0]LogAudioMixer: Display: 	Callback Buffer Frame Size To Use:	  1024
[2022.11.11-11.02.33:960][  0]LogAudioMixer: Display: 	Number of buffers to queue:			  2
[2022.11.11-11.02.33:960][  0]LogAudioMixer: Display: 	Max Channels (voices):				  32
[2022.11.11-11.02.33:960][  0]LogAudioMixer: Display: 	Number of Async Source Workers:		  0
[2022.11.11-11.02.33:960][  0]LogAudio: Display: AudioDevice MaxSources: 32
[2022.11.11-11.02.33:960][  0]LogAudio: Display: Audio Spatialization Plugin: None (built-in).
[2022.11.11-11.02.33:960][  0]LogAudio: Display: Audio Reverb Plugin: None (built-in).
[2022.11.11-11.02.33:960][  0]LogAudio: Display: Audio Occlusion Plugin: None (built-in).
[2022.11.11-11.02.33:960][  0]LogAudioMixer: Display: Initializing audio mixer.
[2022.11.11-11.02.33:969][  0]LogAudioDebug: Display: Lib vorbis DLL was dynamically loaded.
[2022.11.11-11.02.33:976][  0]LogAudioMixer: Display: 0: FrontLeft
[2022.11.11-11.02.33:976][  0]LogAudioMixer: Display: 1: FrontRight
[2022.11.11-11.02.33:976][  0]LogAudioMixer: Display: 2: FrontCenter
[2022.11.11-11.02.33:976][  0]LogAudioMixer: Display: 3: LowFrequency
[2022.11.11-11.02.33:976][  0]LogAudioMixer: Display: 4: BackLeft
[2022.11.11-11.02.33:976][  0]LogAudioMixer: Display: 5: BackRight
[2022.11.11-11.02.33:976][  0]LogAudioMixer: Display: 6: SideLeft
[2022.11.11-11.02.33:976][  0]LogAudioMixer: Display: 7: SideRight
[2022.11.11-11.02.34:006][  0]LogAudioMixer: Display: Using Audio Device 7.1 Game Sound (4- Teufel Gaming Headset)
[2022.11.11-11.02.34:006][  0]LogAudioMixer: Display: Initializing Sound Submixes...
[2022.11.11-11.02.34:008][  0]LogAudioMixer: Display: Creating Master Submix 'MasterSubmixDefault'
[2022.11.11-11.02.34:008][  0]LogAudioMixer: Display: Creating Master Submix 'MasterReverbSubmixDefault'
[2022.11.11-11.02.34:009][  0]LogAudioMixer: Display: Creating Master Submix 'MasterEQSubmixDefault'
[2022.11.11-11.02.34:009][  0]LogAudioMixer: FMixerPlatformXAudio2::StartAudioStream() called
[2022.11.11-11.02.34:009][  0]LogAudioMixer: Display: Output buffers initialized: Frames=1024, Channels=8, Samples=8192
[2022.11.11-11.02.34:009][  0]LogAudioMixer: Display: Starting AudioMixerPlatformInterface::RunInternal()
[2022.11.11-11.02.34:009][  0]LogAudioMixer: Display: FMixerPlatformXAudio2::SubmitBuffer() called for the first time
[2022.11.11-11.02.34:009][  0]LogInit: FAudioDevice initialized.
[2022.11.11-11.02.34:010][  0]LogNetVersion: Set ProjectVersion to 1.0.0.0. Version Checksum will be recalculated on next use.
[2022.11.11-11.02.34:011][  0]LogInit: Texture streaming: Enabled
[2022.11.11-11.02.34:019][  0]LogAudio: Display: Audio Device (ID: 1) registered with world 'Untitled'.
[2022.11.11-11.02.34:020][  0]LogSlate: Updating window title bar state: overlay mode, drag disabled, window buttons hidden, title bar hidden
[2022.11.11-11.02.34:020][  0]LogInit: Display: Game Engine Initialized.
[2022.11.11-11.02.34:021][  0]LogInit: Display: Starting Game.
[2022.11.11-11.02.34:021][  0]LogNet: Browse: /Game/Assets/Levels/GamePlay?Name=Player
[2022.11.11-11.02.34:021][  0]LogLoad: LoadMap: /Game/Assets/Levels/GamePlay?Name=Player
[2022.11.11-11.02.34:021][  0]LogWorld: BeginTearingDown for /Temp/Untitled_0
[2022.11.11-11.02.34:022][  0]LogWorld: UWorld::CleanupWorld for Untitled, bSessionEnded=true, bCleanupResources=true
[2022.11.11-11.02.34:022][  0]LogSlate: InvalidateAllWidgets triggered.  All widgets were invalidated
[2022.11.11-11.02.34:025][  0]LogAudio: Display: Audio Device unregistered from world 'None'.
[2022.11.11-11.02.34:026][  0]LogUObjectHash: Compacting FUObjectHashTables data took   0.68ms
[2022.11.11-11.02.34:199][  0]LogAudio: Display: Audio Device (ID: 1) registered with world 'GamePlay'.
[2022.11.11-11.02.34:201][  0]LogAIModule: Creating AISystem for world GamePlay
[2022.11.11-11.02.34:201][  0]LogLoad: Game class is 'EndlerRunner_C'
[2022.11.11-11.02.34:203][  0]LogWorld: Bringing World /Game/Assets/Levels/GamePlay.GamePlay up for play (max tick rate 0) at 2022.11.11-12.02.34
[2022.11.11-11.02.34:203][  0]LogWorld: Bringing up level for play took: 0.000484
[2022.11.11-11.02.34:240][  0]LogBlueprintUserMessages: [ThirdPersonCharacter_C_2147482534] Data Loaded
[2022.11.11-11.02.34:241][  0]LogLoad: Took 0.220621 seconds to LoadMap(/Game/Assets/Levels/GamePlay)
[2022.11.11-11.02.34:242][  0]LogSlate: Took 0.000290 seconds to synchronously load lazily loaded font 'D:/Programmes/UE_4.27/Engine/Content/EngineFonts/Faces/RobotoBold.ufont' (160K)
[2022.11.11-11.02.34:310][  0]LogSlate: Took 0.000528 seconds to synchronously load lazily loaded font 'D:/Programmes/UE_4.27/Engine/Content/Slate/Fonts/Roboto-Regular.ttf' (155K)
[2022.11.11-11.02.34:348][  0]LogRenderer: Reallocating scene render targets to support 1920x1080 Format 10 NumSamples 1 (Frame:1).
[2022.11.11-11.02.34:348][  0]LogRHI: Display: ShaderPipelineCache: Paused Batching. 1
[2022.11.11-11.02.34:348][  0]LogRHI: Display: ShaderPipelineCache: Resumed Batching. 0
[2022.11.11-11.02.34:348][  0]LogRHI: Display: ShaderPipelineCache: Batching Resumed.
[2022.11.11-11.02.34:348][  0]LogInit: Display: Engine is initialized. Leaving FEngineLoop::Init()
[2022.11.11-11.02.34:348][  0]LogLoad: (Engine Initialization) Total time: 10.14 seconds
[2022.11.11-11.02.34:383][  0]LogContentStreaming: Texture pool size now 1000 MB
[2022.11.11-11.02.34:390][  0]LogSlate: InvalidateAllWidgets triggered.  All widgets were invalidated
[2022.11.11-11.02.34:449][  0]LogSlate: Slate font cache was flushed
[2022.11.11-11.02.34:453][  1]LogSlate: Took 0.000509 seconds to synchronously load lazily loaded font 'D:/Programmes/UE_4.27/Engine/Content/Slate/Fonts/Roboto-Regular.ttf' (155K)
[2022.11.11-11.02.34:455][  1]LogSlate: Took 0.000443 seconds to synchronously load lazily loaded font 'D:/Programmes/UE_4.27/Engine/Content/EngineFonts/Faces/RobotoBold.ufont' (160K)
[2022.11.11-11.02.41:711][675]LogBlueprintUserMessages: [ThirdPersonCharacter_C_2147482534] Save Success
[2022.11.11-11.02.43:561][846]LogWindowsDesktop: Alt-F4 pressed!
[2022.11.11-11.02.43:561][846]LogSlate: Request Window 'Runner Driver Runner Driver ' being destroyed
[2022.11.11-11.02.43:574][846]LogSlate: Window 'Runner Driver Runner Driver ' being destroyed
[2022.11.11-11.02.43:574][846]LogWindowsTextInputMethodSystem: Display: IME system deactivated.
[2022.11.11-11.02.43:580][846]LogSlate: Updating window title bar state: overlay mode, drag disabled, window buttons hidden, title bar hidden
[2022.11.11-11.02.43:580][846]LogEngine: All Windows Closed
[2022.11.11-11.02.43:580][846]LogWindows: FPlatformMisc::RequestExit(0)
[2022.11.11-11.02.43:580][846]LogWindows: FPlatformMisc::RequestExitWithStatus(0, 0)
[2022.11.11-11.02.43:580][846]LogCore: Engine exit requested (reason: Win RequestExit)
[2022.11.11-11.02.43:581][847]LogCore: Engine exit requested (reason: EngineExit() was called; note: exit was already requested)
[2022.11.11-11.02.43:581][847]LogInit: Display: PreExit Game.
[2022.11.11-11.02.43:650][847]LogWorld: BeginTearingDown for /Game/Assets/Levels/GamePlay
[2022.11.11-11.02.43:650][847]LogWorld: UWorld::CleanupWorld for GamePlay, bSessionEnded=true, bCleanupResources=true
[2022.11.11-11.02.43:653][847]LogSlate: InvalidateAllWidgets triggered.  All widgets were invalidated
[2022.11.11-11.02.43:908][847]LogAudio: Display: Beginning Audio Device Manager Shutdown (Module: AudioMixerXAudio2)...
[2022.11.11-11.02.43:908][847]LogAudio: Display: Destroying 1 Remaining Audio Device(s)...
[2022.11.11-11.02.43:908][847]LogAudio: Display: Audio Device unregistered from world 'GamePlay'.
[2022.11.11-11.02.43:909][847]LogAudioMixer: FMixerPlatformXAudio2::StopAudioStream() called
[2022.11.11-11.02.43:909][847]LogAudioMixer: FMixerPlatformXAudio2::StopAudioStream() called
[2022.11.11-11.02.43:915][847]LogAudio: Display: Audio Device Manager Shutdown
[2022.11.11-11.02.43:917][847]LogExit: Preparing to exit.
[2022.11.11-11.02.43:917][847]LogMoviePlayer: Shutting down movie player
[2022.11.11-11.02.43:921][847]LogSlate: Updating window title bar state: overlay mode, drag disabled, window buttons hidden, title bar hidden
[2022.11.11-11.02.43:925][847]LogDemo: Cleaned up 0 splitscreen connections with owner deletion
[2022.11.11-11.02.43:926][847]LogExit: Game engine shut down
[2022.11.11-11.02.43:951][847]LogExit: Object subsystem successfully closed.
[2022.11.11-11.02.43:961][847]LogModuleManager: Shutting down and abandoning module AutomationController (366)
[2022.11.11-11.02.43:961][847]LogModuleManager: Shutting down and abandoning module AutomationWorker (364)
[2022.11.11-11.02.43:961][847]LogModuleManager: Shutting down and abandoning module Voice (362)
[2022.11.11-11.02.43:961][847]LogModuleManager: Shutting down and abandoning module AIModule (360)
[2022.11.11-11.02.43:961][847]LogModuleManager: Shutting down and abandoning module GameplayDebugger (359)
[2022.11.11-11.02.43:961][847]LogModuleManager: Shutting down and abandoning module NavigationSystem (357)
[2022.11.11-11.02.43:961][847]LogModuleManager: Shutting down and abandoning module OculusMR (354)
[2022.11.11-11.02.43:961][847]LogModuleManager: Shutting down and abandoning module OpenXRInput (352)
[2022.11.11-11.02.43:961][847]LogModuleManager: Shutting down and abandoning module WmfMediaFactory (350)
[2022.11.11-11.02.43:961][847]LogModuleManager: Shutting down and abandoning module WebMMediaFactory (348)
[2022.11.11-11.02.43:961][847]LogModuleManager: Shutting down and abandoning module WebMMedia (346)
[2022.11.11-11.02.43:961][847]LogModuleManager: Shutting down and abandoning module OpenExrWrapper (344)
[2022.11.11-11.02.43:961][847]LogModuleManager: Shutting down and abandoning module ImgMediaFactory (342)
[2022.11.11-11.02.43:961][847]LogModuleManager: Shutting down and abandoning module AvfMediaFactory (340)
[2022.11.11-11.02.43:961][847]LogModuleManager: Shutting down and abandoning module PlanarCut (338)
[2022.11.11-11.02.43:961][847]LogModuleManager: Shutting down and abandoning module CharacterAI (336)
[2022.11.11-11.02.43:961][847]LogModuleManager: Shutting down and abandoning module SessionServices (334)
[2022.11.11-11.02.43:961][847]LogModuleManager: Shutting down and abandoning module LiveCoding (332)
[2022.11.11-11.02.43:961][847]LogModuleManager: Shutting down and abandoning module LevelSequence (330)
[2022.11.11-11.02.43:961][847]LogModuleManager: Shutting down and abandoning module MovieSceneTracks (328)
[2022.11.11-11.02.43:961][847]LogModuleManager: Shutting down and abandoning module MovieScene (326)
[2022.11.11-11.02.43:961][847]LogModuleManager: Shutting down and abandoning module StreamingPauseRendering (324)
[2022.11.11-11.02.43:961][847]LogModuleManager: Shutting down and abandoning module AudioMixerXAudio2 (322)
[2022.11.11-11.02.43:961][847]LogModuleManager: Shutting down and abandoning module AudioMixerCore (321)
[2022.11.11-11.02.43:961][847]LogModuleManager: Shutting down and abandoning module ImageWriteQueue (318)
[2022.11.11-11.02.43:962][847]LogModuleManager: Shutting down and abandoning module ProfilerService (316)
[2022.11.11-11.02.43:987][847]LogModuleManager: Shutting down and abandoning module TaskGraph (314)
[2022.11.11-11.02.43:987][847]LogModuleManager: Shutting down and abandoning module OculusInput (312)
[2022.11.11-11.02.43:987][847]LogModuleManager: Shutting down and abandoning module TakeMovieScene (310)
[2022.11.11-11.02.43:987][847]LogModuleManager: Shutting down and abandoning module Synthesis (308)
[2022.11.11-11.02.43:987][847]LogModuleManager: Shutting down and abandoning module ProceduralMeshComponent (306)
[2022.11.11-11.02.43:987][847]LogModuleManager: Shutting down and abandoning module MobilePatchingUtils (304)
[2022.11.11-11.02.43:987][847]LogModuleManager: Shutting down and abandoning module GooglePAD (302)
[2022.11.11-11.02.43:987][847]LogModuleManager: Shutting down and abandoning module EditableMesh (300)
[2022.11.11-11.02.43:987][847]LogModuleManager: Shutting down and abandoning module CustomMeshComponent (298)
[2022.11.11-11.02.43:987][847]LogModuleManager: Shutting down and abandoning module CableComponent (296)
[2022.11.11-11.02.43:987][847]LogModuleManager: Shutting down and abandoning module AudioCapture (294)
[2022.11.11-11.02.43:987][847]LogModuleManager: Shutting down and abandoning module AudioCaptureRtAudio (293)
[2022.11.11-11.02.43:987][847]LogModuleManager: Shutting down and abandoning module AssetTags (290)
[2022.11.11-11.02.43:987][847]LogModuleManager: Shutting down and abandoning module ArchVisCharacter (288)
[2022.11.11-11.02.43:987][847]LogModuleManager: Shutting down and abandoning module AppleImageUtils (286)
[2022.11.11-11.02.43:987][847]LogModuleManager: Shutting down and abandoning module AndroidPermission (284)
[2022.11.11-11.02.43:987][847]LogModuleManager: Shutting down and abandoning module ActorLayerUtilities (282)
[2022.11.11-11.02.43:987][847]LogModuleManager: Shutting down and abandoning module TemplateSequence (280)
[2022.11.11-11.02.43:987][847]LogModuleManager: Shutting down and abandoning module MediaCompositing (278)
[2022.11.11-11.02.43:987][847]LogModuleManager: Shutting down and abandoning module ImgMedia (276)
[2022.11.11-11.02.43:987][847]LogModuleManager: Shutting down and abandoning module MagicLeapSharedWorld (274)
[2022.11.11-11.02.43:987][847]LogModuleManager: Shutting down and abandoning module MagicLeapLightEstimation (272)
[2022.11.11-11.02.43:987][847]LogModuleManager: Shutting down and abandoning module MagicLeapHelperVulkan (270)
[2022.11.11-11.02.43:987][847]LogModuleManager: Shutting down and abandoning module MagicLeapHelperOpenGL (268)
[2022.11.11-11.02.43:987][847]LogModuleManager: Shutting down and abandoning module MagicLeapAudio (266)
[2022.11.11-11.02.43:987][847]LogModuleManager: Shutting down and abandoning module OpenImageDenoise (264)
[2022.11.11-11.02.43:987][847]LogModuleManager: Shutting down and abandoning module MotoSynth (262)
[2022.11.11-11.02.43:987][847]LogModuleManager: Shutting down and abandoning module MeshModelingTools (260)
[2022.11.11-11.02.43:987][847]LogModuleManager: Shutting down and abandoning module ModelingOperators (258)
[2022.11.11-11.02.43:987][847]LogModuleManager: Shutting down and abandoning module ModelingComponents (256)
[2022.11.11-11.02.43:987][847]LogModuleManager: Shutting down and abandoning module MeshConversion (254)
[2022.11.11-11.02.43:987][847]LogModuleManager: Shutting down and abandoning module DynamicMesh (252)
[2022.11.11-11.02.43:987][847]LogModuleManager: Shutting down and abandoning module GeometryAlgorithms (250)
[2022.11.11-11.02.43:987][847]LogModuleManager: Shutting down and abandoning module GeometricObjects (248)
[2022.11.11-11.02.43:987][847]LogModuleManager: Shutting down and abandoning module GeometryCollectionTracks (246)
[2022.11.11-11.02.43:987][847]LogModuleManager: Shutting down and abandoning module GeometryCacheTracks (244)
[2022.11.11-11.02.43:987][847]LogModuleManager: Shutting down and abandoning module GeometryCache (242)
[2022.11.11-11.02.43:987][847]LogModuleManager: Shutting down and abandoning module ChaosNiagara (240)
[2022.11.11-11.02.43:987][847]LogModuleManager: Shutting down and abandoning module BackChannel (238)
[2022.11.11-11.02.43:987][847]LogModuleManager: Shutting down and abandoning module AutomationUtils (236)
[2022.11.11-11.02.43:987][847]LogModuleManager: Shutting down and abandoning module UObjectPlugin (234)
[2022.11.11-11.02.43:987][847]LogModuleManager: Shutting down and abandoning module OodleNetworkHandlerComponent (232)
[2022.11.11-11.02.43:987][847]LogModuleManager: Shutting down and abandoning module LiveLinkMovieScene (230)
[2022.11.11-11.02.43:987][847]LogModuleManager: Shutting down and abandoning module LiveLinkComponents (228)
[2022.11.11-11.02.43:987][847]LogModuleManager: Shutting down and abandoning module LiveLink (226)
[2022.11.11-11.02.44:730][847]LogModuleManager: Shutting down and abandoning module SoundFields (224)
[2022.11.11-11.02.44:730][847]LogModuleManager: Shutting down and abandoning module SignificanceManager (222)
[2022.11.11-11.02.44:730][847]LogModuleManager: Shutting down and abandoning module RuntimePhysXCooking (220)
[2022.11.11-11.02.44:730][847]LogModuleManager: Shutting down and abandoning module LocationServicesBPLibrary (216)
[2022.11.11-11.02.44:730][847]LogModuleManager: Shutting down and abandoning module AudioSynesthesia (214)
[2022.11.11-11.02.44:730][847]LogModuleManager: Shutting down and abandoning module AudioSynesthesiaCore (212)
[2022.11.11-11.02.44:730][847]LogModuleManager: Shutting down and abandoning module ActorSequence (210)
[2022.11.11-11.02.44:730][847]LogModuleManager: Shutting down and abandoning module UdpMessaging (208)
[2022.11.11-11.02.44:730][847]LogModuleManager: Shutting down and abandoning module TcpMessaging (206)
[2022.11.11-11.02.44:730][847]LogModuleManager: Shutting down and abandoning module ImgMediaEngine (204)
[2022.11.11-11.02.44:730][847]LogModuleManager: Shutting down and abandoning module MagicLeapARPin (202)
[2022.11.11-11.02.44:730][847]LogModuleManager: Shutting down and abandoning module MagicLeapHandMeshing (200)
[2022.11.11-11.02.44:730][847]LogModuleManager: Shutting down and abandoning module MagicLeapSecureStorage (198)
[2022.11.11-11.02.44:730][847]LogModuleManager: Shutting down and abandoning module MagicLeapPrivileges (196)
[2022.11.11-11.02.44:730][847]LogModuleManager: Shutting down and abandoning module MagicLeapPlanes (194)
[2022.11.11-11.02.44:730][847]LogModuleManager: Shutting down and abandoning module MagicLeapImageTracker (192)
[2022.11.11-11.02.44:730][847]LogModuleManager: Shutting down and abandoning module MagicLeapIdentity (190)
[2022.11.11-11.02.44:730][847]LogModuleManager: Shutting down and abandoning module MagicLeapHandTracking (188)
[2022.11.11-11.02.44:730][847]LogModuleManager: Shutting down and abandoning module MagicLeapEyeTracker (186)
[2022.11.11-11.02.44:730][847]LogModuleManager: Shutting down and abandoning module MagicLeapController (184)
[2022.11.11-11.02.44:730][847]LogModuleManager: Shutting down and abandoning module MagicLeapARPinImpl (182)
[2022.11.11-11.02.44:730][847]LogModuleManager: Shutting down and abandoning module MagicLeapAR (180)
[2022.11.11-11.02.44:730][847]LogModuleManager: Shutting down and abandoning module NiagaraAnimNotifies (178)
[2022.11.11-11.02.44:730][847]LogModuleManager: Shutting down and abandoning module Niagara (176)
[2022.11.11-11.02.44:730][847]LogModuleManager: Shutting down and abandoning module SignalProcessing (175)
[2022.11.11-11.02.44:730][847]LogModuleManager: Shutting down and abandoning module NiagaraCore (172)
[2022.11.11-11.02.44:730][847]LogModuleManager: Shutting down and abandoning module FacialAnimation (170)
[2022.11.11-11.02.44:730][847]LogModuleManager: Shutting down and abandoning module AnimationSharing (168)
[2022.11.11-11.02.44:730][847]LogModuleManager: Shutting down and abandoning module GameplayCameras (166)
[2022.11.11-11.02.44:730][847]LogModuleManager: Shutting down and abandoning module LightPropagationVolumeRuntime (164)
[2022.11.11-11.02.44:730][847]LogModuleManager: Shutting down and abandoning module Paper2D (162)
[2022.11.11-11.02.44:730][847]LogModuleManager: Shutting down and abandoning module WindowsMoviePlayer (160)
[2022.11.11-11.02.44:731][847]LogModuleManager: Shutting down and abandoning module WebMMoviePlayer (158)
[2022.11.11-11.02.44:731][847]LogModuleManager: Shutting down and abandoning module NetworkReplayStreaming (156)
[2022.11.11-11.02.44:731][847]LogModuleManager: Shutting down and abandoning module PacketHandler (154)
[2022.11.11-11.02.44:731][847]LogModuleManager: Shutting down and abandoning module ClothingSystemRuntimeNv (152)
[2022.11.11-11.02.44:731][847]LogModuleManager: Shutting down and abandoning module MediaAssets (150)
[2022.11.11-11.02.44:731][847]LogModuleManager: Shutting down and abandoning module Overlay (148)
[2022.11.11-11.02.44:731][847]LogModuleManager: Shutting down and abandoning module FunctionalTesting (146)
[2022.11.11-11.02.44:731][847]LogModuleManager: Shutting down and abandoning module MessageLog (144)
[2022.11.11-11.02.44:731][847]LogModuleManager: Shutting down and abandoning module UMG (142)
[2022.11.11-11.02.44:731][847]LogModuleManager: Shutting down and abandoning module SlateReflector (140)
[2022.11.11-11.02.44:731][847]LogModuleManager: Shutting down and abandoning module Slate (138)
[2022.11.11-11.02.44:731][847]LogModuleManager: Shutting down and abandoning module SlateCore (136)
[2022.11.11-11.02.44:732][847]LogModuleManager: Shutting down and abandoning module MRMesh (134)
[2022.11.11-11.02.44:732][847]LogModuleManager: Shutting down and abandoning module Messaging (132)
[2022.11.11-11.02.44:732][847]LogModuleManager: Shutting down and abandoning module HeadMountedDisplay (130)
[2022.11.11-11.02.44:732][847]LogModuleManager: Shutting down and abandoning module XAudio2 (128)
[2022.11.11-11.02.44:732][847]LogModuleManager: Shutting down and abandoning module Networking (126)
[2022.11.11-11.02.44:732][847]LogModuleManager: Shutting down and abandoning module Core (124)
[2022.11.11-11.02.44:732][847]LogModuleManager: Shutting down and abandoning module FieldSystemEngine (122)
[2022.11.11-11.02.44:732][847]LogModuleManager: Shutting down and abandoning module ImageWrapper (118)
[2022.11.11-11.02.44:733][847]LogModuleManager: Shutting down and abandoning module D3D11RHI (116)
[2022.11.11-11.02.44:733][847]LogModuleManager: Shutting down and abandoning module InputCore (114)
[2022.11.11-11.02.44:733][847]LogModuleManager: Shutting down and abandoning module Settings (112)
[2022.11.11-11.02.44:733][847]LogModuleManager: Shutting down and abandoning module PhysXCooking (110)
[2022.11.11-11.02.44:733][847]LogModuleManager: Shutting down and abandoning module Chaos (108)
[2022.11.11-11.02.44:733][847]LogModuleManager: Shutting down and abandoning module WindowsPlatformFeatures (106)
[2022.11.11-11.02.44:733][847]LogModuleManager: Shutting down and abandoning module GameplayMediaEncoder (105)
[2022.11.11-11.02.44:733][847]LogModuleManager: Shutting down and abandoning module AVEncoder (104)
[2022.11.11-11.02.44:733][847]LogModuleManager: Shutting down and abandoning module SteamVRInputDevice (100)
[2022.11.11-11.02.44:733][847]LogModuleManager: Shutting down and abandoning module SteamVRInput (98)
[2022.11.11-11.02.44:733][847]LogModuleManager: Shutting down and abandoning module SteamVR (96)
[2022.11.11-11.02.44:733][847]LogHMD: Freeing OpenVRDLLHandle.
[2022.11.11-11.02.44:733][847]LogModuleManager: Shutting down and abandoning module OculusHMD (94)
[2022.11.11-11.02.44:733][847]LogModuleManager: Shutting down and abandoning module OpenXRHandTracking (92)
[2022.11.11-11.02.44:733][847]LogSlate: Slate User Destroyed.  User Index 0, Is Virtual User: 0
[2022.11.11-11.02.44:733][847]LogModuleManager: Shutting down and abandoning module OpenXREyeTracker (90)
[2022.11.11-11.02.44:733][847]LogModuleManager: Shutting down and abandoning module OpenXRAR (88)
[2022.11.11-11.02.44:733][847]LogModuleManager: Shutting down and abandoning module AugmentedReality (87)
[2022.11.11-11.02.44:733][847]LogModuleManager: Shutting down and abandoning module OpenXRHMD (84)
[2022.11.11-11.02.44:733][847]LogModuleManager: Shutting down and abandoning module HairStrandsCore (82)
[2022.11.11-11.02.44:733][847]LogModuleManager: Shutting down and abandoning module ExampleDeviceProfileSelector (80)
[2022.11.11-11.02.44:733][847]LogModuleManager: Shutting down and abandoning module ChunkDownloader (78)
[2022.11.11-11.02.44:733][847]LogModuleManager: Shutting down and abandoning module LauncherChunkInstaller (76)
[2022.11.11-11.02.44:733][847]LogModuleManager: Shutting down and abandoning module OnlineSubsystem (72)
[2022.11.11-11.02.44:733][847]LogModuleManager: Shutting down and abandoning module HTTP (67)
[2022.11.11-11.02.44:733][847]LogHttp: Display: cleaning up 0 outstanding Http requests.
[2022.11.11-11.02.44:749][847]LogModuleManager: Shutting down and abandoning module SSL (66)
[2022.11.11-11.02.44:750][847]LogModuleManager: Shutting down and abandoning module WmfMedia (62)
[2022.11.11-11.02.44:750][847]LogModuleManager: Shutting down and abandoning module Media (61)
[2022.11.11-11.02.44:750][847]LogModuleManager: Shutting down and abandoning module MediaInfo (60)
[2022.11.11-11.02.44:750][847]LogModuleManager: Shutting down and abandoning module ExrReaderGpu (56)
[2022.11.11-11.02.44:750][847]LogModuleManager: Shutting down and abandoning module MLSDK (54)
[2022.11.11-11.02.44:750][847]LogModuleManager: Shutting down and abandoning module MagicLeap (52)
[2022.11.11-11.02.44:750][847]LogModuleManager: Shutting down and abandoning module NiagaraVertexFactories (50)
[2022.11.11-11.02.44:750][847]LogModuleManager: Shutting down and abandoning module NiagaraShader (48)
[2022.11.11-11.02.44:751][847]LogModuleManager: Shutting down and abandoning module ChaosCloth (46)
[2022.11.11-11.02.44:751][847]LogModuleManager: Shutting down and abandoning module VariantManagerContent (44)
[2022.11.11-11.02.44:751][847]LogModuleManager: Shutting down and abandoning module DatasmithContent (42)
[2022.11.11-11.02.44:751][847]LogModuleManager: Shutting down and abandoning module PixWinPlugin (40)
[2022.11.11-11.02.44:751][847]LogModuleManager: Shutting down and abandoning module AISupportModule (38)
[2022.11.11-11.02.44:751][847]LogModuleManager: Shutting down and abandoning module PythonScriptPluginPreload (36)
[2022.11.11-11.02.44:751][847]LogModuleManager: Shutting down and abandoning module PlatformCryptoOpenSSL (34)
[2022.11.11-11.02.44:751][847]LogModuleManager: Shutting down and abandoning module PlatformCryptoTypes (32)
[2022.11.11-11.02.44:751][847]LogModuleManager: Shutting down and abandoning module PlatformCrypto (30)
[2022.11.11-11.02.44:751][847]LogModuleManager: Shutting down and abandoning module OodleDataCompressionFormat (28)
[2022.11.11-11.02.44:751][847]LogModuleManager: Shutting down and abandoning module RenderCore (26)
[2022.11.11-11.02.44:751][847]LogModuleManager: Shutting down and abandoning module Landscape (24)
[2022.11.11-11.02.44:751][847]LogModuleManager: Shutting down and abandoning module SlateRHIRenderer (22)
[2022.11.11-11.02.44:751][847]LogModuleManager: Shutting down and abandoning module AnimGraphRuntime (20)
[2022.11.11-11.02.44:751][847]LogModuleManager: Shutting down and abandoning module Renderer (18)
[2022.11.11-11.02.44:751][847]LogModuleManager: Shutting down and abandoning module Engine (16)
[2022.11.11-11.02.44:751][847]LogModuleManager: Shutting down and abandoning module CoreUObject (14)
[2022.11.11-11.02.44:752][847]LogModuleManager: Shutting down and abandoning module NetworkFile (12)
[2022.11.11-11.02.44:752][847]LogModuleManager: Shutting down and abandoning module CookedIterativeFile (10)
[2022.11.11-11.02.44:752][847]LogModuleManager: Shutting down and abandoning module StreamingFile (8)
[2022.11.11-11.02.44:752][847]LogModuleManager: Shutting down and abandoning module SandboxFile (6)
[2022.11.11-11.02.44:752][847]LogModuleManager: Shutting down and abandoning module PakFile (4)
[2022.11.11-11.02.44:752][847]LogModuleManager: Shutting down and abandoning module RSA (3)
[2022.11.11-11.02.44:752][847]LogContentStreaming: Display: There are 1 unreleased StreamingManagers
[2022.11.11-11.02.44:757][847]LogD3D11RHI: Shutdown
[2022.11.11-11.02.44:757][847]LogD3D11RHI: CleanupD3DDevice
[2022.11.11-11.02.44:760][847]LogExit: Exiting.
[2022.11.11-11.02.44:769][847]Log file closed, 11/11/22 12:02:44
