Log file open, 11/10/22 13:26:10
LogWindows: Failed to load 'aqProf.dll' (GetLastError=126)
LogWindows: File 'aqProf.dll' does not exist
LogWindows: Failed to load 'VtuneApi.dll' (GetLastError=126)
LogWindows: File 'VtuneApi.dll' does not exist
LogWindows: Failed to load 'VtuneApi32e.dll' (GetLastError=126)
LogWindows: File 'VtuneApi32e.dll' does not exist
LogConsoleResponse: Display: Failed to find resolution value strings in scalability ini. Falling back to default.
LogConsoleResponse: Display: Failed to find resolution value strings in scalability ini. Falling back to default.
LogInit: Display: Running engine for game: EndlessRunner
LogPlatformFile: Not using cached read wrapper
LogTaskGraph: Started task graph with 5 named threads and 59 total threads with 3 sets of task threads.
LogStats: Stats thread started at 0.146223
LogICUInternationalization: ICU TimeZone Detection - Raw Offset: +1:00, Platform Override: ''
LogInit: Display: Loading text-based GConfig....
LogPluginManager: Mounting plugin MeshPainting
LogPluginManager: Mounting plugin XGEController
LogPluginManager: Mounting plugin AISupport
LogPluginManager: Mounting plugin Paper2D
LogPluginManager: Mounting plugin EnvironmentQueryEditor
LogPluginManager: Mounting plugin LiveLink
LogPluginManager: Mounting plugin GameplayCameras
LogPluginManager: Mounting plugin LightPropagationVolume
LogPluginManager: Mounting plugin OodleData
LogPluginManager: Mounting plugin OodleNetwork
LogPluginManager: Mounting plugin CameraShakePreviewer
LogPluginManager: Mounting plugin CLionSourceCodeAccess
LogPluginManager: Mounting plugin CodeLiteSourceCodeAccess
LogPluginManager: Mounting plugin AnimationSharing
LogPluginManager: Mounting plugin NullSourceCodeAccess
LogPluginManager: Mounting plugin GitSourceControl
LogPluginManager: Mounting plugin PerforceSourceControl
LogPluginManager: Mounting plugin KDevelopSourceCodeAccess
LogPluginManager: Mounting plugin PlasticSourceControl
LogPluginManager: Mounting plugin PropertyAccessNode
LogPluginManager: Mounting plugin PluginUtils
LogPluginManager: Mounting plugin RiderSourceCodeAccess
LogPluginManager: Mounting plugin PixWinPlugin
LogPluginManager: Mounting plugin TextureFormatOodle
LogPluginManager: Mounting plugin VisualStudioCodeSourceCodeAccess
LogPluginManager: Mounting plugin SubversionSourceControl
LogPluginManager: Mounting plugin XCodeSourceCodeAccess
LogPluginManager: Mounting plugin UObjectPlugin
LogPluginManager: Mounting plugin VisualStudioSourceCodeAccess
LogPluginManager: Mounting plugin DatasmithContent
LogPluginManager: Mounting plugin VariantManagerContent
LogPluginManager: Mounting plugin AutomationUtils
LogPluginManager: Mounting plugin BackChannel
LogPluginManager: Mounting plugin AlembicImporter
LogPluginManager: Mounting plugin ChaosClothEditor
LogPluginManager: Mounting plugin ChaosCloth
LogPluginManager: Mounting plugin ChaosSolverPlugin
LogPluginManager: Mounting plugin ChaosNiagara
LogPluginManager: Mounting plugin CharacterAI
LogPluginManager: Mounting plugin GeometryCache
LogPluginManager: Mounting plugin GeometryProcessing
LogPluginManager: Mounting plugin AssetManagerEditor
LogPluginManager: Mounting plugin GeometryCollectionPlugin
LogPluginManager: Mounting plugin MotoSynth
LogPluginManager: Mounting plugin MeshModelingToolset
LogPluginManager: Mounting plugin ModelingToolsEditorMode
LogPluginManager: Mounting plugin OpenImageDenoise
LogPluginManager: Mounting plugin PlanarCut
LogPluginManager: Mounting plugin PlatformCrypto
LogPluginManager: Mounting plugin CryptoKeys
LogPluginManager: Mounting plugin FacialAnimation
LogPluginManager: Mounting plugin CurveEditorTools
LogPluginManager: Mounting plugin DataValidation
LogPluginManager: Mounting plugin ProxyLODPlugin
LogPluginManager: Mounting plugin GeometryMode
LogPluginManager: Mounting plugin PythonScriptPlugin
LogPluginManager: Mounting plugin GameplayTagsEditor
LogPluginManager: Mounting plugin MobileLauncherProfileWizard
LogPluginManager: Mounting plugin MacGraphicsSwitching
LogPluginManager: Mounting plugin PluginBrowser
LogPluginManager: Mounting plugin MaterialAnalyzer
LogPluginManager: Mounting plugin SpeedTreeImporter
LogPluginManager: Mounting plugin StylusInput
LogPluginManager: Mounting plugin Niagara
LogPluginManager: Mounting plugin SkeletalReduction
LogPluginManager: Mounting plugin LuminPlatformFeatures
LogPluginManager: Mounting plugin MagicLeap
LogPluginManager: Mounting plugin MagicLeapMedia
LogPluginManager: Mounting plugin MagicLeapLightEstimation
LogPluginManager: Mounting plugin MagicLeapPassableWorld
LogPluginManager: Mounting plugin MLSDK
LogPluginManager: Mounting plugin TcpMessaging
LogPluginManager: Mounting plugin UdpMessaging
LogPluginManager: Mounting plugin ActorSequence
LogPluginManager: Mounting plugin MatineeToLevelSequence
LogPluginManager: Mounting plugin LevelSequenceEditor
LogPluginManager: Mounting plugin TemplateSequence
LogPluginManager: Mounting plugin OnlineSubsystem
LogPluginManager: Mounting plugin OnlineSubsystemNull
LogPluginManager: Mounting plugin OnlineSubsystemUtils
LogPluginManager: Mounting plugin ActorLayerUtilities
LogPluginManager: Mounting plugin AndroidDeviceProfileSelector
LogPluginManager: Mounting plugin AndroidPermission
LogPluginManager: Mounting plugin AppleImageUtils
LogPluginManager: Mounting plugin AndroidMoviePlayer
LogPluginManager: Mounting plugin AppleMoviePlayer
LogPluginManager: Mounting plugin ArchVisCharacter
LogPluginManager: Mounting plugin AssetTags
LogPluginManager: Mounting plugin ChunkDownloader
LogPluginManager: Mounting plugin AudioCapture
LogPluginManager: Mounting plugin CustomMeshComponent
LogPluginManager: Mounting plugin AudioSynesthesia
LogPluginManager: Mounting plugin EditableMesh
LogPluginManager: Mounting plugin ExampleDeviceProfileSelector
LogPluginManager: Mounting plugin GoogleCloudMessaging
LogPluginManager: Mounting plugin GooglePAD
LogPluginManager: Mounting plugin HairStrands
LogPluginManager: Mounting plugin IOSDeviceProfileSelector
LogPluginManager: Mounting plugin LinuxDeviceProfileSelector
LogPluginManager: Mounting plugin LocationServicesBPLibrary
LogPluginManager: Mounting plugin MobilePatchingUtils
LogPluginManager: Mounting plugin OpenXR
LogPluginManager: Mounting plugin OpenXREyeTracker
LogPluginManager: Mounting plugin OpenXRHandTracking
LogPluginManager: Mounting plugin PhysXVehicles
LogPluginManager: Mounting plugin PostSplashScreen
LogPluginManager: Mounting plugin PropertyAccessEditor
LogPluginManager: Mounting plugin RuntimePhysXCooking
LogPluginManager: Mounting plugin ProceduralMeshComponent
LogPluginManager: Mounting plugin SignificanceManager
LogPluginManager: Mounting plugin SoundFields
LogPluginManager: Mounting plugin LauncherChunkInstaller
LogPluginManager: Mounting plugin Synthesis
LogPluginManager: Mounting plugin CableComponent
LogPluginManager: Mounting plugin ChaosEditor
LogPluginManager: Mounting plugin WebMMoviePlayer
LogPluginManager: Mounting plugin WindowsMoviePlayer
LogPluginManager: Mounting plugin ScreenshotTools
LogPluginManager: Mounting plugin Takes
LogPluginManager: Mounting plugin AndroidMedia
LogPluginManager: Mounting plugin AvfMedia
LogPluginManager: Mounting plugin ImgMedia
LogPluginManager: Mounting plugin MediaPlayerEditor
LogPluginManager: Mounting plugin WebMMedia
LogPluginManager: Mounting plugin WmfMedia
LogPluginManager: Mounting plugin MediaCompositing
LogPluginManager: Mounting plugin ContentBrowserAssetDataSource
LogPluginManager: Mounting plugin ContentBrowserClassDataSource
LogPluginManager: Mounting plugin ContentBrowserFileDataSource
LogPluginManager: Mounting plugin OnlineSubsystemGooglePlay
LogPluginManager: Mounting plugin OnlineSubsystemIOS
LogPluginManager: Mounting plugin OculusVR
LogPluginManager: Mounting plugin SteamVR
PixWinPlugin: PIX capture plugin failed to initialize! Check that the process is launched from PIX.
LogInit: Using libcurl 7.55.1-DEV
LogInit:  - built for x86_64-pc-win32
LogInit:  - supports SSL with OpenSSL/1.1.1
LogInit:  - supports HTTP deflate (compression) using libz 1.2.8
LogInit:  - other features:
LogInit:      CURL_VERSION_SSL
LogInit:      CURL_VERSION_LIBZ
LogInit:      CURL_VERSION_IPV6
LogInit:      CURL_VERSION_ASYNCHDNS
LogInit:      CURL_VERSION_LARGEFILE
LogInit:      CURL_VERSION_IDN
LogInit:  CurlRequestOptions (configurable via config and command line):
LogInit:  - bVerifyPeer = true  - Libcurl will verify peer certificate
LogInit:  - bUseHttpProxy = false  - Libcurl will NOT use HTTP proxy
LogInit:  - bDontReuseConnections = false  - Libcurl will reuse connections
LogInit:  - MaxHostConnections = 16  - Libcurl will limit the number of connections to a host
LogInit:  - LocalHostAddr = Default
LogInit:  - BufferSize = 65536
LogOnline: OSS: Creating online subsystem instance for: NULL
LogInit: WinSock: version 1.1 (2.2), MaxSocks=32767, MaxUdp=65467
LogOnline: OSS: TryLoadSubsystemAndSetDefault: Loaded subsystem for module [NULL]
LogOculusPluginWrapper: OculusPlugin initialized successfully
LogHMD: Failed initializing OVRPlugin 1.59.0
LogInit: Build: ++UE4+Release-4.27-CL-18319896
LogInit: Engine Version: 4.27.2-18319896+++UE4+Release-4.27
LogInit: Compatible Engine Version: 4.27.0-17155196+++UE4+Release-4.27
LogInit: Net CL: 17155196
LogInit: OS: Windows 10 (Release 2009) (), CPU: 12th Gen Intel(R) Core(TM) i7-12700, GPU: NVIDIA GeForce RTX 3060
LogInit: Compiled (64-bit): Nov 30 2021 07:12:08
LogInit: Compiled with Visual C++: 19.24.28315.00
LogInit: Build Configuration: Development
LogInit: Branch Name: ++UE4+Release-4.27
LogInit: Command Line:  -EpicPortal -epicusername=Maxime66410 -epicuserid=7915064d6ac44482ab192a366e58fb8d -epiclocale=fr -epicsandboxid=ue
LogInit: Base Directory: F:/Programmes/EpicGames/UE_4.27/Engine/Binaries/Win64/
LogInit: Allocator: TBB
LogInit: Installed Engine Build: 1
LogDevObjectVersion: Number of dev versions registered: 29
LogDevObjectVersion:   Dev-Blueprints (B0D832E4-1F89-4F0D-ACCF-7EB736FD4AA2): 10
LogDevObjectVersion:   Dev-Build (E1C64328-A22C-4D53-A36C-8E866417BD8C): 0
LogDevObjectVersion:   Dev-Core (375EC13C-06E4-48FB-B500-84F0262A717E): 4
LogDevObjectVersion:   Dev-Editor (E4B068ED-F494-42E9-A231-DA0B2E46BB41): 40
LogDevObjectVersion:   Dev-Framework (CFFC743F-43B0-4480-9391-14DF171D2073): 37
LogDevObjectVersion:   Dev-Mobile (B02B49B5-BB20-44E9-A304-32B752E40360): 3
LogDevObjectVersion:   Dev-Networking (A4E4105C-59A1-49B5-A7C5-40C4547EDFEE): 0
LogDevObjectVersion:   Dev-Online (39C831C9-5AE6-47DC-9A44-9C173E1C8E7C): 0
LogDevObjectVersion:   Dev-Physics (78F01B33-EBEA-4F98-B9B4-84EACCB95AA2): 14
LogDevObjectVersion:   Dev-Platform (6631380F-2D4D-43E0-8009-CF276956A95A): 0
LogDevObjectVersion:   Dev-Rendering (12F88B9F-8875-4AFC-A67C-D90C383ABD29): 45
LogDevObjectVersion:   Dev-Sequencer (7B5AE74C-D270-4C10-A958-57980B212A5A): 13
LogDevObjectVersion:   Dev-VR (D7296918-1DD6-4BDD-9DE2-64A83CC13884): 3
LogDevObjectVersion:   Dev-LoadTimes (C2A15278-BFE7-4AFE-6C17-90FF531DF755): 1
LogDevObjectVersion:   Private-Geometry (6EACA3D4-40EC-4CC1-B786-8BED09428FC5): 3
LogDevObjectVersion:   Dev-AnimPhys (29E575DD-E0A3-4627-9D10-D276232CDCEA): 17
LogDevObjectVersion:   Dev-Anim (AF43A65D-7FD3-4947-9873-3E8ED9C1BB05): 15
LogDevObjectVersion:   Dev-ReflectionCapture (6B266CEC-1EC7-4B8F-A30B-E4D90942FC07): 1
LogDevObjectVersion:   Dev-Automation (0DF73D61-A23F-47EA-B727-89E90C41499A): 1
LogDevObjectVersion:   FortniteMain (601D1886-AC64-4F84-AA16-D3DE0DEAC7D6): 47
LogDevObjectVersion:   FortniteRelease (E7086368-6B23-4C58-8439-1B7016265E91): 1
LogDevObjectVersion:   Dev-Enterprise (9DFFBCD6-494F-0158-E221-12823C92A888): 10
LogDevObjectVersion:   Dev-Niagara (F2AED0AC-9AFE-416F-8664-AA7FFA26D6FC): 1
LogDevObjectVersion:   Dev-Destruction (174F1F0B-B4C6-45A5-B13F-2EE8D0FB917D): 10
LogDevObjectVersion:   Dev-Physics-Ext (35F94A83-E258-406C-A318-09F59610247C): 41
LogDevObjectVersion:   Dev-PhysicsMaterial-Chaos (B68FC16E-8B1B-42E2-B453-215C058844FE): 1
LogDevObjectVersion:   Dev-CineCamera (B2E18506-4273-CFC2-A54E-F4BB758BBA07): 1
LogDevObjectVersion:   Dev-VirtualProduction (64F58936-FD1B-42BA-BA96-7289D5D0FA4E): 1
LogDevObjectVersion:   Dev-MediaFramework (6F0ED827-A609-4895-9C91-998D90180EA4): 2
LogInit: Presizing for max 25165824 objects, including 0 objects not considered by GC, pre-allocating 0 bytes for permanent pool.
LogConfig: Applying CVar settings from Section [/Script/Engine.StreamingSettings] File [F:/Github/Endless-Runner-UE-4.27.1/EndlessRunner/Saved/Config/Windows/Engine.ini]
LogConfig: Setting CVar [[s.MinBulkDataSizeForAsyncLoading:131072]]
LogConfig: Setting CVar [[s.AsyncLoadingThreadEnabled:0]]
LogConfig: Setting CVar [[s.EventDrivenLoaderEnabled:1]]
LogConfig: Setting CVar [[s.WarnIfTimeLimitExceeded:0]]
LogConfig: Setting CVar [[s.TimeLimitExceededMultiplier:1.5]]
LogConfig: Setting CVar [[s.TimeLimitExceededMinTime:0.005]]
LogConfig: Setting CVar [[s.UseBackgroundLevelStreaming:1]]
LogConfig: Setting CVar [[s.PriorityAsyncLoadingExtraTime:15.0]]
LogConfig: Setting CVar [[s.LevelStreamingActorsUpdateTimeLimit:5.0]]
LogConfig: Setting CVar [[s.PriorityLevelStreamingActorsUpdateExtraTime:5.0]]
LogConfig: Setting CVar [[s.LevelStreamingComponentsRegistrationGranularity:10]]
LogConfig: Setting CVar [[s.UnregisterComponentsTimeLimit:1.0]]
LogConfig: Setting CVar [[s.LevelStreamingComponentsUnregistrationGranularity:5]]
LogConfig: Setting CVar [[s.FlushStreamingOnExit:1]]
LogInit: Object subsystem initialized
LogConfig: Setting CVar [[con.DebugEarlyDefault:1]]
LogConfig: Setting CVar [[r.setres:1280x720]]
LogConfig: Setting CVar [[fx.NiagaraAllowRuntimeScalabilityChanges:1]]
[2022.11.10-12.26.11:112][  0]LogConfig: Setting CVar [[r.VSync:0]]
[2022.11.10-12.26.11:112][  0]LogConfig: Setting CVar [[r.RHICmdBypass:0]]
[2022.11.10-12.26.11:112][  0]LogConfig: Applying CVar settings from Section [/Script/Engine.RendererSettings] File [F:/Github/Endless-Runner-UE-4.27.1/EndlessRunner/Saved/Config/Windows/Engine.ini]
[2022.11.10-12.26.11:112][  0]LogConfig: Setting CVar [[r.GPUCrashDebugging:0]]
[2022.11.10-12.26.11:112][  0]LogConfig: Applying CVar settings from Section [/Script/Engine.RendererOverrideSettings] File [F:/Github/Endless-Runner-UE-4.27.1/EndlessRunner/Saved/Config/Windows/Engine.ini]
[2022.11.10-12.26.11:112][  0]LogConfig: Applying CVar settings from Section [/Script/Engine.StreamingSettings] File [F:/Github/Endless-Runner-UE-4.27.1/EndlessRunner/Saved/Config/Windows/Engine.ini]
[2022.11.10-12.26.11:112][  0]LogConfig: Setting CVar [[s.MinBulkDataSizeForAsyncLoading:131072]]
[2022.11.10-12.26.11:112][  0]LogConfig: Setting CVar [[s.AsyncLoadingThreadEnabled:0]]
[2022.11.10-12.26.11:112][  0]LogConfig: Setting CVar [[s.EventDrivenLoaderEnabled:1]]
[2022.11.10-12.26.11:112][  0]LogConfig: Setting CVar [[s.WarnIfTimeLimitExceeded:0]]
[2022.11.10-12.26.11:112][  0]LogConfig: Setting CVar [[s.TimeLimitExceededMultiplier:1.5]]
[2022.11.10-12.26.11:112][  0]LogConfig: Setting CVar [[s.TimeLimitExceededMinTime:0.005]]
[2022.11.10-12.26.11:112][  0]LogConfig: Setting CVar [[s.UseBackgroundLevelStreaming:1]]
[2022.11.10-12.26.11:112][  0]LogConfig: Setting CVar [[s.PriorityAsyncLoadingExtraTime:15.0]]
[2022.11.10-12.26.11:112][  0]LogConfig: Setting CVar [[s.LevelStreamingActorsUpdateTimeLimit:5.0]]
[2022.11.10-12.26.11:112][  0]LogConfig: Setting CVar [[s.PriorityLevelStreamingActorsUpdateExtraTime:5.0]]
[2022.11.10-12.26.11:112][  0]LogConfig: Setting CVar [[s.LevelStreamingComponentsRegistrationGranularity:10]]
[2022.11.10-12.26.11:112][  0]LogConfig: Setting CVar [[s.UnregisterComponentsTimeLimit:1.0]]
[2022.11.10-12.26.11:112][  0]LogConfig: Setting CVar [[s.LevelStreamingComponentsUnregistrationGranularity:5]]
[2022.11.10-12.26.11:112][  0]LogConfig: Setting CVar [[s.FlushStreamingOnExit:1]]
[2022.11.10-12.26.11:112][  0]LogConfig: Applying CVar settings from Section [/Script/Engine.GarbageCollectionSettings] File [F:/Github/Endless-Runner-UE-4.27.1/EndlessRunner/Saved/Config/Windows/Engine.ini]
[2022.11.10-12.26.11:112][  0]LogConfig: Setting CVar [[gc.MaxObjectsNotConsideredByGC:1]]
[2022.11.10-12.26.11:112][  0]LogConfig: Setting CVar [[gc.SizeOfPermanentObjectPool:0]]
[2022.11.10-12.26.11:112][  0]LogConfig: Setting CVar [[gc.FlushStreamingOnGC:0]]
[2022.11.10-12.26.11:112][  0]LogConfig: Setting CVar [[gc.NumRetriesBeforeForcingGC:10]]
[2022.11.10-12.26.11:113][  0]LogConfig: Setting CVar [[gc.AllowParallelGC:1]]
[2022.11.10-12.26.11:113][  0]LogConfig: Setting CVar [[gc.TimeBetweenPurgingPendingKillObjects:61.1]]
[2022.11.10-12.26.11:113][  0]LogConfig: Setting CVar [[gc.MaxObjectsInEditor:25165824]]
[2022.11.10-12.26.11:113][  0]LogConfig: Setting CVar [[gc.IncrementalBeginDestroyEnabled:1]]
[2022.11.10-12.26.11:113][  0]LogConfig: Setting CVar [[gc.CreateGCClusters:1]]
[2022.11.10-12.26.11:113][  0]LogConfig: Setting CVar [[gc.MinGCClusterSize:5]]
[2022.11.10-12.26.11:113][  0]LogConfig: Setting CVar [[gc.ActorClusteringEnabled:0]]
[2022.11.10-12.26.11:113][  0]LogConfig: Setting CVar [[gc.BlueprintClusteringEnabled:0]]
[2022.11.10-12.26.11:113][  0]LogConfig: Setting CVar [[gc.UseDisregardForGCOnDedicatedServers:0]]
[2022.11.10-12.26.11:113][  0]LogConfig: Setting CVar [[gc.MultithreadedDestructionEnabled:1]]
[2022.11.10-12.26.11:113][  0]LogConfig: Applying CVar settings from Section [/Script/Engine.NetworkSettings] File [F:/Github/Endless-Runner-UE-4.27.1/EndlessRunner/Saved/Config/Windows/Engine.ini]
[2022.11.10-12.26.11:113][  0]LogConfig: Applying CVar settings from Section [/Script/UnrealEd.CookerSettings] File [F:/Github/Endless-Runner-UE-4.27.1/EndlessRunner/Saved/Config/Windows/Engine.ini]
[2022.11.10-12.26.11:115][  0]LogConfig: Applying CVar settings from Section [ViewDistanceQuality@3] File [F:/Github/Endless-Runner-UE-4.27.1/EndlessRunner/Saved/Config/Windows/Scalability.ini]
[2022.11.10-12.26.11:115][  0]LogConfig: Setting CVar [[r.SkeletalMeshLODBias:0]]
[2022.11.10-12.26.11:115][  0]LogConfig: Setting CVar [[r.ViewDistanceScale:1.0]]
[2022.11.10-12.26.11:115][  0]LogConfig: Applying CVar settings from Section [AntiAliasingQuality@3] File [F:/Github/Endless-Runner-UE-4.27.1/EndlessRunner/Saved/Config/Windows/Scalability.ini]
[2022.11.10-12.26.11:115][  0]LogConfig: Setting CVar [[r.PostProcessAAQuality:4]]
[2022.11.10-12.26.11:115][  0]LogConfig: Applying CVar settings from Section [ShadowQuality@3] File [F:/Github/Endless-Runner-UE-4.27.1/EndlessRunner/Saved/Config/Windows/Scalability.ini]
[2022.11.10-12.26.11:115][  0]LogConfig: Setting CVar [[r.LightFunctionQuality:1]]
[2022.11.10-12.26.11:115][  0]LogConfig: Setting CVar [[r.ShadowQuality:5]]
[2022.11.10-12.26.11:115][  0]LogConfig: Setting CVar [[r.Shadow.CSM.MaxCascades:10]]
[2022.11.10-12.26.11:115][  0]LogConfig: Setting CVar [[r.Shadow.MaxResolution:2048]]
[2022.11.10-12.26.11:115][  0]LogConfig: Setting CVar [[r.Shadow.MaxCSMResolution:2048]]
[2022.11.10-12.26.11:115][  0]LogConfig: Setting CVar [[r.Shadow.RadiusThreshold:0.01]]
[2022.11.10-12.26.11:115][  0]LogConfig: Setting CVar [[r.Shadow.DistanceScale:1.0]]
[2022.11.10-12.26.11:116][  0]LogConfig: Setting CVar [[r.Shadow.CSM.TransitionScale:1.0]]
[2022.11.10-12.26.11:116][  0]LogConfig: Setting CVar [[r.Shadow.PreShadowResolutionFactor:1.0]]
[2022.11.10-12.26.11:116][  0]LogConfig: Setting CVar [[r.DistanceFieldShadowing:1]]
[2022.11.10-12.26.11:116][  0]LogConfig: Setting CVar [[r.DistanceFieldAO:1]]
[2022.11.10-12.26.11:116][  0]LogConfig: Setting CVar [[r.AOQuality:2]]
[2022.11.10-12.26.11:116][  0]LogConfig: Setting CVar [[r.VolumetricFog:1]]
[2022.11.10-12.26.11:116][  0]LogConfig: Setting CVar [[r.VolumetricFog.GridPixelSize:8]]
[2022.11.10-12.26.11:116][  0]LogConfig: Setting CVar [[r.VolumetricFog.GridSizeZ:128]]
[2022.11.10-12.26.11:116][  0]LogConfig: Setting CVar [[r.VolumetricFog.HistoryMissSupersampleCount:4]]
[2022.11.10-12.26.11:116][  0]LogConfig: Setting CVar [[r.LightMaxDrawDistanceScale:1]]
[2022.11.10-12.26.11:116][  0]LogConfig: Setting CVar [[r.CapsuleShadows:1]]
[2022.11.10-12.26.11:116][  0]LogConfig: Applying CVar settings from Section [PostProcessQuality@3] File [F:/Github/Endless-Runner-UE-4.27.1/EndlessRunner/Saved/Config/Windows/Scalability.ini]
[2022.11.10-12.26.11:116][  0]LogConfig: Setting CVar [[r.MotionBlurQuality:4]]
[2022.11.10-12.26.11:116][  0]LogConfig: Setting CVar [[r.AmbientOcclusionMipLevelFactor:0.4]]
[2022.11.10-12.26.11:116][  0]LogConfig: Setting CVar [[r.AmbientOcclusionMaxQuality:100]]
[2022.11.10-12.26.11:116][  0]LogConfig: Setting CVar [[r.AmbientOcclusionLevels:-1]]
[2022.11.10-12.26.11:116][  0]LogConfig: Setting CVar [[r.AmbientOcclusionRadiusScale:1.0]]
[2022.11.10-12.26.11:116][  0]LogConfig: Setting CVar [[r.DepthOfFieldQuality:2]]
[2022.11.10-12.26.11:116][  0]LogConfig: Setting CVar [[r.RenderTargetPoolMin:400]]
[2022.11.10-12.26.11:116][  0]LogConfig: Setting CVar [[r.LensFlareQuality:2]]
[2022.11.10-12.26.11:116][  0]LogConfig: Setting CVar [[r.SceneColorFringeQuality:1]]
[2022.11.10-12.26.11:116][  0]LogConfig: Setting CVar [[r.EyeAdaptationQuality:2]]
[2022.11.10-12.26.11:116][  0]LogConfig: Setting CVar [[r.BloomQuality:5]]
[2022.11.10-12.26.11:116][  0]LogConfig: Setting CVar [[r.FastBlurThreshold:100]]
[2022.11.10-12.26.11:116][  0]LogConfig: Setting CVar [[r.Upscale.Quality:3]]
[2022.11.10-12.26.11:116][  0]LogConfig: Setting CVar [[r.Tonemapper.GrainQuantization:1]]
[2022.11.10-12.26.11:116][  0]LogConfig: Setting CVar [[r.LightShaftQuality:1]]
[2022.11.10-12.26.11:116][  0]LogConfig: Setting CVar [[r.Filter.SizeScale:1]]
[2022.11.10-12.26.11:116][  0]LogConfig: Setting CVar [[r.Tonemapper.Quality:5]]
[2022.11.10-12.26.11:116][  0]LogConfig: Setting CVar [[r.DOF.Gather.AccumulatorQuality:1        ; higher gathering accumulator quality]]
[2022.11.10-12.26.11:116][  0]LogConfig: Setting CVar [[r.DOF.Gather.PostfilterMethod:1          ; Median3x3 postfilering method]]
[2022.11.10-12.26.11:116][  0]LogConfig: Setting CVar [[r.DOF.Gather.EnableBokehSettings:0       ; no bokeh simulation when gathering]]
[2022.11.10-12.26.11:116][  0]LogConfig: Setting CVar [[r.DOF.Gather.RingCount:4                 ; medium number of samples when gathering]]
[2022.11.10-12.26.11:116][  0]LogConfig: Setting CVar [[r.DOF.Scatter.ForegroundCompositing:1    ; additive foreground scattering]]
[2022.11.10-12.26.11:116][  0]LogConfig: Setting CVar [[r.DOF.Scatter.BackgroundCompositing:2    ; additive background scattering]]
[2022.11.10-12.26.11:116][  0]LogConfig: Setting CVar [[r.DOF.Scatter.EnableBokehSettings:1      ; bokeh simulation when scattering]]
[2022.11.10-12.26.11:116][  0]LogConfig: Setting CVar [[r.DOF.Scatter.MaxSpriteRatio:0.1         ; only a maximum of 10% of scattered bokeh]]
[2022.11.10-12.26.11:116][  0]LogConfig: Setting CVar [[r.DOF.Recombine.Quality:1                ; cheap slight out of focus]]
[2022.11.10-12.26.11:116][  0]LogConfig: Setting CVar [[r.DOF.Recombine.EnableBokehSettings:0    ; no bokeh simulation on slight out of focus]]
[2022.11.10-12.26.11:116][  0]LogConfig: Setting CVar [[r.DOF.TemporalAAQuality:1                ; more stable temporal accumulation]]
[2022.11.10-12.26.11:116][  0]LogConfig: Setting CVar [[r.DOF.Kernel.MaxForegroundRadius:0.025]]
[2022.11.10-12.26.11:116][  0]LogConfig: Setting CVar [[r.DOF.Kernel.MaxBackgroundRadius:0.025]]
[2022.11.10-12.26.11:116][  0]LogConfig: Applying CVar settings from Section [TextureQuality@3] File [F:/Github/Endless-Runner-UE-4.27.1/EndlessRunner/Saved/Config/Windows/Scalability.ini]
[2022.11.10-12.26.11:116][  0]LogConfig: Setting CVar [[r.Streaming.MipBias:0]]
[2022.11.10-12.26.11:116][  0]LogConfig: Setting CVar [[r.Streaming.AmortizeCPUToGPUCopy:0]]
[2022.11.10-12.26.11:116][  0]LogConfig: Setting CVar [[r.Streaming.MaxNumTexturesToStreamPerFrame:0]]
[2022.11.10-12.26.11:116][  0]LogConfig: Setting CVar [[r.Streaming.Boost:1]]
[2022.11.10-12.26.11:116][  0]LogConfig: Setting CVar [[r.MaxAnisotropy:8]]
[2022.11.10-12.26.11:116][  0]LogConfig: Setting CVar [[r.VT.MaxAnisotropy:8]]
[2022.11.10-12.26.11:116][  0]LogConfig: Setting CVar [[r.Streaming.LimitPoolSizeToVRAM:0]]
[2022.11.10-12.26.11:116][  0]LogConfig: Setting CVar [[r.Streaming.PoolSize:1000]]
[2022.11.10-12.26.11:116][  0]LogConfig: Setting CVar [[r.Streaming.MaxEffectiveScreenSize:0]]
[2022.11.10-12.26.11:116][  0]LogConfig: Applying CVar settings from Section [EffectsQuality@3] File [F:/Github/Endless-Runner-UE-4.27.1/EndlessRunner/Saved/Config/Windows/Scalability.ini]
[2022.11.10-12.26.11:116][  0]LogConfig: Setting CVar [[r.TranslucencyLightingVolumeDim:64]]
[2022.11.10-12.26.11:116][  0]LogConfig: Setting CVar [[r.RefractionQuality:2]]
[2022.11.10-12.26.11:116][  0]LogConfig: Setting CVar [[r.SSR.Quality:3]]
[2022.11.10-12.26.11:116][  0]LogConfig: Setting CVar [[r.SSR.HalfResSceneColor:0]]
[2022.11.10-12.26.11:116][  0]LogConfig: Setting CVar [[r.SceneColorFormat:4]]
[2022.11.10-12.26.11:116][  0]LogConfig: Setting CVar [[r.DetailMode:2]]
[2022.11.10-12.26.11:116][  0]LogConfig: Setting CVar [[r.TranslucencyVolumeBlur:1]]
[2022.11.10-12.26.11:116][  0]LogConfig: Setting CVar [[r.MaterialQualityLevel:1 ; High quality]]
[2022.11.10-12.26.11:116][  0]LogConfig: Setting CVar [[r.AnisotropicMaterials:1]]
[2022.11.10-12.26.11:116][  0]LogConfig: Setting CVar [[r.SSS.Scale:1]]
[2022.11.10-12.26.11:116][  0]LogConfig: Setting CVar [[r.SSS.SampleSet:2]]
[2022.11.10-12.26.11:116][  0]LogConfig: Setting CVar [[r.SSS.Quality:1]]
[2022.11.10-12.26.11:116][  0]LogConfig: Setting CVar [[r.SSS.HalfRes:0]]
[2022.11.10-12.26.11:116][  0]LogConfig: Setting CVar [[r.SSGI.Quality:3]]
[2022.11.10-12.26.11:116][  0]LogConfig: Setting CVar [[r.EmitterSpawnRateScale:1.0]]
[2022.11.10-12.26.11:116][  0]LogConfig: Setting CVar [[r.ParticleLightQuality:2]]
[2022.11.10-12.26.11:116][  0]LogConfig: Setting CVar [[r.SkyAtmosphere.AerialPerspectiveLUT.FastApplyOnOpaque:1 ; Always have FastSkyLUT 1 in this case to avoid wrong sky]]
[2022.11.10-12.26.11:116][  0]LogConfig: Setting CVar [[r.SkyAtmosphere.AerialPerspectiveLUT.SampleCountMaxPerSlice:4]]
[2022.11.10-12.26.11:116][  0]LogConfig: Setting CVar [[r.SkyAtmosphere.AerialPerspectiveLUT.DepthResolution:16.0]]
[2022.11.10-12.26.11:116][  0]LogConfig: Setting CVar [[r.SkyAtmosphere.FastSkyLUT:1]]
[2022.11.10-12.26.11:116][  0]LogConfig: Setting CVar [[r.SkyAtmosphere.FastSkyLUT.SampleCountMin:4.0]]
[2022.11.10-12.26.11:116][  0]LogConfig: Setting CVar [[r.SkyAtmosphere.FastSkyLUT.SampleCountMax:128.0]]
[2022.11.10-12.26.11:116][  0]LogConfig: Setting CVar [[r.SkyAtmosphere.SampleCountMin:4.0]]
[2022.11.10-12.26.11:116][  0]LogConfig: Setting CVar [[r.SkyAtmosphere.SampleCountMax:128.0]]
[2022.11.10-12.26.11:116][  0]LogConfig: Setting CVar [[r.SkyAtmosphere.TransmittanceLUT.UseSmallFormat:0]]
[2022.11.10-12.26.11:116][  0]LogConfig: Setting CVar [[r.SkyAtmosphere.TransmittanceLUT.SampleCount:10.0]]
[2022.11.10-12.26.11:116][  0]LogConfig: Setting CVar [[r.SkyAtmosphere.MultiScatteringLUT.SampleCount:15.0]]
[2022.11.10-12.26.11:116][  0]LogConfig: Setting CVar [[r.SkyLight.RealTimeReflectionCapture:1]]
[2022.11.10-12.26.11:116][  0]LogConfig: Setting CVar [[fx.Niagara.QualityLevel:3]]
[2022.11.10-12.26.11:116][  0]LogConfig: Applying CVar settings from Section [FoliageQuality@3] File [F:/Github/Endless-Runner-UE-4.27.1/EndlessRunner/Saved/Config/Windows/Scalability.ini]
[2022.11.10-12.26.11:116][  0]LogConfig: Setting CVar [[foliage.DensityScale:1.0]]
[2022.11.10-12.26.11:116][  0]LogConfig: Setting CVar [[grass.DensityScale:1.0]]
[2022.11.10-12.26.11:116][  0]LogConfig: Applying CVar settings from Section [ShadingQuality@3] File [F:/Github/Endless-Runner-UE-4.27.1/EndlessRunner/Saved/Config/Windows/Scalability.ini]
[2022.11.10-12.26.11:116][  0]LogConfig: Setting CVar [[r.HairStrands.SkyLighting.IntegrationType:2]]
[2022.11.10-12.26.11:116][  0]LogConfig: Setting CVar [[r.HairStrands.SkyAO.SampleCount:4]]
[2022.11.10-12.26.11:116][  0]LogConfig: Setting CVar [[r.HairStrands.Visibility.MSAA.SamplePerPixel:4]]
[2022.11.10-12.26.11:116][  0]LogConfig: Setting CVar [[r.HairStrands.Interpolation.UseSingleGuide:0]]
[2022.11.10-12.26.11:116][  0]LogInit: Selected Device Profile: [Windows]
[2022.11.10-12.26.11:116][  0]LogInit: Applying CVar settings loaded from the selected device profile: [Windows]
[2022.11.10-12.26.11:116][  0]LogHAL: Display: Platform has ~ 32 GB [34013499392 / 34359738368 / 32], which maps to Largest [LargestMinGB=32, LargerMinGB=12, DefaultMinGB=8, SmallerMinGB=6, SmallestMinGB=0)
[2022.11.10-12.26.11:116][  0]LogInit: Going up to parent DeviceProfile []
[2022.11.10-12.26.11:116][  0]LogConfig: Applying CVar settings from Section [ViewDistanceQuality@3] File [F:/Github/Endless-Runner-UE-4.27.1/EndlessRunner/Saved/Config/Windows/Scalability.ini]
[2022.11.10-12.26.11:116][  0]LogConfig: Setting CVar [[r.SkeletalMeshLODBias:0]]
[2022.11.10-12.26.11:116][  0]LogConfig: Setting CVar [[r.ViewDistanceScale:1.0]]
[2022.11.10-12.26.11:116][  0]LogConfig: Applying CVar settings from Section [AntiAliasingQuality@3] File [F:/Github/Endless-Runner-UE-4.27.1/EndlessRunner/Saved/Config/Windows/Scalability.ini]
[2022.11.10-12.26.11:116][  0]LogConfig: Setting CVar [[r.PostProcessAAQuality:4]]
[2022.11.10-12.26.11:116][  0]LogConfig: Applying CVar settings from Section [ShadowQuality@3] File [F:/Github/Endless-Runner-UE-4.27.1/EndlessRunner/Saved/Config/Windows/Scalability.ini]
[2022.11.10-12.26.11:116][  0]LogConfig: Setting CVar [[r.LightFunctionQuality:1]]
[2022.11.10-12.26.11:116][  0]LogConfig: Setting CVar [[r.ShadowQuality:5]]
[2022.11.10-12.26.11:116][  0]LogConfig: Setting CVar [[r.Shadow.CSM.MaxCascades:10]]
[2022.11.10-12.26.11:116][  0]LogConfig: Setting CVar [[r.Shadow.MaxResolution:2048]]
[2022.11.10-12.26.11:116][  0]LogConfig: Setting CVar [[r.Shadow.MaxCSMResolution:2048]]
[2022.11.10-12.26.11:116][  0]LogConfig: Setting CVar [[r.Shadow.RadiusThreshold:0.01]]
[2022.11.10-12.26.11:116][  0]LogConfig: Setting CVar [[r.Shadow.DistanceScale:1.0]]
[2022.11.10-12.26.11:116][  0]LogConfig: Setting CVar [[r.Shadow.CSM.TransitionScale:1.0]]
[2022.11.10-12.26.11:116][  0]LogConfig: Setting CVar [[r.Shadow.PreShadowResolutionFactor:1.0]]
[2022.11.10-12.26.11:116][  0]LogConfig: Setting CVar [[r.DistanceFieldShadowing:1]]
[2022.11.10-12.26.11:116][  0]LogConfig: Setting CVar [[r.DistanceFieldAO:1]]
[2022.11.10-12.26.11:116][  0]LogConfig: Setting CVar [[r.AOQuality:2]]
[2022.11.10-12.26.11:116][  0]LogConfig: Setting CVar [[r.VolumetricFog:1]]
[2022.11.10-12.26.11:116][  0]LogConfig: Setting CVar [[r.VolumetricFog.GridPixelSize:8]]
[2022.11.10-12.26.11:116][  0]LogConfig: Setting CVar [[r.VolumetricFog.GridSizeZ:128]]
[2022.11.10-12.26.11:116][  0]LogConfig: Setting CVar [[r.VolumetricFog.HistoryMissSupersampleCount:4]]
[2022.11.10-12.26.11:116][  0]LogConfig: Setting CVar [[r.LightMaxDrawDistanceScale:1]]
[2022.11.10-12.26.11:116][  0]LogConfig: Setting CVar [[r.CapsuleShadows:1]]
[2022.11.10-12.26.11:116][  0]LogConfig: Applying CVar settings from Section [PostProcessQuality@3] File [F:/Github/Endless-Runner-UE-4.27.1/EndlessRunner/Saved/Config/Windows/Scalability.ini]
[2022.11.10-12.26.11:116][  0]LogConfig: Setting CVar [[r.MotionBlurQuality:4]]
[2022.11.10-12.26.11:116][  0]LogConfig: Setting CVar [[r.AmbientOcclusionMipLevelFactor:0.4]]
[2022.11.10-12.26.11:116][  0]LogConfig: Setting CVar [[r.AmbientOcclusionMaxQuality:100]]
[2022.11.10-12.26.11:116][  0]LogConfig: Setting CVar [[r.AmbientOcclusionLevels:-1]]
[2022.11.10-12.26.11:116][  0]LogConfig: Setting CVar [[r.AmbientOcclusionRadiusScale:1.0]]
[2022.11.10-12.26.11:116][  0]LogConfig: Setting CVar [[r.DepthOfFieldQuality:2]]
[2022.11.10-12.26.11:116][  0]LogConfig: Setting CVar [[r.RenderTargetPoolMin:400]]
[2022.11.10-12.26.11:116][  0]LogConfig: Setting CVar [[r.LensFlareQuality:2]]
[2022.11.10-12.26.11:116][  0]LogConfig: Setting CVar [[r.SceneColorFringeQuality:1]]
[2022.11.10-12.26.11:116][  0]LogConfig: Setting CVar [[r.EyeAdaptationQuality:2]]
[2022.11.10-12.26.11:116][  0]LogConfig: Setting CVar [[r.BloomQuality:5]]
[2022.11.10-12.26.11:116][  0]LogConfig: Setting CVar [[r.FastBlurThreshold:100]]
[2022.11.10-12.26.11:116][  0]LogConfig: Setting CVar [[r.Upscale.Quality:3]]
[2022.11.10-12.26.11:116][  0]LogConfig: Setting CVar [[r.Tonemapper.GrainQuantization:1]]
[2022.11.10-12.26.11:116][  0]LogConfig: Setting CVar [[r.LightShaftQuality:1]]
[2022.11.10-12.26.11:116][  0]LogConfig: Setting CVar [[r.Filter.SizeScale:1]]
[2022.11.10-12.26.11:116][  0]LogConfig: Setting CVar [[r.Tonemapper.Quality:5]]
[2022.11.10-12.26.11:116][  0]LogConfig: Setting CVar [[r.DOF.Gather.AccumulatorQuality:1        ; higher gathering accumulator quality]]
[2022.11.10-12.26.11:116][  0]LogConfig: Setting CVar [[r.DOF.Gather.PostfilterMethod:1          ; Median3x3 postfilering method]]
[2022.11.10-12.26.11:116][  0]LogConfig: Setting CVar [[r.DOF.Gather.EnableBokehSettings:0       ; no bokeh simulation when gathering]]
[2022.11.10-12.26.11:116][  0]LogConfig: Setting CVar [[r.DOF.Gather.RingCount:4                 ; medium number of samples when gathering]]
[2022.11.10-12.26.11:116][  0]LogConfig: Setting CVar [[r.DOF.Scatter.ForegroundCompositing:1    ; additive foreground scattering]]
[2022.11.10-12.26.11:116][  0]LogConfig: Setting CVar [[r.DOF.Scatter.BackgroundCompositing:2    ; additive background scattering]]
[2022.11.10-12.26.11:116][  0]LogConfig: Setting CVar [[r.DOF.Scatter.EnableBokehSettings:1      ; bokeh simulation when scattering]]
[2022.11.10-12.26.11:116][  0]LogConfig: Setting CVar [[r.DOF.Scatter.MaxSpriteRatio:0.1         ; only a maximum of 10% of scattered bokeh]]
[2022.11.10-12.26.11:116][  0]LogConfig: Setting CVar [[r.DOF.Recombine.Quality:1                ; cheap slight out of focus]]
[2022.11.10-12.26.11:116][  0]LogConfig: Setting CVar [[r.DOF.Recombine.EnableBokehSettings:0    ; no bokeh simulation on slight out of focus]]
[2022.11.10-12.26.11:116][  0]LogConfig: Setting CVar [[r.DOF.TemporalAAQuality:1                ; more stable temporal accumulation]]
[2022.11.10-12.26.11:116][  0]LogConfig: Setting CVar [[r.DOF.Kernel.MaxForegroundRadius:0.025]]
[2022.11.10-12.26.11:116][  0]LogConfig: Setting CVar [[r.DOF.Kernel.MaxBackgroundRadius:0.025]]
[2022.11.10-12.26.11:116][  0]LogConfig: Applying CVar settings from Section [TextureQuality@3] File [F:/Github/Endless-Runner-UE-4.27.1/EndlessRunner/Saved/Config/Windows/Scalability.ini]
[2022.11.10-12.26.11:116][  0]LogConfig: Setting CVar [[r.Streaming.MipBias:0]]
[2022.11.10-12.26.11:116][  0]LogConfig: Setting CVar [[r.Streaming.AmortizeCPUToGPUCopy:0]]
[2022.11.10-12.26.11:116][  0]LogConfig: Setting CVar [[r.Streaming.MaxNumTexturesToStreamPerFrame:0]]
[2022.11.10-12.26.11:116][  0]LogConfig: Setting CVar [[r.Streaming.Boost:1]]
[2022.11.10-12.26.11:116][  0]LogConfig: Setting CVar [[r.MaxAnisotropy:8]]
[2022.11.10-12.26.11:116][  0]LogConfig: Setting CVar [[r.VT.MaxAnisotropy:8]]
[2022.11.10-12.26.11:117][  0]LogConfig: Setting CVar [[r.Streaming.LimitPoolSizeToVRAM:0]]
[2022.11.10-12.26.11:117][  0]LogConfig: Setting CVar [[r.Streaming.PoolSize:1000]]
[2022.11.10-12.26.11:117][  0]LogConfig: Setting CVar [[r.Streaming.MaxEffectiveScreenSize:0]]
[2022.11.10-12.26.11:117][  0]LogConfig: Applying CVar settings from Section [EffectsQuality@3] File [F:/Github/Endless-Runner-UE-4.27.1/EndlessRunner/Saved/Config/Windows/Scalability.ini]
[2022.11.10-12.26.11:117][  0]LogConfig: Setting CVar [[r.TranslucencyLightingVolumeDim:64]]
[2022.11.10-12.26.11:117][  0]LogConfig: Setting CVar [[r.RefractionQuality:2]]
[2022.11.10-12.26.11:117][  0]LogConfig: Setting CVar [[r.SSR.Quality:3]]
[2022.11.10-12.26.11:117][  0]LogConfig: Setting CVar [[r.SSR.HalfResSceneColor:0]]
[2022.11.10-12.26.11:117][  0]LogConfig: Setting CVar [[r.SceneColorFormat:4]]
[2022.11.10-12.26.11:117][  0]LogConfig: Setting CVar [[r.DetailMode:2]]
[2022.11.10-12.26.11:117][  0]LogConfig: Setting CVar [[r.TranslucencyVolumeBlur:1]]
[2022.11.10-12.26.11:117][  0]LogConfig: Setting CVar [[r.MaterialQualityLevel:1 ; High quality]]
[2022.11.10-12.26.11:117][  0]LogConfig: Setting CVar [[r.AnisotropicMaterials:1]]
[2022.11.10-12.26.11:117][  0]LogConfig: Setting CVar [[r.SSS.Scale:1]]
[2022.11.10-12.26.11:117][  0]LogConfig: Setting CVar [[r.SSS.SampleSet:2]]
[2022.11.10-12.26.11:117][  0]LogConfig: Setting CVar [[r.SSS.Quality:1]]
[2022.11.10-12.26.11:117][  0]LogConfig: Setting CVar [[r.SSS.HalfRes:0]]
[2022.11.10-12.26.11:117][  0]LogConfig: Setting CVar [[r.SSGI.Quality:3]]
[2022.11.10-12.26.11:117][  0]LogConfig: Setting CVar [[r.EmitterSpawnRateScale:1.0]]
[2022.11.10-12.26.11:117][  0]LogConfig: Setting CVar [[r.ParticleLightQuality:2]]
[2022.11.10-12.26.11:117][  0]LogConfig: Setting CVar [[r.SkyAtmosphere.AerialPerspectiveLUT.FastApplyOnOpaque:1 ; Always have FastSkyLUT 1 in this case to avoid wrong sky]]
[2022.11.10-12.26.11:117][  0]LogConfig: Setting CVar [[r.SkyAtmosphere.AerialPerspectiveLUT.SampleCountMaxPerSlice:4]]
[2022.11.10-12.26.11:117][  0]LogConfig: Setting CVar [[r.SkyAtmosphere.AerialPerspectiveLUT.DepthResolution:16.0]]
[2022.11.10-12.26.11:117][  0]LogConfig: Setting CVar [[r.SkyAtmosphere.FastSkyLUT:1]]
[2022.11.10-12.26.11:117][  0]LogConfig: Setting CVar [[r.SkyAtmosphere.FastSkyLUT.SampleCountMin:4.0]]
[2022.11.10-12.26.11:117][  0]LogConfig: Setting CVar [[r.SkyAtmosphere.FastSkyLUT.SampleCountMax:128.0]]
[2022.11.10-12.26.11:117][  0]LogConfig: Setting CVar [[r.SkyAtmosphere.SampleCountMin:4.0]]
[2022.11.10-12.26.11:117][  0]LogConfig: Setting CVar [[r.SkyAtmosphere.SampleCountMax:128.0]]
[2022.11.10-12.26.11:117][  0]LogConfig: Setting CVar [[r.SkyAtmosphere.TransmittanceLUT.UseSmallFormat:0]]
[2022.11.10-12.26.11:117][  0]LogConfig: Setting CVar [[r.SkyAtmosphere.TransmittanceLUT.SampleCount:10.0]]
[2022.11.10-12.26.11:117][  0]LogConfig: Setting CVar [[r.SkyAtmosphere.MultiScatteringLUT.SampleCount:15.0]]
[2022.11.10-12.26.11:117][  0]LogConfig: Setting CVar [[r.SkyLight.RealTimeReflectionCapture:1]]
[2022.11.10-12.26.11:117][  0]LogConfig: Setting CVar [[fx.Niagara.QualityLevel:3]]
[2022.11.10-12.26.11:117][  0]LogConfig: Applying CVar settings from Section [FoliageQuality@3] File [F:/Github/Endless-Runner-UE-4.27.1/EndlessRunner/Saved/Config/Windows/Scalability.ini]
[2022.11.10-12.26.11:117][  0]LogConfig: Setting CVar [[foliage.DensityScale:1.0]]
[2022.11.10-12.26.11:117][  0]LogConfig: Setting CVar [[grass.DensityScale:1.0]]
[2022.11.10-12.26.11:117][  0]LogConfig: Applying CVar settings from Section [ShadingQuality@3] File [F:/Github/Endless-Runner-UE-4.27.1/EndlessRunner/Saved/Config/Windows/Scalability.ini]
[2022.11.10-12.26.11:117][  0]LogConfig: Setting CVar [[r.HairStrands.SkyLighting.IntegrationType:2]]
[2022.11.10-12.26.11:117][  0]LogConfig: Setting CVar [[r.HairStrands.SkyAO.SampleCount:4]]
[2022.11.10-12.26.11:117][  0]LogConfig: Setting CVar [[r.HairStrands.Visibility.MSAA.SamplePerPixel:4]]
[2022.11.10-12.26.11:117][  0]LogConfig: Setting CVar [[r.HairStrands.Interpolation.UseSingleGuide:0]]
[2022.11.10-12.26.11:117][  0]LogConfig: Applying CVar settings from Section [Startup] File [../../../Engine/Config/ConsoleVariables.ini]
[2022.11.10-12.26.11:117][  0]LogConfig: Setting CVar [[net.UseAdaptiveNetUpdateFrequency:0]]
[2022.11.10-12.26.11:117][  0]LogConfig: Setting CVar [[p.chaos.AllowCreatePhysxBodies:1]]
[2022.11.10-12.26.11:117][  0]LogConfig: Setting CVar [[fx.SkipVectorVMBackendOptimizations:1]]
[2022.11.10-12.26.11:117][  0]LogConfig: Applying CVar settings from Section [ConsoleVariables] File [F:/Github/Endless-Runner-UE-4.27.1/EndlessRunner/Saved/Config/Windows/Engine.ini]
[2022.11.10-12.26.11:117][  0]LogConfig: Applying CVar settings from Section [ConsoleVariables] File [F:/Github/Endless-Runner-UE-4.27.1/EndlessRunner/Saved/Config/Windows/Editor.ini]
[2022.11.10-12.26.11:117][  0]LogInit: Computer: CIMBEZ-C2329P9K
[2022.11.10-12.26.11:117][  0]LogInit: User: EDUSERVICES
[2022.11.10-12.26.11:117][  0]LogInit: CPU Page size=4096, Cores=12
[2022.11.10-12.26.11:117][  0]LogInit: High frequency timer resolution =10.000000 MHz
[2022.11.10-12.26.11:117][  0]LogMemory: Memory total: Physical=31.7GB (32GB approx)
[2022.11.10-12.26.11:117][  0]LogMemory: Platform Memory Stats for Windows
[2022.11.10-12.26.11:117][  0]LogMemory: Process Physical Memory: 149.82 MB used, 149.82 MB peak
[2022.11.10-12.26.11:117][  0]LogMemory: Process Virtual Memory: 121.33 MB used, 121.33 MB peak
[2022.11.10-12.26.11:117][  0]LogMemory: Physical Memory: 8157.64 MB used,  24280.16 MB free, 32437.80 MB total
[2022.11.10-12.26.11:117][  0]LogMemory: Virtual Memory: 134191072.00 MB used,  26658.85 MB free, 134217728.00 MB total
[2022.11.10-12.26.11:119][  0]LogWindows: WindowsPlatformFeatures enabled
[2022.11.10-12.26.11:138][  0]LogInit: Physics initialised using underlying interface: PhysX
[2022.11.10-12.26.11:139][  0]LogInit: Using OS detected language (fr-FR).
[2022.11.10-12.26.11:139][  0]LogInit: Using OS detected locale (fr-FR).
[2022.11.10-12.26.11:140][  0]LogTextLocalizationManager: No specific localization for 'fr-FR' exists, so the 'fr' localization will be used.
[2022.11.10-12.26.11:140][  0]LogTextLocalizationResource: LocRes '../../../Engine/Content/Localization/Editor/fr/Editor.locres' could not be opened for reading!
[2022.11.10-12.26.11:140][  0]LogTextLocalizationResource: LocRes '../../../Engine/Content/Localization/EditorTutorials/fr/EditorTutorials.locres' could not be opened for reading!
[2022.11.10-12.26.11:140][  0]LogTextLocalizationResource: LocRes '../../../Engine/Content/Localization/Keywords/fr/Keywords.locres' could not be opened for reading!
[2022.11.10-12.26.11:140][  0]LogTextLocalizationResource: LocRes '../../../Engine/Content/Localization/Category/fr/Category.locres' could not be opened for reading!
[2022.11.10-12.26.11:140][  0]LogTextLocalizationResource: LocRes '../../../Engine/Content/Localization/ToolTips/fr/ToolTips.locres' could not be opened for reading!
[2022.11.10-12.26.11:140][  0]LogTextLocalizationResource: LocRes '../../../Engine/Content/Localization/PropertyNames/fr/PropertyNames.locres' could not be opened for reading!
[2022.11.10-12.26.11:140][  0]LogTextLocalizationResource: LocRes '../../../Engine/Content/Localization/Engine/fr/Engine.locres' could not be opened for reading!
[2022.11.10-12.26.11:140][  0]LogInit: Setting process to per monitor DPI aware
[2022.11.10-12.26.11:146][  0]LogWindowsTextInputMethodSystem: Display: IME system deactivated.
[2022.11.10-12.26.11:153][  0]LogSlate: New Slate User Created.  User Index 0, Is Virtual User: 0
[2022.11.10-12.26.11:153][  0]LogSlate: Slate User Registered.  User Index 0, Is Virtual User: 0
[2022.11.10-12.26.11:204][  0]LogD3D11RHI: Loaded GFSDK_Aftermath_Lib.x64.dll
[2022.11.10-12.26.11:205][  0]LogHMD: Failed to initialize OpenVR with code 110
[2022.11.10-12.26.11:205][  0]LogD3D11RHI: D3D11 min allowed feature level: 11_0
[2022.11.10-12.26.11:205][  0]LogD3D11RHI: D3D11 max allowed feature level: 11_0
[2022.11.10-12.26.11:205][  0]LogD3D11RHI: D3D11 adapters:
[2022.11.10-12.26.11:279][  0]LogD3D11RHI:    0. 'NVIDIA GeForce RTX 3060' (Feature Level 11_0)
[2022.11.10-12.26.11:279][  0]LogD3D11RHI:       12129/0/16218 MB DedicatedVideo/DedicatedSystem/SharedSystem, Outputs:1, VendorId:0x10de
[2022.11.10-12.26.11:280][  0]LogD3D11RHI:    1. 'Microsoft Basic Render Driver' (Feature Level 11_0)
[2022.11.10-12.26.11:280][  0]LogD3D11RHI:       0/0/16218 MB DedicatedVideo/DedicatedSystem/SharedSystem, Outputs:0, VendorId:0x1414
[2022.11.10-12.26.11:280][  0]LogD3D11RHI: Chosen D3D11 Adapter:
[2022.11.10-12.26.11:280][  0]LogD3D11RHI:     Description : NVIDIA GeForce RTX 3060
[2022.11.10-12.26.11:280][  0]LogD3D11RHI:     VendorId    : 10de
[2022.11.10-12.26.11:280][  0]LogD3D11RHI:     DeviceId    : 2504
[2022.11.10-12.26.11:280][  0]LogD3D11RHI:     SubSysId    : 8904103c
[2022.11.10-12.26.11:280][  0]LogD3D11RHI:     Revision    : 00a1
[2022.11.10-12.26.11:280][  0]LogD3D11RHI:     DedicatedVideoMemory : 12718178304 bytes
[2022.11.10-12.26.11:280][  0]LogD3D11RHI:     DedicatedSystemMemory : 0 bytes
[2022.11.10-12.26.11:280][  0]LogD3D11RHI:     SharedSystemMemory : 17006749696 bytes
[2022.11.10-12.26.11:280][  0]LogD3D11RHI:     AdapterLuid : 0 60548
[2022.11.10-12.26.11:285][  0]LogD3D11RHI: Creating new Direct3DDevice
[2022.11.10-12.26.11:285][  0]LogD3D11RHI:     GPU DeviceId: 0x2504 (for the marketing name, search the web for "GPU Device Id")
[2022.11.10-12.26.11:285][  0]LogWindows: EnumDisplayDevices:
[2022.11.10-12.26.11:285][  0]LogWindows:    0. 'NVIDIA GeForce RTX 3060' (P:1 D:1)
[2022.11.10-12.26.11:285][  0]LogWindows:    1. 'NVIDIA GeForce RTX 3060' (P:0 D:0)
[2022.11.10-12.26.11:285][  0]LogWindows:    2. 'NVIDIA GeForce RTX 3060' (P:0 D:0)
[2022.11.10-12.26.11:285][  0]LogWindows:    3. 'NVIDIA GeForce RTX 3060' (P:0 D:0)
[2022.11.10-12.26.11:285][  0]LogWindows: DebugString: FoundDriverCount:4 
[2022.11.10-12.26.11:285][  0]LogD3D11RHI:     Adapter Name: NVIDIA GeForce RTX 3060
[2022.11.10-12.26.11:285][  0]LogD3D11RHI:   Driver Version: 526.47 (internal:31.0.15.2647, unified:526.47)
[2022.11.10-12.26.11:285][  0]LogD3D11RHI:      Driver Date: 10-25-2022
[2022.11.10-12.26.11:285][  0]LogRHI: Texture pool is 8490 MB (70% of 12129 MB)
[2022.11.10-12.26.11:285][  0]LogD3D11RHI: Creating D3DDevice using adapter:
[2022.11.10-12.26.11:285][  0]LogD3D11RHI:     Description : NVIDIA GeForce RTX 3060
[2022.11.10-12.26.11:285][  0]LogD3D11RHI:     VendorId    : 10de
[2022.11.10-12.26.11:285][  0]LogD3D11RHI:     DeviceId    : 2504
[2022.11.10-12.26.11:285][  0]LogD3D11RHI:     SubSysId    : 8904103c
[2022.11.10-12.26.11:285][  0]LogD3D11RHI:     Revision    : 00a1
[2022.11.10-12.26.11:285][  0]LogD3D11RHI:     DedicatedVideoMemory : 12718178304 bytes
[2022.11.10-12.26.11:285][  0]LogD3D11RHI:     DedicatedSystemMemory : 0 bytes
[2022.11.10-12.26.11:285][  0]LogD3D11RHI:     SharedSystemMemory : 17006749696 bytes
[2022.11.10-12.26.11:285][  0]LogD3D11RHI:     AdapterLuid : 0 60548
[2022.11.10-12.26.11:333][  0]LogD3D11RHI: RHI has support for 64 bit atomics
[2022.11.10-12.26.11:333][  0]LogD3D11RHI: Async texture creation enabled
[2022.11.10-12.26.11:333][  0]LogD3D11RHI: Array index from any shader is supported
[2022.11.10-12.26.11:350][  0]LogD3D11RHI: GPU Timing Frequency: 1000.000000 (Debug: 2 2)
[2022.11.10-12.26.11:363][  0]LogRHI: GeForceNow SDK initialized: 1
[2022.11.10-12.26.11:512][  0]LogTargetPlatformManager: Display: Loaded TargetPlatform 'AllDesktop'
[2022.11.10-12.26.11:524][  0]LogTargetPlatformManager: Display: Loaded TargetPlatform 'Android'
[2022.11.10-12.26.11:524][  0]LogTargetPlatformManager: Display: Loaded TargetPlatform 'Android_ASTC'
[2022.11.10-12.26.11:524][  0]LogTargetPlatformManager: Display: Loaded TargetPlatform 'Android_DXT'
[2022.11.10-12.26.11:524][  0]LogTargetPlatformManager: Display: Loaded TargetPlatform 'Android_ETC2'
[2022.11.10-12.26.11:524][  0]LogTargetPlatformManager: Display: Loaded TargetPlatform 'AndroidClient'
[2022.11.10-12.26.11:524][  0]LogTargetPlatformManager: Display: Loaded TargetPlatform 'Android_ASTCClient'
[2022.11.10-12.26.11:524][  0]LogTargetPlatformManager: Display: Loaded TargetPlatform 'Android_DXTClient'
[2022.11.10-12.26.11:524][  0]LogTargetPlatformManager: Display: Loaded TargetPlatform 'Android_ETC2Client'
[2022.11.10-12.26.11:524][  0]LogTargetPlatformManager: Display: Loaded TargetPlatform 'Android_Multi'
[2022.11.10-12.26.11:524][  0]LogTargetPlatformManager: Display: Loaded TargetPlatform 'Android_MultiClient'
[2022.11.10-12.26.11:533][  0]LogTargetPlatformManager: Display: Loaded TargetPlatform 'IOSClient'
[2022.11.10-12.26.11:533][  0]LogTargetPlatformManager: Display: Loaded TargetPlatform 'IOS'
[2022.11.10-12.26.11:538][  0]LogTargetPlatformManager: Display: Loaded TargetPlatform 'Linux'
[2022.11.10-12.26.11:540][  0]LogTargetPlatformManager: Display: Loaded TargetPlatform 'LinuxNoEditor'
[2022.11.10-12.26.11:542][  0]LogTargetPlatformManager: Display: Loaded TargetPlatform 'LinuxClient'
[2022.11.10-12.26.11:544][  0]LogTargetPlatformManager: Display: Loaded TargetPlatform 'LinuxServer'
[2022.11.10-12.26.11:548][  0]LogTargetPlatformManager: Display: Loaded TargetPlatform 'LinuxAArch64NoEditor'
[2022.11.10-12.26.11:551][  0]LogTargetPlatformManager: Display: Loaded TargetPlatform 'LinuxAArch64Client'
[2022.11.10-12.26.11:553][  0]LogTargetPlatformManager: Display: Loaded TargetPlatform 'LinuxAArch64Server'
[2022.11.10-12.26.11:565][  0]LogTargetPlatformManager: Display: Loaded TargetPlatform 'Lumin'
[2022.11.10-12.26.11:565][  0]LogTargetPlatformManager: Display: Loaded TargetPlatform 'LuminClient'
[2022.11.10-12.26.11:569][  0]LogTargetPlatformManager: Display: Loaded TargetPlatform 'MacNoEditor'
[2022.11.10-12.26.11:572][  0]LogTargetPlatformManager: Display: Loaded TargetPlatform 'Mac'
[2022.11.10-12.26.11:574][  0]LogTargetPlatformManager: Display: Loaded TargetPlatform 'MacClient'
[2022.11.10-12.26.11:576][  0]LogTargetPlatformManager: Display: Loaded TargetPlatform 'MacServer'
[2022.11.10-12.26.11:581][  0]LogTargetPlatformManager: Display: Loaded TargetPlatform 'TVOSClient'
[2022.11.10-12.26.11:581][  0]LogTargetPlatformManager: Display: Loaded TargetPlatform 'TVOS'
[2022.11.10-12.26.11:586][  0]LogTargetPlatformManager: Display: Loaded TargetPlatform 'WindowsNoEditor'
[2022.11.10-12.26.11:588][  0]LogTargetPlatformManager: Display: Loaded TargetPlatform 'Windows'
[2022.11.10-12.26.11:590][  0]LogTargetPlatformManager: Display: Loaded TargetPlatform 'WindowsClient'
[2022.11.10-12.26.11:592][  0]LogTargetPlatformManager: Display: Loaded TargetPlatform 'WindowsServer'
[2022.11.10-12.26.11:592][  0]LogTargetPlatformManager: Display: Building Assets For Windows
[2022.11.10-12.26.11:595][  0]LogAudioDebug: Display: Lib vorbis DLL was dynamically loaded.
[2022.11.10-12.26.11:609][  0]LogTextureFormatOodle: Display: Oodle Texture 2.9.0 init RDO Off
[2022.11.10-12.26.11:622][  0]LogRendererCore: Ray tracing is disabled. Reason: r.RayTracing=0.
[2022.11.10-12.26.11:622][  0]LogShaderCompilers: Guid format shader working directory is -26 characters bigger than the processId version (../../../../../../Github/Endless-Runner-UE-4.27.1/EndlessRunner/Intermediate/Shaders/WorkingDirectory/17796/).
[2022.11.10-12.26.11:623][  0]LogShaderCompilers: Cleaned the shader compiler working directory 'D:/SMI/AppData/Local/Temp/UnrealShaderWorkingDir/E59470D64D98CE870AD1088E299D040C/'.
[2022.11.10-12.26.11:623][  0]LogXGEController: Cannot use XGE Controller as Incredibuild is not installed on this machine.
[2022.11.10-12.26.11:623][  0]LogShaderCompilers: Cannot use XGE Shader Compiler as Incredibuild is not installed on this machine.
[2022.11.10-12.26.11:623][  0]LogShaderCompilers: Display: Using Local Shader Compiler.
[2022.11.10-12.26.12:130][  0]LogDerivedDataCache: Display: Max Cache Size: 512 MB
[2022.11.10-12.26.12:177][  0]LogDerivedDataCache: Loaded boot cache 0.05s 112MB D:/SMI/AppData/Local/UnrealEngine/4.27/DerivedDataCache/Boot.ddc.
[2022.11.10-12.26.12:177][  0]LogDerivedDataCache: Display: Loaded Boot cache: D:/SMI/AppData/Local/UnrealEngine/4.27/DerivedDataCache/Boot.ddc
[2022.11.10-12.26.12:177][  0]LogDerivedDataCache: FDerivedDataBackendGraph:  Pak pak cache file ../../../../../../Github/Endless-Runner-UE-4.27.1/EndlessRunner/DerivedDataCache/DDC.ddp not found, will not use a pak cache.
[2022.11.10-12.26.12:177][  0]LogDerivedDataCache: Unable to find inner node Pak for hierarchical cache Hierarchy.
[2022.11.10-12.26.12:177][  0]LogDerivedDataCache: FDerivedDataBackendGraph:  CompressedPak pak cache file ../../../../../../Github/Endless-Runner-UE-4.27.1/EndlessRunner/DerivedDataCache/Compressed.ddp not found, will not use a pak cache.
[2022.11.10-12.26.12:177][  0]LogDerivedDataCache: Unable to find inner node CompressedPak for hierarchical cache Hierarchy.
[2022.11.10-12.26.12:190][  0]LogDerivedDataCache: Display: Pak cache opened for reading ../../../Engine/DerivedDataCache/Compressed.ddp.
[2022.11.10-12.26.12:190][  0]LogDerivedDataCache: FDerivedDataBackendGraph:  EnterprisePak pak cache file ../../../Enterprise/DerivedDataCache/Compressed.ddp not found, will not use a pak cache.
[2022.11.10-12.26.12:190][  0]LogDerivedDataCache: Unable to find inner node EnterprisePak for hierarchical cache Hierarchy.
[2022.11.10-12.26.12:193][  0]LogDerivedDataCache: Speed tests for D:/SMI/AppData/Local/UnrealEngine/Common/DerivedDataCache took 0.00 seconds
[2022.11.10-12.26.12:193][  0]LogDerivedDataCache: Display: Performance to D:/SMI/AppData/Local/UnrealEngine/Common/DerivedDataCache: Latency=0.00ms. RandomReadSpeed=1560.40MBs, RandomWriteSpeed=417.44MBs. Assigned SpeedClass 'Local'
[2022.11.10-12.26.12:193][  0]LogDerivedDataCache: Using Local data cache path D:/SMI/AppData/Local/UnrealEngine/Common/DerivedDataCache: Writable
[2022.11.10-12.26.12:193][  0]LogDerivedDataCache: Shared data cache path not found in *engine.ini, will not use an Shared cache.
[2022.11.10-12.26.12:193][  0]LogDerivedDataCache: Unable to find inner node Shared for hierarchical cache Hierarchy.
[2022.11.10-12.26.12:226][  0]LogSlate: Using FreeType 2.10.0
[2022.11.10-12.26.12:227][  0]LogSlate: SlateFontServices - WITH_FREETYPE: 1, WITH_HARFBUZZ: 1
[2022.11.10-12.26.12:242][  0]LogAssetRegistry: FAssetRegistry took 0.0018 seconds to start up
[2022.11.10-12.26.12:376][  0]LogInit: Selected Device Profile: [Windows]
[2022.11.10-12.26.12:376][  0]LogInit: Active device profile: [000001A3A6C35400][000001A3A4F96400 49] Windows
[2022.11.10-12.26.12:376][  0]LogInit: Profiles: [000001A3A6C35400][000001A3A4F96400 49] Windows, [000001A3A6BDB100][000001A3A4F92540 49] WindowsNoEditor, [000001A3A6C34F00][000001A3A4F9A680 49] WindowsServer, [000001A3A6BD9300][000001A3A4F9E7C0 49] WindowsClient, [000001A3A6BAFF00][000001A3A4FA6940 49] IOS, [000001A3A6C35800][000001A3A4FAAAC0 49] iPadAir, [000001A3A6BD8200][000001A3A4C3CC40 49] iPadAir2, [000001A3A6B74400][000001A3A4C44F00 49] IPadPro, [000001A3A6B74500][000001A3A4C40F40 49] iPadAir3, [000001A3A6BAD800][000001A3A4C490C0 49] iPadAir4, [000001A3A6B77000][000001A3A4C4D240 49] iPadMini2, [000001A3A6BAF100][000001A3A4C513C0 49] iPadMini3, [000001A3A6B75200][000001A3A4C55540 49] iPadMini4, [000001A3A6BDA000][000001A3A4C596C0 49] iPadMini5, [000001A3A6B67C00][000001A3A4C61980 49] iPhone6, [000001A3A6B67D00][000001A3A4C5D9C0 49] iPodTouch6, [000001A3A6B75F00][000001A3A4C68100 49] iPhone7, [000001A3A6B74100][000001A3A4C64140 49] iPodTouch7, [000001A3A6B64300][000001A3A4C6C2C0 49] iPhone5S, [000001A3A6BACD00][000001A3A4C70440 49] iPhone6Plus, [000001A3A6B76C00][000001A3A4C745C0 49] iPhone6S, [000001A3A6BAE300][000001A3A4FA2700 49] iPhone6SPlus, [000001A3A6B75100][000001A3A4C78840 49] iPhone7Plus, [000001A3A6BACB00][000001A3A4C7C980 49] iPhoneSE, [000001A3A6B74300][000001A3A4C84B00 49] iPhone8, [000001A3A6BAEC00][000001A3A717EC80 49] iPhone8Plus, [000001A3A6B75D00][000001A3A7182E00 49] iPhoneX, [000001A3A6BAFC00][000001A3A7186F80 49] iPhoneXS, [000001A3A6B74B00][000001A3A718B100 49] iPhoneXSMax, [000001A3A6BAC400][000001A3A718F280 49] iPhoneXR, [000001A3A6B76900][000001A3A7193400 49] iPhone11, [000001A3A6BAFA00][000001A3A7197580 49] iPhone11Pro, [000001A3A6B76600][000001A3A719B700 49] iPhone11ProMax, [000001A3A6BAD700][000001A3A719F880 49] iPhoneSE2, [000001A3A6B74800][000001A3A71A3A00 49] iPhone12Mini, [000001A3A6BAC500][000001A3A71A7B80 49] iPhone12, [000001A3A6B76800][000001A3A71AA180 49] iPhone12Pro, [000001A3A6BAE100][000001A3A71AE300 49] iPhone12ProMax, [000001A3A6B75B00][000001A3A71B2480 49] iPadPro105, [000001A3A6BAFD00][000001A3A71B6600 49] iPadPro129, [000001A3A6B74F00][000001A3A71BA780 49] iPadPro97, [000001A3A6BAC100][000001A3A4C808C0 49] iPadPro2_129, [000001A3A6B74C00][000001A3A71BEA00 49] iPad5, [000001A3A6BAD500][000001A3A71C2B40 49] iPad6, [000001A3A6B75C00][000001A3A71CACC0 49] iPad7, [000001A3A6BAEB00][000001A3A71CEE40 49] iPad8, [000001A3A6B76000][000001A3A71D2FC0 49] iPadPro11, [000001A3A6BADC00][000001A3A71D7140 49] iPadPro2_11, [000001A3A6B74A00][000001A3A71DB2C0 49] iPadPro3_129, [000001A3A6BACE00][000001A3A71DF440 49] iPadPro4_129, [000001A3A6B77100][000001A3A71E35C0 49] AppleTV, [000001A3A6BADE00][000001A3A71E7740 49] AppleTV4K, [000001A3A6B77400][000001A3A71EB8C0 49] TVOS, [000001A3A6BAC900][000001A3A71EFA40 49] Mac, [000001A3A6B76B00][000001A3A71F3BC0 49] MacClient, [000001A3A6BAED00][000001A3A71F61C0 49] MacNoEditor, [000001A3A6B77F00][000001A3A71FA340 49] MacServer, [000001A3A6BADA00][000001A3A71FE4C0 49] Linux, [000001A3A6B77D00][000001A3A7202640 49] LinuxAArch64, [000001A3A6BAD900][000001A3A72067C0 49] LinuxNoEditor, [000001A3A6B77700][000001A3A720A940 49] LinuxAArch64NoEditor, [000001A3A6BAEF00][000001A3A71C6A80 49] LinuxClient, [000001A3A6B75800][000001A3A720EBC0 49] LinuxAArch64Client, [000001A3A6BAC200][000001A3A7212D00 49] LinuxServer, [000001A3A6B76300][000001A3A7216E40 49] LinuxAArch64Server, [000001A3A6BAE000][000001A3A721EFC0 49] Android, [000001A3A6B76A00][000001A3A7223140 49] Android_Low, [000001A3A6C37200][000001A3A72272C0 49] Android_Mid, [000001A3A6B64B00][000001A3A722B440 49] Android_High, [000001A3A6C35200][000001A3A722F5C0 49] Android_Default, [000001A3A6B65000][000001A3A7233740 49] Android_Adreno4xx, [000001A3A6C36300][000001A3A72378C0 49] Android_Adreno5xx_Low, [000001A3A6B65A00][000001A3A723BA40 49] Android_Adreno5xx, [000001A3A6C37300][000001A3A723FBC0 49] Android_Adreno6xx, [000001A3A6B66600][000001A3A72421C0 49] Android_Adreno6xx_Vulkan, [000001A3A6C36B00][000001A3A7246340 49] Android_Mali_T6xx, [000001A3A6B65F00][000001A3A724A4C0 49] Android_Mali_T7xx, [000001A3A6C36D00][000001A3A724E640 49] Android_Mali_T8xx, [000001A3A6B67800][000001A3A72527C0 49] Android_Mali_G71, [000001A3A6C34100][000001A3A7256940 49] Android_Mali_G72, [000001A3A6B66200][000001A3A725AAC0 49] Android_Mali_G72_Vulkan, [000001A3A6C37A00][000001A3A721AC00 49] Android_Mali_G76, [000001A3A6B66C00][000001A3A725ED40 49] Android_Mali_G76_Vulkan, [000001A3A6C35300][000001A3A7262E80 49] Android_Mali_G77, [000001A3A6B65B00][000001A3A7266FC0 49] Android_Mali_G77_Vulkan, [000001A3A6C34D00][000001A3A726F140 49] Android_Mali_G78, [000001A3A6B67400][000001A3A72732C0 49] Android_Mali_G78_Vulkan, [000001A3A6C34800][000001A3A7277440 49] Android_Mali_G710, [000001A3A6B66B00][000001A3A727B5C0 49] Android_Mali_G710_Vulkan, [000001A3A6C37100][000001A3A727F740 49] Android_Vulkan_SM5, [000001A3A6B66300][000001A3A72838C0 49] Android_PowerVR_G6xxx, [000001A3A6C34C00][000001A3A7287A40 49] Android_PowerVR_GT7xxx, [000001A3A6B77500][000001A3A728BBC0 49] Android_PowerVR_GE8xxx, [000001A3A6C37000][000001A3A728E1C0 49] Android_PowerVR_GM9xxx, [000001A3A6B75E00][000001A3A7292340 49] Android_PowerVR_GM9xxx_Vulkan, [000001A3A6C36000][000001A3A72964C0 49] Android_TegraK1, [000001A3A6B75A00][000001A3A729A640 49] Android_Unknown_Vulkan, [000001A3A6C35900][000001A3A729E7C0 49] Lumin, [000001A3A6B77A00][000001A3A72A2940 49] Lumin_Desktop, [000001A3A6C35600][000001A3A72A6AC0 49] HoloLens, 
[2022.11.10-12.26.12:451][  0]LogMeshReduction: Using QuadricMeshReduction for automatic static mesh reduction
[2022.11.10-12.26.12:451][  0]LogMeshReduction: Using SimplygonMeshReduction for automatic skeletal mesh reduction
[2022.11.10-12.26.12:451][  0]LogMeshReduction: Using ProxyLODMeshReduction for automatic mesh merging
[2022.11.10-12.26.12:451][  0]LogMeshReduction: No distributed automatic mesh merging module available
[2022.11.10-12.26.12:451][  0]LogMeshMerging: No distributed automatic mesh merging module available
[2022.11.10-12.26.12:460][  0]LogNetVersion: EndlessRunner 1.0.0, NetCL: 17155196, EngineNetVer: 17, GameNetVer: 0 (Checksum: 1331125288)
[2022.11.10-12.26.12:678][  0]LogTexture: Default maximum texture size for cubemaps generated from long-lat sources has been changed from 512 to unlimited. In order to preserve old behaiour for '/Engine/MapTemplates/Sky/DaylightAmbientCubemap.DaylightAmbientCubemap', its maximum texture size has been explicitly set to 512.
[2022.11.10-12.26.12:740][  0]LogHMD: PokeAHoleMaterial loaded successfully
[2022.11.10-12.26.12:743][  0]LogUObjectArray: 18050 objects as part of root set at end of initial load.
[2022.11.10-12.26.12:743][  0]LogUObjectAllocator: 4611168 out of 0 bytes used by permanent object pool.
[2022.11.10-12.26.12:743][  0]LogUObjectArray: CloseDisregardForGC: 0/0 objects in disregard for GC pool
[2022.11.10-12.26.12:871][  0]LogPython: Using Python 3.7.7
[2022.11.10-12.26.13:137][  0]LogNiagaraDebuggerClient: Niagara Debugger Client Initialized | Session: 83A25FEB4A69D70592F32E85118A305D | Instance: 07D4376742518B8A865BAB9726D40006 (CIMBEZ-C2329P9K-17796).
[2022.11.10-12.26.13:214][  0]LogTcpMessaging: Initializing TcpMessaging bridge
[2022.11.10-12.26.13:217][  0]LogUdpMessaging: Initializing bridge on interface 0.0.0.0:0 to multicast group 230.0.0.1:6666.
[2022.11.10-12.26.13:289][  0]SourceControl: Source control is disabled
[2022.11.10-12.26.13:289][  0]SourceControl: Source control is disabled
[2022.11.10-12.26.13:291][  0]SourceControl: Source control is disabled
[2022.11.10-12.26.13:292][  0]SourceControl: Source control is disabled
[2022.11.10-12.26.13:296][  0]LogUProjectInfo: Found projects:
[2022.11.10-12.26.13:298][  0]SourceControl: Source control is disabled
[2022.11.10-12.26.13:381][  0]LogOpenImageDenoise: OIDN starting up
[2022.11.10-12.26.13:423][  0]LogAndroidPermission: UAndroidPermissionCallbackProxy::GetInstance
[2022.11.10-12.26.13:434][  0]LogAudioCaptureCore: Display: No Audio Capture implementations found. Audio input will be silent.
[2022.11.10-12.26.13:434][  0]LogAudioCaptureCore: Display: No Audio Capture implementations found. Audio input will be silent.
[2022.11.10-12.26.13:510][  0]LogCollectionManager: Loaded 0 collections in 0.000369 seconds
[2022.11.10-12.26.13:523][  0]LogFileCache: Scanning file cache for directory 'F:/Github/Endless-Runner-UE-4.27.1/EndlessRunner/Saved/Collections/' took 0.00s
[2022.11.10-12.26.13:523][  0]LogFileCache: Scanning file cache for directory 'F:/Github/Endless-Runner-UE-4.27.1/EndlessRunner/Content/Developers/EDUSERVICES/Collections/' took 0.00s
[2022.11.10-12.26.13:523][  0]LogFileCache: Scanning file cache for directory 'F:/Github/Endless-Runner-UE-4.27.1/EndlessRunner/Content/Collections/' took 0.00s
[2022.11.10-12.26.13:523][  0]LogOcInput: OculusInput pre-init called
[2022.11.10-12.26.13:662][  0]LogClass: Display: IntProperty FPhysicsConvexData::NumVertices is not initialized properly. Module:MeshModelingTools File:Public/Physics/CollisionPropertySets.h
[2022.11.10-12.26.13:663][  0]LogClass: Display: IntProperty FPhysicsConvexData::NumFaces is not initialized properly. Module:MeshModelingTools File:Public/Physics/CollisionPropertySets.h
[2022.11.10-12.26.13:663][  0]LogClass: Display: FloatProperty FPhysicsCapsuleData::Radius is not initialized properly. Module:MeshModelingTools File:Public/Physics/CollisionPropertySets.h
[2022.11.10-12.26.13:663][  0]LogClass: Display: FloatProperty FPhysicsCapsuleData::Length is not initialized properly. Module:MeshModelingTools File:Public/Physics/CollisionPropertySets.h
[2022.11.10-12.26.13:663][  0]LogClass: Display: StructProperty FPhysicsBoxData::Dimensions is not initialized properly. Module:MeshModelingTools File:Public/Physics/CollisionPropertySets.h
[2022.11.10-12.26.13:663][  0]LogClass: Display: FloatProperty FPhysicsSphereData::Radius is not initialized properly. Module:MeshModelingTools File:Public/Physics/CollisionPropertySets.h
[2022.11.10-12.26.13:663][  0]LogClass: Display: EnumProperty FLODLevelGenerateSettings::TargetMode is not initialized properly. Module:MeshModelingToolsEditorOnly File:Public/GenerateLODMeshesTool.h
[2022.11.10-12.26.13:663][  0]LogClass: Display: IntProperty FLODLevelGenerateSettings::TargetPercentage is not initialized properly. Module:MeshModelingToolsEditorOnly File:Public/GenerateLODMeshesTool.h
[2022.11.10-12.26.13:663][  0]LogClass: Display: IntProperty FLODLevelGenerateSettings::TargetCount is not initialized properly. Module:MeshModelingToolsEditorOnly File:Public/GenerateLODMeshesTool.h
[2022.11.10-12.26.13:663][  0]LogClass: Display: 9 Uninitialized script struct members found including 0 object properties
[2022.11.10-12.26.13:663][  0]LogEngine: Initializing Engine...
[2022.11.10-12.26.13:665][  0]LogHMD: Failed to enumerate extensions. Please check that you have a valid OpenXR runtime installed.
[2022.11.10-12.26.13:665][  0]LogHMD: Failed to initialize OpenVR with code 110
[2022.11.10-12.26.13:665][  0]LogMagicLeap: Warning: VR disabled because ZI is not enabled.  To enable, in the editor, Edit -> Project Settings -> Plugins -> Magic Leap Plugin -> Enable Zero Iteration
[2022.11.10-12.26.13:665][  0]LogStylusInput: Initializing StylusInput subsystem.
[2022.11.10-12.26.13:666][  0]LogStats: UGameplayTagsManager::InitializeManager -  0.000 s
[2022.11.10-12.26.13:733][  0]LogInit: Initializing FReadOnlyCVARCache
[2022.11.10-12.26.13:738][  0]LogAIModule: Creating AISystem for world Untitled
[2022.11.10-12.26.13:744][  0]LogAudio: Display: Initializing Audio Device Manager...
[2022.11.10-12.26.13:746][  0]LogAudio: Display: Loading Default Audio Settings Objects...
[2022.11.10-12.26.13:746][  0]LogAudio: Display: No default SoundConcurrencyObject specified (or failed to load).
[2022.11.10-12.26.13:747][  0]LogAudio: Display: Audio Device Manager Initialized
[2022.11.10-12.26.13:747][  0]LogAudio: Display: Creating Audio Device:                 Id: 1, Scope: Shared, Realtime: True
[2022.11.10-12.26.13:747][  0]LogAudioMixer: Display: Audio Mixer Platform Settings:
[2022.11.10-12.26.13:747][  0]LogAudioMixer: Display: 	Sample Rate:						  48000
[2022.11.10-12.26.13:747][  0]LogAudioMixer: Display: 	Callback Buffer Frame Size Requested: 1024
[2022.11.10-12.26.13:747][  0]LogAudioMixer: Display: 	Callback Buffer Frame Size To Use:	  1024
[2022.11.10-12.26.13:747][  0]LogAudioMixer: Display: 	Number of buffers to queue:			  2
[2022.11.10-12.26.13:747][  0]LogAudioMixer: Display: 	Max Channels (voices):				  32
[2022.11.10-12.26.13:747][  0]LogAudioMixer: Display: 	Number of Async Source Workers:		  0
[2022.11.10-12.26.13:747][  0]LogAudio: Display: AudioDevice MaxSources: 32
[2022.11.10-12.26.13:747][  0]LogAudio: Display: Audio Spatialization Plugin: None (built-in).
[2022.11.10-12.26.13:747][  0]LogAudio: Display: Audio Reverb Plugin: None (built-in).
[2022.11.10-12.26.13:747][  0]LogAudio: Display: Audio Occlusion Plugin: None (built-in).
[2022.11.10-12.26.13:747][  0]LogAudioMixer: Display: Initializing audio mixer.
[2022.11.10-12.26.13:755][  0]LogAudioMixer: Display: 0: FrontLeft
[2022.11.10-12.26.13:755][  0]LogAudioMixer: Display: 1: FrontRight
[2022.11.10-12.26.13:766][  0]LogAudioMixer: Display: Using Audio Device PL2474H (NVIDIA High Definition Audio)
[2022.11.10-12.26.13:767][  0]LogAudioMixer: Display: Initializing Sound Submixes...
[2022.11.10-12.26.13:768][  0]LogAudioMixer: Display: Creating Master Submix 'MasterSubmixDefault'
[2022.11.10-12.26.13:768][  0]LogAudioMixer: Display: Creating Master Submix 'MasterReverbSubmixDefault'
[2022.11.10-12.26.13:769][  0]LogAudioMixer: Display: Creating Master Submix 'MasterEQSubmixDefault'
[2022.11.10-12.26.13:769][  0]LogAudioMixer: FMixerPlatformXAudio2::StartAudioStream() called
[2022.11.10-12.26.13:769][  0]LogAudioMixer: Display: Output buffers initialized: Frames=1024, Channels=2, Samples=2048
[2022.11.10-12.26.13:769][  0]LogAudioMixer: Display: Starting AudioMixerPlatformInterface::RunInternal()
[2022.11.10-12.26.13:769][  0]LogAudioMixer: Display: FMixerPlatformXAudio2::SubmitBuffer() called for the first time
[2022.11.10-12.26.13:769][  0]LogInit: FAudioDevice initialized.
[2022.11.10-12.26.13:770][  0]LogAudio: Display: Audio Device (ID: 1) registered with world 'Untitled'.
[2022.11.10-12.26.13:770][  0]LogNetVersion: Set ProjectVersion to 1.0.0.0. Version Checksum will be recalculated on next use.
[2022.11.10-12.26.13:811][  0]LogDerivedDataCache: Saved boot cache 0.04s 112MB D:/SMI/AppData/Local/UnrealEngine/4.27/DerivedDataCache/Boot.ddc.
[2022.11.10-12.26.13:812][  0]LogInit: Texture streaming: Enabled
[2022.11.10-12.26.13:818][  0]LogAnalytics: Display: [UEEditor.Rocket.Release] APIServer = https://datarouter.ol.epicgames.com/. AppVersion = 4.27.2-18319896+++UE4+Release-4.27
[2022.11.10-12.26.13:819][  0]LogEngineSessionManager: EngineSessionManager initialized
[2022.11.10-12.26.13:819][  0]LogEditorSessionSummary: Verbose: Initializing EditorSessionSummaryWriter for editor session tracking
[2022.11.10-12.26.13:820][  0]LogEditorSessionSummary: EditorSessionSummaryWriter initialized
[2022.11.10-12.26.13:833][  0]LogInit: Transaction tracking system initialized
[2022.11.10-12.26.13:844][  0]BlueprintLog: New page: Editor Load
[2022.11.10-12.26.13:871][  0]LocalizationService: Localization service is disabled
[2022.11.10-12.26.13:881][  0]TimingProfiler: Initialize
[2022.11.10-12.26.13:881][  0]TimingProfiler: OnSessionChanged
[2022.11.10-12.26.13:881][  0]LoadingProfiler: Initialize
[2022.11.10-12.26.13:881][  0]LoadingProfiler: OnSessionChanged
[2022.11.10-12.26.13:881][  0]NetworkingProfiler: Initialize
[2022.11.10-12.26.13:881][  0]NetworkingProfiler: OnSessionChanged
[2022.11.10-12.26.13:881][  0]MemoryProfiler: Initialize
[2022.11.10-12.26.13:882][  0]MemoryProfiler: OnSessionChanged
[2022.11.10-12.26.13:948][  0]LogCook: Display: CookSettings for Memory: MemoryMaxUsedVirtual 0MiB, MemoryMaxUsedPhysical 16384MiB, MemoryMinFreeVirtual 0MiB, MemoryMinFreePhysical 1024MiB
[2022.11.10-12.26.13:948][  0]LogCook: Display: Mobile HDR setting 1
[2022.11.10-12.26.14:051][  0]LogFileCache: Scanning file cache for directory 'F:/Github/Endless-Runner-UE-4.27.1/EndlessRunner/Content/' took 0.00s
[2022.11.10-12.26.14:156][  0]LogInit: Display: Engine is initialized. Leaving FEngineLoop::Init()
[2022.11.10-12.26.14:157][  0]SourceControl: Source control is disabled
[2022.11.10-12.26.14:157][  0]LogUnrealEdMisc: Loading editor; pre map load, took 3.550
[2022.11.10-12.26.14:158][  0]Cmd: MAP LOAD FILE="../../../../../../Github/Endless-Runner-UE-4.27.1/EndlessRunner/Content/Assets/Levels/GamePlay.umap" TEMPLATE=0 SHOWPROGRESS=1 FEATURELEVEL=3
[2022.11.10-12.26.14:158][  0]LightingResults: New page: Lighting Build
[2022.11.10-12.26.14:158][  0]LogWorld: UWorld::CleanupWorld for Untitled, bSessionEnded=true, bCleanupResources=true
[2022.11.10-12.26.14:158][  0]LogSlate: InvalidateAllWidgets triggered.  All widgets were invalidated
[2022.11.10-12.26.14:159][  0]MapCheck: New page: Map Check
[2022.11.10-12.26.14:159][  0]LightingResults: New page: Lighting Build
[2022.11.10-12.26.14:162][  0]LogAudio: Display: Audio Device unregistered from world 'None'.
[2022.11.10-12.26.14:166][  0]LogUObjectHash: Compacting FUObjectHashTables data took   0.50ms
[2022.11.10-12.26.14:578][  0]LogAudio: Display: Audio Device (ID: 1) registered with world 'GamePlay'.
[2022.11.10-12.26.14:579][  0]LogAIModule: Creating AISystem for world GamePlay
[2022.11.10-12.26.14:581][  0]LogEditorServer: Finished looking for orphan Actors (0.000 secs)
[2022.11.10-12.26.14:590][  0]LogUObjectHash: Compacting FUObjectHashTables data took   0.75ms
[2022.11.10-12.26.14:591][  0]Cmd: MAP CHECKDEP NOCLEARLOG
[2022.11.10-12.26.14:591][  0]MapCheck: Map check complete: 0 Error(s), 0 Warning(s), took 0,071ms to complete.
[2022.11.10-12.26.14:591][  0]LogFileHelpers: Loading map 'GamePlay' took 0.433
[2022.11.10-12.26.14:592][  0]LogUnrealEdMisc: Total Editor Startup Time, took 3.984
[2022.11.10-12.26.14:700][  0]LogSlate: Updating window title bar state: overlay mode, drag disabled, window buttons hidden, title bar hidden
[2022.11.10-12.26.14:703][  0]LogSlate: Updating window title bar state: overlay mode, drag disabled, window buttons hidden, title bar hidden
[2022.11.10-12.26.14:706][  0]LogSlate: Updating window title bar state: overlay mode, drag disabled, window buttons hidden, title bar hidden
[2022.11.10-12.26.14:710][  0]LogSlate: Updating window title bar state: overlay mode, drag disabled, window buttons hidden, title bar hidden
[2022.11.10-12.26.14:718][  0]LogNativeClassHierarchy: Verbose: Native class hierarchy populated in 0.0061 seconds. Added 4202 classes and 960 folders.
[2022.11.10-12.26.14:719][  0]LogNativeClassHierarchy: Verbose: Native class hierarchy updated for 'WidgetCarousel' in 0.0001 seconds. Added 0 classes and 0 folders.
[2022.11.10-12.26.14:720][  0]LogPakFile: PakFile PrimaryIndexSize=187
[2022.11.10-12.26.14:720][  0]LogPakFile: PakFile PathHashIndexSize=101
[2022.11.10-12.26.14:720][  0]LogPakFile: PakFile FullDirectoryIndexSize=148
[2022.11.10-12.26.14:720][  0]LogShaderLibrary: Display: ShaderCodeLibraryPakFileMountedCallback: PakFile 'F:/Programmes/EpicGames/UE_4.27/FeaturePacks/FP_FirstPerson.upack' (chunk index -1, root 'root:/') mounted
[2022.11.10-12.26.14:720][  0]LogShaderLibrary: Display: ShaderCodeLibraryPakFileMountedCallback: pending pak file info (ChunkID:-1 Root:root:/ File:F:/Programmes/EpicGames/UE_4.27/FeaturePacks/FP_FirstPerson.upack)
[2022.11.10-12.26.14:720][  0]LogPakFile: OnPakFileMounted2Time == 0.000034
[2022.11.10-12.26.14:720][  0]LogPakFile: PakFile PrimaryIndexSize=189
[2022.11.10-12.26.14:720][  0]LogPakFile: PakFile PathHashIndexSize=101
[2022.11.10-12.26.14:720][  0]LogPakFile: PakFile FullDirectoryIndexSize=152
[2022.11.10-12.26.14:720][  0]LogShaderLibrary: Display: ShaderCodeLibraryPakFileMountedCallback: PakFile 'F:/Programmes/EpicGames/UE_4.27/FeaturePacks/FP_FirstPersonBP.upack' (chunk index -1, root 'root:/') mounted
[2022.11.10-12.26.14:720][  0]LogShaderLibrary: Display: ShaderCodeLibraryPakFileMountedCallback: pending pak file info (ChunkID:-1 Root:root:/ File:F:/Programmes/EpicGames/UE_4.27/FeaturePacks/FP_FirstPersonBP.upack)
[2022.11.10-12.26.14:720][  0]LogPakFile: OnPakFileMounted2Time == 0.000021
[2022.11.10-12.26.14:720][  0]LogPakFile: PakFile PrimaryIndexSize=191
[2022.11.10-12.26.14:720][  0]LogPakFile: PakFile PathHashIndexSize=101
[2022.11.10-12.26.14:720][  0]LogPakFile: PakFile FullDirectoryIndexSize=160
[2022.11.10-12.26.14:720][  0]LogShaderLibrary: Display: ShaderCodeLibraryPakFileMountedCallback: PakFile 'F:/Programmes/EpicGames/UE_4.27/FeaturePacks/MobileStarterContent.upack' (chunk index -1, root 'root:/') mounted
[2022.11.10-12.26.14:720][  0]LogShaderLibrary: Display: ShaderCodeLibraryPakFileMountedCallback: pending pak file info (ChunkID:-1 Root:root:/ File:F:/Programmes/EpicGames/UE_4.27/FeaturePacks/MobileStarterContent.upack)
[2022.11.10-12.26.14:720][  0]LogPakFile: OnPakFileMounted2Time == 0.000019
[2022.11.10-12.26.14:721][  0]LogPakFile: PakFile PrimaryIndexSize=185
[2022.11.10-12.26.14:721][  0]LogPakFile: PakFile PathHashIndexSize=101
[2022.11.10-12.26.14:721][  0]LogPakFile: PakFile FullDirectoryIndexSize=148
[2022.11.10-12.26.14:721][  0]LogShaderLibrary: Display: ShaderCodeLibraryPakFileMountedCallback: PakFile 'F:/Programmes/EpicGames/UE_4.27/FeaturePacks/StarterContent.upack' (chunk index -1, root 'root:/') mounted
[2022.11.10-12.26.14:721][  0]LogShaderLibrary: Display: ShaderCodeLibraryPakFileMountedCallback: pending pak file info (ChunkID:-1 Root:root:/ File:F:/Programmes/EpicGames/UE_4.27/FeaturePacks/StarterContent.upack)
[2022.11.10-12.26.14:721][  0]LogPakFile: OnPakFileMounted2Time == 0.000019
[2022.11.10-12.26.14:721][  0]LogPakFile: PakFile PrimaryIndexSize=190
[2022.11.10-12.26.14:721][  0]LogPakFile: PakFile PathHashIndexSize=101
[2022.11.10-12.26.14:721][  0]LogPakFile: PakFile FullDirectoryIndexSize=154
[2022.11.10-12.26.14:721][  0]LogShaderLibrary: Display: ShaderCodeLibraryPakFileMountedCallback: PakFile 'F:/Programmes/EpicGames/UE_4.27/FeaturePacks/TP_2DSideScroller.upack' (chunk index -1, root 'root:/') mounted
[2022.11.10-12.26.14:721][  0]LogShaderLibrary: Display: ShaderCodeLibraryPakFileMountedCallback: pending pak file info (ChunkID:-1 Root:root:/ File:F:/Programmes/EpicGames/UE_4.27/FeaturePacks/TP_2DSideScroller.upack)
[2022.11.10-12.26.14:721][  0]LogPakFile: OnPakFileMounted2Time == 0.000018
[2022.11.10-12.26.14:721][  0]LogPakFile: PakFile PrimaryIndexSize=192
[2022.11.10-12.26.14:721][  0]LogPakFile: PakFile PathHashIndexSize=101
[2022.11.10-12.26.14:721][  0]LogPakFile: PakFile FullDirectoryIndexSize=158
[2022.11.10-12.26.14:721][  0]LogShaderLibrary: Display: ShaderCodeLibraryPakFileMountedCallback: PakFile 'F:/Programmes/EpicGames/UE_4.27/FeaturePacks/TP_2DSideScrollerBP.upack' (chunk index -1, root 'root:/') mounted
[2022.11.10-12.26.14:721][  0]LogShaderLibrary: Display: ShaderCodeLibraryPakFileMountedCallback: pending pak file info (ChunkID:-1 Root:root:/ File:F:/Programmes/EpicGames/UE_4.27/FeaturePacks/TP_2DSideScrollerBP.upack)
[2022.11.10-12.26.14:721][  0]LogPakFile: OnPakFileMounted2Time == 0.000017
[2022.11.10-12.26.14:721][  0]LogPakFile: PakFile PrimaryIndexSize=182
[2022.11.10-12.26.14:721][  0]LogPakFile: PakFile PathHashIndexSize=101
[2022.11.10-12.26.14:721][  0]LogPakFile: PakFile FullDirectoryIndexSize=138
[2022.11.10-12.26.14:721][  0]LogShaderLibrary: Display: ShaderCodeLibraryPakFileMountedCallback: PakFile 'F:/Programmes/EpicGames/UE_4.27/FeaturePacks/TP_Flying.upack' (chunk index -1, root 'root:/') mounted
[2022.11.10-12.26.14:721][  0]LogShaderLibrary: Display: ShaderCodeLibraryPakFileMountedCallback: pending pak file info (ChunkID:-1 Root:root:/ File:F:/Programmes/EpicGames/UE_4.27/FeaturePacks/TP_Flying.upack)
[2022.11.10-12.26.14:721][  0]LogPakFile: OnPakFileMounted2Time == 0.000018
[2022.11.10-12.26.14:722][  0]LogPakFile: PakFile PrimaryIndexSize=184
[2022.11.10-12.26.14:722][  0]LogPakFile: PakFile PathHashIndexSize=101
[2022.11.10-12.26.14:722][  0]LogPakFile: PakFile FullDirectoryIndexSize=142
[2022.11.10-12.26.14:722][  0]LogShaderLibrary: Display: ShaderCodeLibraryPakFileMountedCallback: PakFile 'F:/Programmes/EpicGames/UE_4.27/FeaturePacks/TP_FlyingBP.upack' (chunk index -1, root 'root:/') mounted
[2022.11.10-12.26.14:722][  0]LogShaderLibrary: Display: ShaderCodeLibraryPakFileMountedCallback: pending pak file info (ChunkID:-1 Root:root:/ File:F:/Programmes/EpicGames/UE_4.27/FeaturePacks/TP_FlyingBP.upack)
[2022.11.10-12.26.14:722][  0]LogPakFile: OnPakFileMounted2Time == 0.000017
[2022.11.10-12.26.14:722][  0]LogPakFile: PakFile PrimaryIndexSize=188
[2022.11.10-12.26.14:722][  0]LogPakFile: PakFile PathHashIndexSize=101
[2022.11.10-12.26.14:722][  0]LogPakFile: PakFile FullDirectoryIndexSize=150
[2022.11.10-12.26.14:722][  0]LogShaderLibrary: Display: ShaderCodeLibraryPakFileMountedCallback: PakFile 'F:/Programmes/EpicGames/UE_4.27/FeaturePacks/TP_HandheldARBP.upack' (chunk index -1, root 'root:/') mounted
[2022.11.10-12.26.14:722][  0]LogShaderLibrary: Display: ShaderCodeLibraryPakFileMountedCallback: pending pak file info (ChunkID:-1 Root:root:/ File:F:/Programmes/EpicGames/UE_4.27/FeaturePacks/TP_HandheldARBP.upack)
[2022.11.10-12.26.14:722][  0]LogPakFile: OnPakFileMounted2Time == 0.000017
[2022.11.10-12.26.14:722][  0]LogPakFile: PakFile PrimaryIndexSize=182
[2022.11.10-12.26.14:722][  0]LogPakFile: PakFile PathHashIndexSize=101
[2022.11.10-12.26.14:722][  0]LogPakFile: PakFile FullDirectoryIndexSize=138
[2022.11.10-12.26.14:722][  0]LogShaderLibrary: Display: ShaderCodeLibraryPakFileMountedCallback: PakFile 'F:/Programmes/EpicGames/UE_4.27/FeaturePacks/TP_Puzzle.upack' (chunk index -1, root 'root:/') mounted
[2022.11.10-12.26.14:722][  0]LogShaderLibrary: Display: ShaderCodeLibraryPakFileMountedCallback: pending pak file info (ChunkID:-1 Root:root:/ File:F:/Programmes/EpicGames/UE_4.27/FeaturePacks/TP_Puzzle.upack)
[2022.11.10-12.26.14:722][  0]LogPakFile: OnPakFileMounted2Time == 0.000018
[2022.11.10-12.26.14:722][  0]LogPakFile: PakFile PrimaryIndexSize=184
[2022.11.10-12.26.14:722][  0]LogPakFile: PakFile PathHashIndexSize=101
[2022.11.10-12.26.14:722][  0]LogPakFile: PakFile FullDirectoryIndexSize=142
[2022.11.10-12.26.14:722][  0]LogShaderLibrary: Display: ShaderCodeLibraryPakFileMountedCallback: PakFile 'F:/Programmes/EpicGames/UE_4.27/FeaturePacks/TP_PuzzleBP.upack' (chunk index -1, root 'root:/') mounted
[2022.11.10-12.26.14:722][  0]LogShaderLibrary: Display: ShaderCodeLibraryPakFileMountedCallback: pending pak file info (ChunkID:-1 Root:root:/ File:F:/Programmes/EpicGames/UE_4.27/FeaturePacks/TP_PuzzleBP.upack)
[2022.11.10-12.26.14:722][  0]LogPakFile: OnPakFileMounted2Time == 0.000017
[2022.11.10-12.26.14:723][  0]LogPakFile: PakFile PrimaryIndexSize=183
[2022.11.10-12.26.14:723][  0]LogPakFile: PakFile PathHashIndexSize=101
[2022.11.10-12.26.14:723][  0]LogPakFile: PakFile FullDirectoryIndexSize=140
[2022.11.10-12.26.14:723][  0]LogShaderLibrary: Display: ShaderCodeLibraryPakFileMountedCallback: PakFile 'F:/Programmes/EpicGames/UE_4.27/FeaturePacks/TP_Rolling.upack' (chunk index -1, root 'root:/') mounted
[2022.11.10-12.26.14:723][  0]LogShaderLibrary: Display: ShaderCodeLibraryPakFileMountedCallback: pending pak file info (ChunkID:-1 Root:root:/ File:F:/Programmes/EpicGames/UE_4.27/FeaturePacks/TP_Rolling.upack)
[2022.11.10-12.26.14:723][  0]LogPakFile: OnPakFileMounted2Time == 0.000017
[2022.11.10-12.26.14:723][  0]LogPakFile: PakFile PrimaryIndexSize=185
[2022.11.10-12.26.14:723][  0]LogPakFile: PakFile PathHashIndexSize=101
[2022.11.10-12.26.14:723][  0]LogPakFile: PakFile FullDirectoryIndexSize=144
[2022.11.10-12.26.14:723][  0]LogShaderLibrary: Display: ShaderCodeLibraryPakFileMountedCallback: PakFile 'F:/Programmes/EpicGames/UE_4.27/FeaturePacks/TP_RollingBP.upack' (chunk index -1, root 'root:/') mounted
[2022.11.10-12.26.14:723][  0]LogShaderLibrary: Display: ShaderCodeLibraryPakFileMountedCallback: pending pak file info (ChunkID:-1 Root:root:/ File:F:/Programmes/EpicGames/UE_4.27/FeaturePacks/TP_RollingBP.upack)
[2022.11.10-12.26.14:723][  0]LogPakFile: OnPakFileMounted2Time == 0.000017
[2022.11.10-12.26.14:723][  0]LogPakFile: PakFile PrimaryIndexSize=188
[2022.11.10-12.26.14:723][  0]LogPakFile: PakFile PathHashIndexSize=101
[2022.11.10-12.26.14:723][  0]LogPakFile: PakFile FullDirectoryIndexSize=150
[2022.11.10-12.26.14:723][  0]LogShaderLibrary: Display: ShaderCodeLibraryPakFileMountedCallback: PakFile 'F:/Programmes/EpicGames/UE_4.27/FeaturePacks/TP_SideScroller.upack' (chunk index -1, root 'root:/') mounted
[2022.11.10-12.26.14:723][  0]LogShaderLibrary: Display: ShaderCodeLibraryPakFileMountedCallback: pending pak file info (ChunkID:-1 Root:root:/ File:F:/Programmes/EpicGames/UE_4.27/FeaturePacks/TP_SideScroller.upack)
[2022.11.10-12.26.14:723][  0]LogPakFile: OnPakFileMounted2Time == 0.000017
[2022.11.10-12.26.14:723][  0]LogPakFile: PakFile PrimaryIndexSize=190
[2022.11.10-12.26.14:723][  0]LogPakFile: PakFile PathHashIndexSize=101
[2022.11.10-12.26.14:723][  0]LogPakFile: PakFile FullDirectoryIndexSize=154
[2022.11.10-12.26.14:723][  0]LogShaderLibrary: Display: ShaderCodeLibraryPakFileMountedCallback: PakFile 'F:/Programmes/EpicGames/UE_4.27/FeaturePacks/TP_SideScrollerBP.upack' (chunk index -1, root 'root:/') mounted
[2022.11.10-12.26.14:723][  0]LogShaderLibrary: Display: ShaderCodeLibraryPakFileMountedCallback: pending pak file info (ChunkID:-1 Root:root:/ File:F:/Programmes/EpicGames/UE_4.27/FeaturePacks/TP_SideScrollerBP.upack)
[2022.11.10-12.26.14:723][  0]LogPakFile: OnPakFileMounted2Time == 0.000017
[2022.11.10-12.26.14:724][  0]LogPakFile: PakFile PrimaryIndexSize=187
[2022.11.10-12.26.14:724][  0]LogPakFile: PakFile PathHashIndexSize=101
[2022.11.10-12.26.14:724][  0]LogPakFile: PakFile FullDirectoryIndexSize=148
[2022.11.10-12.26.14:724][  0]LogShaderLibrary: Display: ShaderCodeLibraryPakFileMountedCallback: PakFile 'F:/Programmes/EpicGames/UE_4.27/FeaturePacks/TP_ThirdPerson.upack' (chunk index -1, root 'root:/') mounted
[2022.11.10-12.26.14:724][  0]LogShaderLibrary: Display: ShaderCodeLibraryPakFileMountedCallback: pending pak file info (ChunkID:-1 Root:root:/ File:F:/Programmes/EpicGames/UE_4.27/FeaturePacks/TP_ThirdPerson.upack)
[2022.11.10-12.26.14:724][  0]LogPakFile: OnPakFileMounted2Time == 0.000021
[2022.11.10-12.26.14:724][  0]LogPakFile: PakFile PrimaryIndexSize=189
[2022.11.10-12.26.14:724][  0]LogPakFile: PakFile PathHashIndexSize=101
[2022.11.10-12.26.14:724][  0]LogPakFile: PakFile FullDirectoryIndexSize=152
[2022.11.10-12.26.14:724][  0]LogShaderLibrary: Display: ShaderCodeLibraryPakFileMountedCallback: PakFile 'F:/Programmes/EpicGames/UE_4.27/FeaturePacks/TP_ThirdPersonBP.upack' (chunk index -1, root 'root:/') mounted
[2022.11.10-12.26.14:724][  0]LogShaderLibrary: Display: ShaderCodeLibraryPakFileMountedCallback: pending pak file info (ChunkID:-1 Root:root:/ File:F:/Programmes/EpicGames/UE_4.27/FeaturePacks/TP_ThirdPersonBP.upack)
[2022.11.10-12.26.14:724][  0]LogPakFile: OnPakFileMounted2Time == 0.000018
[2022.11.10-12.26.14:724][  0]LogPakFile: PakFile PrimaryIndexSize=183
[2022.11.10-12.26.14:724][  0]LogPakFile: PakFile PathHashIndexSize=101
[2022.11.10-12.26.14:724][  0]LogPakFile: PakFile FullDirectoryIndexSize=140
[2022.11.10-12.26.14:724][  0]LogShaderLibrary: Display: ShaderCodeLibraryPakFileMountedCallback: PakFile 'F:/Programmes/EpicGames/UE_4.27/FeaturePacks/TP_TopDown.upack' (chunk index -1, root 'root:/') mounted
[2022.11.10-12.26.14:724][  0]LogShaderLibrary: Display: ShaderCodeLibraryPakFileMountedCallback: pending pak file info (ChunkID:-1 Root:root:/ File:F:/Programmes/EpicGames/UE_4.27/FeaturePacks/TP_TopDown.upack)
[2022.11.10-12.26.14:724][  0]LogPakFile: OnPakFileMounted2Time == 0.000023
[2022.11.10-12.26.14:724][  0]LogPakFile: PakFile PrimaryIndexSize=185
[2022.11.10-12.26.14:724][  0]LogPakFile: PakFile PathHashIndexSize=101
[2022.11.10-12.26.14:724][  0]LogPakFile: PakFile FullDirectoryIndexSize=144
[2022.11.10-12.26.14:724][  0]LogShaderLibrary: Display: ShaderCodeLibraryPakFileMountedCallback: PakFile 'F:/Programmes/EpicGames/UE_4.27/FeaturePacks/TP_TopDownBP.upack' (chunk index -1, root 'root:/') mounted
[2022.11.10-12.26.14:724][  0]LogShaderLibrary: Display: ShaderCodeLibraryPakFileMountedCallback: pending pak file info (ChunkID:-1 Root:root:/ File:F:/Programmes/EpicGames/UE_4.27/FeaturePacks/TP_TopDownBP.upack)
[2022.11.10-12.26.14:724][  0]LogPakFile: OnPakFileMounted2Time == 0.000017
[2022.11.10-12.26.14:725][  0]LogPakFile: PakFile PrimaryIndexSize=185
[2022.11.10-12.26.14:725][  0]LogPakFile: PakFile PathHashIndexSize=101
[2022.11.10-12.26.14:725][  0]LogPakFile: PakFile FullDirectoryIndexSize=144
[2022.11.10-12.26.14:725][  0]LogShaderLibrary: Display: ShaderCodeLibraryPakFileMountedCallback: PakFile 'F:/Programmes/EpicGames/UE_4.27/FeaturePacks/TP_TwinStick.upack' (chunk index -1, root 'root:/') mounted
[2022.11.10-12.26.14:725][  0]LogShaderLibrary: Display: ShaderCodeLibraryPakFileMountedCallback: pending pak file info (ChunkID:-1 Root:root:/ File:F:/Programmes/EpicGames/UE_4.27/FeaturePacks/TP_TwinStick.upack)
[2022.11.10-12.26.14:725][  0]LogPakFile: OnPakFileMounted2Time == 0.000017
[2022.11.10-12.26.14:725][  0]LogPakFile: PakFile PrimaryIndexSize=187
[2022.11.10-12.26.14:725][  0]LogPakFile: PakFile PathHashIndexSize=101
[2022.11.10-12.26.14:725][  0]LogPakFile: PakFile FullDirectoryIndexSize=148
[2022.11.10-12.26.14:725][  0]LogShaderLibrary: Display: ShaderCodeLibraryPakFileMountedCallback: PakFile 'F:/Programmes/EpicGames/UE_4.27/FeaturePacks/TP_TwinStickBP.upack' (chunk index -1, root 'root:/') mounted
[2022.11.10-12.26.14:725][  0]LogShaderLibrary: Display: ShaderCodeLibraryPakFileMountedCallback: pending pak file info (ChunkID:-1 Root:root:/ File:F:/Programmes/EpicGames/UE_4.27/FeaturePacks/TP_TwinStickBP.upack)
[2022.11.10-12.26.14:725][  0]LogPakFile: OnPakFileMounted2Time == 0.000017
[2022.11.10-12.26.14:725][  0]LogPakFile: PakFile PrimaryIndexSize=183
[2022.11.10-12.26.14:725][  0]LogPakFile: PakFile PathHashIndexSize=101
[2022.11.10-12.26.14:725][  0]LogPakFile: PakFile FullDirectoryIndexSize=140
[2022.11.10-12.26.14:725][  0]LogShaderLibrary: Display: ShaderCodeLibraryPakFileMountedCallback: PakFile 'F:/Programmes/EpicGames/UE_4.27/FeaturePacks/TP_Vehicle.upack' (chunk index -1, root 'root:/') mounted
[2022.11.10-12.26.14:725][  0]LogShaderLibrary: Display: ShaderCodeLibraryPakFileMountedCallback: pending pak file info (ChunkID:-1 Root:root:/ File:F:/Programmes/EpicGames/UE_4.27/FeaturePacks/TP_Vehicle.upack)
[2022.11.10-12.26.14:725][  0]LogPakFile: OnPakFileMounted2Time == 0.000017
[2022.11.10-12.26.14:725][  0]LogPakFile: PakFile PrimaryIndexSize=186
[2022.11.10-12.26.14:725][  0]LogPakFile: PakFile PathHashIndexSize=101
[2022.11.10-12.26.14:725][  0]LogPakFile: PakFile FullDirectoryIndexSize=146
[2022.11.10-12.26.14:725][  0]LogShaderLibrary: Display: ShaderCodeLibraryPakFileMountedCallback: PakFile 'F:/Programmes/EpicGames/UE_4.27/FeaturePacks/TP_VehicleAdv.upack' (chunk index -1, root 'root:/') mounted
[2022.11.10-12.26.14:725][  0]LogShaderLibrary: Display: ShaderCodeLibraryPakFileMountedCallback: pending pak file info (ChunkID:-1 Root:root:/ File:F:/Programmes/EpicGames/UE_4.27/FeaturePacks/TP_VehicleAdv.upack)
[2022.11.10-12.26.14:725][  0]LogPakFile: OnPakFileMounted2Time == 0.000017
[2022.11.10-12.26.14:725][  0]LogPakFile: PakFile PrimaryIndexSize=188
[2022.11.10-12.26.14:725][  0]LogPakFile: PakFile PathHashIndexSize=101
[2022.11.10-12.26.14:725][  0]LogPakFile: PakFile FullDirectoryIndexSize=150
[2022.11.10-12.26.14:725][  0]LogShaderLibrary: Display: ShaderCodeLibraryPakFileMountedCallback: PakFile 'F:/Programmes/EpicGames/UE_4.27/FeaturePacks/TP_VehicleAdvBP.upack' (chunk index -1, root 'root:/') mounted
[2022.11.10-12.26.14:725][  0]LogShaderLibrary: Display: ShaderCodeLibraryPakFileMountedCallback: pending pak file info (ChunkID:-1 Root:root:/ File:F:/Programmes/EpicGames/UE_4.27/FeaturePacks/TP_VehicleAdvBP.upack)
[2022.11.10-12.26.14:725][  0]LogPakFile: OnPakFileMounted2Time == 0.000017
[2022.11.10-12.26.14:726][  0]LogPakFile: PakFile PrimaryIndexSize=185
[2022.11.10-12.26.14:726][  0]LogPakFile: PakFile PathHashIndexSize=101
[2022.11.10-12.26.14:726][  0]LogPakFile: PakFile FullDirectoryIndexSize=144
[2022.11.10-12.26.14:726][  0]LogShaderLibrary: Display: ShaderCodeLibraryPakFileMountedCallback: PakFile 'F:/Programmes/EpicGames/UE_4.27/FeaturePacks/TP_VehicleBP.upack' (chunk index -1, root 'root:/') mounted
[2022.11.10-12.26.14:726][  0]LogShaderLibrary: Display: ShaderCodeLibraryPakFileMountedCallback: pending pak file info (ChunkID:-1 Root:root:/ File:F:/Programmes/EpicGames/UE_4.27/FeaturePacks/TP_VehicleBP.upack)
[2022.11.10-12.26.14:726][  0]LogPakFile: OnPakFileMounted2Time == 0.000017
[2022.11.10-12.26.14:726][  0]LogPakFile: PakFile PrimaryIndexSize=192
[2022.11.10-12.26.14:726][  0]LogPakFile: PakFile PathHashIndexSize=101
[2022.11.10-12.26.14:726][  0]LogPakFile: PakFile FullDirectoryIndexSize=158
[2022.11.10-12.26.14:726][  0]LogShaderLibrary: Display: ShaderCodeLibraryPakFileMountedCallback: PakFile 'F:/Programmes/EpicGames/UE_4.27/FeaturePacks/TP_VirtualRealityBP.upack' (chunk index -1, root 'root:/') mounted
[2022.11.10-12.26.14:726][  0]LogShaderLibrary: Display: ShaderCodeLibraryPakFileMountedCallback: pending pak file info (ChunkID:-1 Root:root:/ File:F:/Programmes/EpicGames/UE_4.27/FeaturePacks/TP_VirtualRealityBP.upack)
[2022.11.10-12.26.14:726][  0]LogPakFile: OnPakFileMounted2Time == 0.000017
[2022.11.10-12.26.14:741][  0]LogNativeClassHierarchy: Verbose: Native class hierarchy updated for 'AddContentDialog' in 0.0002 seconds. Added 0 classes and 0 folders.
[2022.11.10-12.26.14:777][  0]LogSlate: Took 0.000083 seconds to synchronously load lazily loaded font '../../../Engine/Content/Slate/Fonts/Roboto-Regular.ttf' (155K)
[2022.11.10-12.26.14:777][  0]LogSlate: Took 0.000067 seconds to synchronously load lazily loaded font '../../../Engine/Content/Editor/Slate/Fonts/FontAwesome.ttf' (139K)
[2022.11.10-12.26.14:779][  0]LogSlate: Took 0.000075 seconds to synchronously load lazily loaded font '../../../Engine/Content/Slate/Fonts/Roboto-Bold.ttf' (160K)
[2022.11.10-12.26.14:819][  0]LogRenderer: Reallocating scene render targets to support 1020x512 Format 10 NumSamples 1 (Frame:1).
[2022.11.10-12.26.14:861][  0]LogNativeClassHierarchy: Verbose: Native class hierarchy updated for 'HierarchicalLODOutliner' in 0.0002 seconds. Added 0 classes and 0 folders.
[2022.11.10-12.26.14:861][  0]LogInput: Warning: Action Jump uses invalid key OculusGo_Left_Trigger_Click.
[2022.11.10-12.26.14:861][  0]LogInput: Warning: Use -RemoveInvalidKeys to remove instances of these keys from the action mapping.
[2022.11.10-12.26.14:861][  0]LogLoad: (Engine Initialization) Total time: 4.25 seconds
[2022.11.10-12.26.14:861][  0]LogLoad: (Engine Initialization) Total Blueprint compile time: 0.00 seconds
[2022.11.10-12.26.15:076][  0]LogAssetRegistry: Asset discovery search completed in 2.8352 seconds
[2022.11.10-12.26.15:079][  0]LogCollectionManager: Fixed up redirectors for 0 collections in 0.000003 seconds (updated 0 objects)
[2022.11.10-12.26.15:080][  0]LogContentStreaming: Texture pool size now 1000 MB
[2022.11.10-12.26.15:121][  1]LogRenderer: Reallocating scene render targets to support 1020x528 Format 10 NumSamples 1 (Frame:2).
[2022.11.10-12.26.15:140][  2]LogSlate: Took 0.000159 seconds to synchronously load lazily loaded font '../../../Engine/Content/Slate/Fonts/Roboto-Light.ttf' (167K)
